#
# A fatal error has been detected by the Java Runtime Environment:
#
#  EXCEPTION_ACCESS_VIOLATION (0xc0000005) at pc=0x00007ffeeb82383b, pid=5028, tid=5080
#
# JRE version: OpenJDK Runtime Environment Corretto-19.0.2.7.1 (19.0.2+7) (build 19.0.2+7-FR)
# Java VM: OpenJDK 64-Bit Server VM Corretto-19.0.2.7.1 (19.0.2+7-FR, mixed mode, sharing, tiered, compressed oops, compressed class ptrs, g1 gc, windows-amd64)
# Problematic frame:
# V  [jvm.dll+0x20383b]
#
# No core dump will be written. Minidumps are not enabled by default on client versions of Windows
#
# If you would like to submit a bug report, please visit:
#   https://github.com/corretto/corretto-19/issues/
#

---------------  S U M M A R Y ------------

Command Line: --add-opens=java.base/java.util=ALL-UNNAMED --add-opens=java.base/java.lang=ALL-UNNAMED --add-opens=java.base/java.lang.invoke=ALL-UNNAMED --add-opens=java.prefs/java.util.prefs=ALL-UNNAMED --add-opens=java.base/java.nio.charset=ALL-UNNAMED --add-opens=java.base/java.net=ALL-UNNAMED --add-opens=java.base/java.util.concurrent.atomic=ALL-UNNAMED -XX:MaxMetaspaceSize=384m -XX:+HeapDumpOnOutOfMemoryError -Xms256m -Xmx512m -Dfile.encoding=windows-1251 -Duser.country=US -Duser.language=en -Duser.variant -javaagent:E:\Users\toniw\.gradle\wrapper\dists\gradle-8.4-bin\1w5dpkrfk8irigvoxmyhowfim\gradle-8.4\lib\agents\gradle-instrumentation-agent-8.4.jar org.gradle.launcher.daemon.bootstrap.GradleDaemon 8.4

Host: AMD Athlon(tm) 64 X2 Dual Core Processor 4600+, 2 cores, 5G,  Windows 11 , 64 bit Build 22621 (10.0.22621.3235)
Time: Sun Mar 24 16:15:53 2024 Russia TZ 2 Standard Time elapsed time: 11651.653743 seconds (0d 3h 14m 11s)

---------------  T H R E A D  ---------------

Current thread (0x000002cea342ec70):  JavaThread "C1 CompilerThread0" daemon [_thread_in_vm, id=5080, stack(0x000000f3a9b00000,0x000000f3a9c00000)]


Current CompileTask:
C1:11651653 30417       3       org.gradle.api.internal.DefaultNamedDomainObjectSet::withType (10 bytes)

Stack: [0x000000f3a9b00000,0x000000f3a9c00000],  sp=0x000000f3a9bfdc90,  free space=1015k
Native frames: (J=compiled Java code, j=interpreted, Vv=VM code, C=native code)
V  [jvm.dll+0x20383b]
V  [jvm.dll+0x202860]
V  [jvm.dll+0x1fd689]
V  [jvm.dll+0x1fd7d6]
V  [jvm.dll+0x16fd01]
V  [jvm.dll+0x16fb45]
V  [jvm.dll+0x166854]
V  [jvm.dll+0x168b89]
V  [jvm.dll+0x167015]
V  [jvm.dll+0x1706be]
V  [jvm.dll+0x16fb45]
V  [jvm.dll+0x166854]
V  [jvm.dll+0x168b89]
V  [jvm.dll+0x167015]
V  [jvm.dll+0x1706be]
V  [jvm.dll+0x16fb45]
V  [jvm.dll+0x166854]
V  [jvm.dll+0x168b89]
V  [jvm.dll+0x1608a7]
V  [jvm.dll+0x1718d5]
V  [jvm.dll+0x171749]
V  [jvm.dll+0x15bef2]
V  [jvm.dll+0x15c263]
V  [jvm.dll+0x15c547]
V  [jvm.dll+0x15b87f]
V  [jvm.dll+0x15d686]
V  [jvm.dll+0x25558a]
V  [jvm.dll+0x2538d7]
V  [jvm.dll+0x8342bd]
V  [jvm.dll+0x82e2fa]
V  [jvm.dll+0x6cf0d3]
C  [ucrtbase.dll+0x29363]
C  [KERNEL32.DLL+0x1257d]
C  [ntdll.dll+0x5aa58]


siginfo: EXCEPTION_ACCESS_VIOLATION (0xc0000005), reading address 0x0000000050000098


Registers:
RAX=0x000002ceb086d180, RBX=0x000002ceb8d615d0, RCX=0x000002ceb8d615e0, RDX=0x000002ceb8d615e0
RSP=0x000000f3a9bfdc90, RBP=0x0000000000000010, RSI=0x0000000000000002, RDI=0x0000000000000000
R8 =0x00007ffeebfae460, R9 =0x000002cea3428430, R10=0x0000000000000000, R11=0x000002cea61cb5c0
R12=0x000002cea33faa78, R13=0x0000000000000000, R14=0x0000000050000000, R15=0x000002ceb8d615e0
RIP=0x00007ffeeb82383b, EFLAGS=0x0000000000010206


Register to memory mapping:

RIP=0x00007ffeeb82383b jvm.dll
RAX=0x000002ceb086d180 is pointing into metadata
RBX=0x000002ceb8d615d0 points into unknown readable memory: 0x00007ffeebfae460 | 60 e4 fa eb fe 7f 00 00
RCX=0x000002ceb8d615e0 points into unknown readable memory: 0x00007ffeebfadcd0 | d0 dc fa eb fe 7f 00 00
RDX=0x000002ceb8d615e0 points into unknown readable memory: 0x00007ffeebfadcd0 | d0 dc fa eb fe 7f 00 00
RSP=0x000000f3a9bfdc90 is pointing into the stack for thread: 0x000002cea342ec70
RBP=0x0000000000000010 is an unknown value
RSI=0x0000000000000002 is an unknown value
RDI=0x0 is NULL
R8 =0x00007ffeebfae460 jvm.dll
R9 =0x000002cea3428430 points into unknown readable memory: 0x0000000000000007 | 07 00 00 00 00 00 00 00
R10=0x0 is NULL
R11={method} {0x000002cea61cb5c8} 'satisfyAll' '()Lorg/gradle/api/specs/Spec;' in 'org/gradle/api/specs/Specs'
R12=0x000002cea33faa78 points into unknown readable memory: 0x000002cea342e520 | 20 e5 42 a3 ce 02 00 00
R13=0x0 is NULL
R14=0x0000000050000000 is an unknown value
R15=0x000002ceb8d615e0 points into unknown readable memory: 0x00007ffeebfadcd0 | d0 dc fa eb fe 7f 00 00


Top of Stack: (sp=0x000000f3a9bfdc90)
0x000000f3a9bfdc90:   000002ceb8fd9fb0 000002ceb8fd9fb0
0x000000f3a9bfdca0:   000002cea61cb5c0 00007ffeebca928b
0x000000f3a9bfdcb0:   000002ceb8d615d0 000002ceb8d615e0
0x000000f3a9bfdcc0:   000002ceb8d615b0 000002ceb9a90b28
0x000000f3a9bfdcd0:   0000000000000000 00007ffeeb822860
0x000000f3a9bfdce0:   000002cea3428430 000002ceb086d068
0x000000f3a9bfdcf0:   000002ceb8d5bc60 00007ffeeb82586d
0x000000f3a9bfdd00:   0000000000000000 000002cea342e548
0x000000f3a9bfdd10:   0000000000000000 0000000000000000
0x000000f3a9bfdd20:   0000000000000000 000002cea342ec70
0x000000f3a9bfdd30:   000002ceb9a908e0 00007ffeeb81d689
0x000000f3a9bfdd40:   0000000000000000 00000000000083b0
0x000000f3a9bfdd50:   000002ceb8d63c48 000000f3a9bfdda0
0x000000f3a9bfdd60:   0000000000000000 00007ffeeb81d7d6
0x000000f3a9bfdd70:   000002cea342ec70 000002cea342e548
0x000000f3a9bfdd80:   000002ceb9a908e0 00007ffeeb786fb3 

Instructions: (pc=0x00007ffeeb82383b)
0x00007ffeeb82373b:   30 48 8b 74 24 38 48 83 c4 20 5f c3 cc cc cc cc
0x00007ffeeb82374b:   cc cc cc cc cc 40 53 48 83 ec 20 48 8b d9 48 f7
0x00007ffeeb82375b:   c1 fe ff ff ff 74 4b 0f b6 c3 d0 e8 a8 01 75 42
0x00007ffeeb82376b:   48 8b d1 48 83 e2 fc 74 39 8b 0d 92 19 a3 00 65
0x00007ffeeb82377b:   48 8b 04 25 58 00 00 00 41 b8 28 00 00 00 48 8b
0x00007ffeeb82378b:   04 c8 4a 8b 0c 00 48 8b 89 38 05 00 00 48 8b 49
0x00007ffeeb82379b:   38 e8 3f 20 00 00 83 e3 03 48 0b c3 48 83 c4 20
0x00007ffeeb8237ab:   5b c3 83 e3 03 8b c3 48 83 c4 20 5b c3 cc cc cc
0x00007ffeeb8237bb:   cc cc cc cc cc 40 53 57 41 55 41 57 48 83 ec 28
0x00007ffeeb8237cb:   45 33 ed 4c 8b fa 44 39 2d 68 0f 98 00 48 8b d9
0x00007ffeeb8237db:   41 8b fd 0f 86 f8 00 00 00 8b 0d 22 19 a3 00 65
0x00007ffeeb8237eb:   48 8b 04 25 58 00 00 00 48 89 6c 24 50 48 89 74
0x00007ffeeb8237fb:   24 58 41 8d 75 02 4c 89 64 24 60 4c 8d 24 c8 4c
0x00007ffeeb82380b:   89 74 24 20 90 49 8b 07 49 8b cf ff 50 20 84 c0
0x00007ffeeb82381b:   49 8b cd 48 63 c6 49 0f 45 cf 48 8d 2c c5 00 00
0x00007ffeeb82382b:   00 00 48 8b 41 08 4c 8b 74 28 08 4d 85 f6 74 73
0x00007ffeeb82383b:   49 8b 8e 98 00 00 00 e8 19 19 02 00 84 c0 74 2b
0x00007ffeeb82384b:   49 8b 04 24 49 8b d6 b9 28 00 00 00 48 8b 0c 01
0x00007ffeeb82385b:   48 8b 89 38 05 00 00 48 8b 49 38 e8 75 1f 00 00
0x00007ffeeb82386b:   48 8b 4b 08 48 89 44 29 08 eb 41 48 8b 43 08 4c
0x00007ffeeb82387b:   89 68 08 48 63 c7 48 8d 0c 00 48 8b 43 08 4c 89
0x00007ffeeb82388b:   6c c8 18 48 8b 43 08 4c 89 6c c8 20 48 8b cb 48
0x00007ffeeb82389b:   8b 03 ff 50 28 84 c0 75 13 48 8b 43 08 4c 89 68
0x00007ffeeb8238ab:   10 eb 09 48 8b 43 08 4c 89 6c 28 08 ff c7 83 c6
0x00007ffeeb8238bb:   02 3b 3d 7e 0e 98 00 0f 82 48 ff ff ff 4c 8b 74
0x00007ffeeb8238cb:   24 20 4c 8b 64 24 60 48 8b 74 24 58 48 8b 6c 24
0x00007ffeeb8238db:   50 48 83 c4 28 41 5f 41 5d 5f 5b c3 cc cc cc cc
0x00007ffeeb8238eb:   cc cc cc cc cc 48 89 5c 24 08 57 48 83 ec 20 4c
0x00007ffeeb8238fb:   63 42 08 48 8b f9 48 8b 02 48 8b 50 08 4a 8b 5c
0x00007ffeeb82390b:   c2 08 48 8b cb 48 83 e1 fc 74 2e 48 8b 89 98 00
0x00007ffeeb82391b:   00 00 e8 3e 18 02 00 84 c0 75 1e 48 8b 07 83 e3
0x00007ffeeb82392b:   03 48 63 57 08 48 8b 48 08 48 89 5c d1 08 48 8b 


Stack slot to memory mapping:
stack at sp + 0 slots: 0x000002ceb8fd9fb0 points into unknown readable memory: 0x000000f3a9bff498 | 98 f4 bf a9 f3 00 00 00
stack at sp + 1 slots: 0x000002ceb8fd9fb0 points into unknown readable memory: 0x000000f3a9bff498 | 98 f4 bf a9 f3 00 00 00
stack at sp + 2 slots: {method} {0x000002cea61cb5c8} 'satisfyAll' '()Lorg/gradle/api/specs/Spec;' in 'org/gradle/api/specs/Specs'
stack at sp + 3 slots: 0x00007ffeebca928b jvm.dll
stack at sp + 4 slots: 0x000002ceb8d615d0 points into unknown readable memory: 0x00007ffeebfae460 | 60 e4 fa eb fe 7f 00 00
stack at sp + 5 slots: 0x000002ceb8d615e0 points into unknown readable memory: 0x00007ffeebfadcd0 | d0 dc fa eb fe 7f 00 00
stack at sp + 6 slots: 0x000002ceb8d615b0 points into unknown readable memory: 0x00007ffeebfae280 | 80 e2 fa eb fe 7f 00 00
stack at sp + 7 slots: 0x000002ceb9a90b28 points into unknown readable memory: 0x00007ffeebfae960 | 60 e9 fa eb fe 7f 00 00


---------------  P R O C E S S  ---------------

Threads class SMR info:
_java_thread_list=0x000002ceba558390, length=48, elements={
0x000002ce86f5b9b0, 0x000002cea3420ea0, 0x000002cea3421b90, 0x000002cea3422980,
0x000002cea34244c0, 0x000002cea34275a0, 0x000002cea3429ee0, 0x000002cea342ab40,
0x000002cea342ec70, 0x000002cea34320f0, 0x000002cea78d8ec0, 0x000002cea7a4ff10,
0x000002cea8ed8bc0, 0x000002cea7955bf0, 0x000002cea89012c0, 0x000002cea92bae90,
0x000002cea92bde60, 0x000002cea92bd3c0, 0x000002cea92bd910, 0x000002cea92bb930,
0x000002cea9ac5b20, 0x000002cea9abe0f0, 0x000002cea9ac0620, 0x000002cea9ac0b70,
0x000002cea9ac3b40, 0x000002cea9ac00d0, 0x000002cea9ac2b50, 0x000002ceb9ae0ad0,
0x000002ceb9ae1ac0, 0x000002ceb92aa050, 0x000002ceb92aeab0, 0x000002ceb92ab040,
0x000002ceb92acad0, 0x000002ceb92ae560, 0x000002ceb92ab590, 0x000002ceb92ad020,
0x000002ceb92a9b00, 0x000002ceb92af000, 0x000002ceb92abae0, 0x000002ceb92ac580,
0x000002ceb92ad570, 0x000002ceb92aa5a0, 0x000002ceb92afff0, 0x000002ceb92adac0,
0x000002ceb92ae010, 0x000002ceb92af550, 0x000002ceb92afaa0, 0x000002ceb92b0540
}

Java Threads: ( => current thread )
  0x000002ce86f5b9b0 JavaThread "main" [_thread_blocked, id=4636, stack(0x000000f3a8d00000,0x000000f3a8e00000)]
  0x000002cea3420ea0 JavaThread "Reference Handler" daemon [_thread_blocked, id=4208, stack(0x000000f3a9400000,0x000000f3a9500000)]
  0x000002cea3421b90 JavaThread "Finalizer" daemon [_thread_blocked, id=7152, stack(0x000000f3a9500000,0x000000f3a9600000)]
  0x000002cea3422980 JavaThread "Signal Dispatcher" daemon [_thread_blocked, id=6644, stack(0x000000f3a9600000,0x000000f3a9700000)]
  0x000002cea34244c0 JavaThread "Attach Listener" daemon [_thread_blocked, id=9284, stack(0x000000f3a9700000,0x000000f3a9800000)]
  0x000002cea34275a0 JavaThread "Service Thread" daemon [_thread_blocked, id=3964, stack(0x000000f3a9800000,0x000000f3a9900000)]
  0x000002cea3429ee0 JavaThread "Monitor Deflation Thread" daemon [_thread_blocked, id=2952, stack(0x000000f3a9900000,0x000000f3a9a00000)]
  0x000002cea342ab40 JavaThread "C2 CompilerThread0" daemon [_thread_in_native, id=6344, stack(0x000000f3a9a00000,0x000000f3a9b00000)]
=>0x000002cea342ec70 JavaThread "C1 CompilerThread0" daemon [_thread_in_vm, id=5080, stack(0x000000f3a9b00000,0x000000f3a9c00000)]
  0x000002cea34320f0 JavaThread "Sweeper thread" daemon [_thread_blocked, id=7648, stack(0x000000f3a9c00000,0x000000f3a9d00000)]
  0x000002cea78d8ec0 JavaThread "Common-Cleaner" daemon [_thread_blocked, id=9464, stack(0x000000f3a9d00000,0x000000f3a9e00000)]
  0x000002cea7a4ff10 JavaThread "Notification Thread" daemon [_thread_blocked, id=6000, stack(0x000000f3a9e00000,0x000000f3a9f00000)]
  0x000002cea8ed8bc0 JavaThread "Daemon health stats" [_thread_blocked, id=8584, stack(0x000000f3aa100000,0x000000f3aa200000)]
  0x000002cea7955bf0 JavaThread "Incoming local TCP Connector on port 62746" [_thread_in_native, id=8204, stack(0x000000f3aa200000,0x000000f3aa300000)]
  0x000002cea89012c0 JavaThread "Daemon periodic checks" [_thread_blocked, id=6508, stack(0x000000f3aa300000,0x000000f3aa400000)]
  0x000002cea92bae90 JavaThread "Cache worker for journal cache (E:\Users\toniw\.gradle\caches\journal-1)" [_thread_blocked, id=7628, stack(0x000000f3aab00000,0x000000f3aac00000)]
  0x000002cea92bde60 JavaThread "File lock request listener" [_thread_in_native, id=9960, stack(0x000000f3aac00000,0x000000f3aad00000)]
  0x000002cea92bd3c0 JavaThread "Cache worker for file hash cache (E:\Users\toniw\.gradle\caches\8.4\fileHashes)" [_thread_blocked, id=6036, stack(0x000000f3aad00000,0x000000f3aae00000)]
  0x000002cea92bd910 JavaThread "File watcher server" daemon [_thread_in_native, id=3356, stack(0x000000f3aae00000,0x000000f3aaf00000)]
  0x000002cea92bb930 JavaThread "File watcher consumer" daemon [_thread_blocked, id=9448, stack(0x000000f3aaf00000,0x000000f3ab000000)]
  0x000002cea9ac5b20 JavaThread "Cache worker for file content cache (E:\Users\toniw\.gradle\caches\8.4\fileContent)" [_thread_blocked, id=1052, stack(0x000000f3ab300000,0x000000f3ab400000)]
  0x000002cea9abe0f0 JavaThread "Cache worker for execution history cache (E:\Users\toniw\.gradle\caches\8.4\executionHistory)" [_thread_blocked, id=7484, stack(0x000000f3ab500000,0x000000f3ab600000)]
  0x000002cea9ac0620 JavaThread "jar transforms" [_thread_blocked, id=8264, stack(0x000000f3ab600000,0x000000f3ab700000)]
  0x000002cea9ac0b70 JavaThread "jar transforms Thread 2" [_thread_blocked, id=2340, stack(0x000000f3ab700000,0x000000f3ab800000)]
  0x000002cea9ac3b40 JavaThread "Cache worker for kotlin-dsl (E:\Users\toniw\.gradle\caches\8.4\kotlin-dsl)" [_thread_blocked, id=8356, stack(0x000000f3ab800000,0x000000f3ab900000)]
  0x000002cea9ac00d0 JavaThread "Memory manager" [_thread_blocked, id=5672, stack(0x000000f3abb00000,0x000000f3abc00000)]
  0x000002cea9ac2b50 JavaThread "Cache worker for Java compile cache (E:\Users\toniw\.gradle\caches\8.4\javaCompile)" [_thread_blocked, id=5384, stack(0x000000f3ac100000,0x000000f3ac200000)]
  0x000002ceb9ae0ad0 JavaThread "Daemon Thread 50" [_thread_blocked, id=10048, stack(0x000000f3a8b00000,0x000000f3a8c00000)]
  0x000002ceb9ae1ac0 JavaThread "Daemon worker Thread 23" [_thread_blocked, id=8000, stack(0x000000f3aa500000,0x000000f3aa600000)]
  0x000002ceb92aa050 JavaThread "included builds" [_thread_blocked, id=3400, stack(0x000000f3ab900000,0x000000f3aba00000)]
  0x000002ceb92aeab0 JavaThread "Exec process Thread 89" [_thread_blocked, id=5312, stack(0x000000f3abf00000,0x000000f3ac000000)]
  0x000002ceb92ab040 JavaThread "Exec process Thread 90" [_thread_blocked, id=1140, stack(0x000000f3ac200000,0x000000f3ac300000)]
  0x000002ceb92acad0 JavaThread "Exec process Thread 91" [_thread_blocked, id=11180, stack(0x000000f3ac300000,0x000000f3ac400000)]
  0x000002ceb92ae560 JavaThread "Exec process Thread 92" [_thread_blocked, id=10456, stack(0x000000f3ac400000,0x000000f3ac500000)]
  0x000002ceb92ab590 JavaThread "Daemon Thread 51" [_thread_blocked, id=10280, stack(0x000000f3aa400000,0x000000f3aa500000)]
  0x000002ceb92ad020 JavaThread "Handler for socket connection from /127.0.0.1:62746 to /127.0.0.1:60443" [_thread_in_native, id=11176, stack(0x000000f3aa600000,0x000000f3aa700000)]
  0x000002ceb92a9b00 JavaThread "Cancel handler" [_thread_blocked, id=8648, stack(0x000000f3a8c00000,0x000000f3a8d00000)]
  0x000002ceb92af000 JavaThread "Asynchronous log dispatcher for DefaultDaemonConnection: socket connection from /127.0.0.1:62746 to /127.0.0.1:60443" [_thread_blocked, id=2008, stack(0x000000f3aa700000,0x000000f3aa800000)]
  0x000002ceb92abae0 JavaThread "Stdin handler" [_thread_blocked, id=9516, stack(0x000000f3aa800000,0x000000f3aa900000)]
  0x000002ceb92ac580 JavaThread "Daemon client event forwarder" [_thread_blocked, id=3184, stack(0x000000f3aa900000,0x000000f3aaa00000)]
  0x000002ceb92ad570 JavaThread "Cache worker for checksums cache (D:\JavaProjects\Terrain\.gradle\8.4\checksums)" [_thread_blocked, id=2312, stack(0x000000f3aaa00000,0x000000f3aab00000)]
  0x000002ceb92aa5a0 JavaThread "Cache worker for file hash cache (D:\JavaProjects\Terrain\.gradle\8.4\fileHashes)" [_thread_blocked, id=9944, stack(0x000000f3ab000000,0x000000f3ab100000)]
  0x000002ceb92afff0 JavaThread "Cache worker for cache directory md-supplier (E:\Users\toniw\.gradle\caches\8.4\md-supplier)" [_thread_blocked, id=10376, stack(0x000000f3ab100000,0x000000f3ab200000)]
  0x000002ceb92adac0 JavaThread "Cache worker for cache directory md-rule (E:\Users\toniw\.gradle\caches\8.4\md-rule)" [_thread_blocked, id=4000, stack(0x000000f3ab200000,0x000000f3ab300000)]
  0x000002ceb92ae010 JavaThread "Cache worker for dependencies-accessors (D:\JavaProjects\Terrain\.gradle\8.4\dependencies-accessors)" [_thread_blocked, id=10512, stack(0x000000f3ab400000,0x000000f3ab500000)]
  0x000002ceb92af550 JavaThread "Cache worker for Build Output Cleanup Cache (D:\JavaProjects\Terrain\.gradle\buildOutputCleanup)" [_thread_blocked, id=11132, stack(0x000000f3aba00000,0x000000f3abb00000)]
  0x000002ceb92afaa0 JavaThread "included builds" [_thread_in_Java, id=8904, stack(0x000000f3abc00000,0x000000f3abd00000)]
  0x000002ceb92b0540 JavaThread "Execution worker" [_thread_new, id=8932, stack(0x0000000000000000,0x0000000000000000)]

Other Threads:
  0x000002cea34087e0 VMThread "VM Thread" [stack: 0x000000f3a9300000,0x000000f3a9400000] [id=9344] _threads_hazard_ptr=0x000002ceba558390
  0x000002cea7a74bb0 WatcherThread "VM Periodic Task Thread" [stack: 0x000000f3a9f00000,0x000000f3aa000000] [id=10172]
  0x000002ce86f8c190 WorkerThread "GC Thread#0" [stack: 0x000000f3a8e00000,0x000000f3a8f00000] [id=9184]
  0x000002cea7d140d0 WorkerThread "GC Thread#1" [stack: 0x000000f3aa000000,0x000000f3aa100000] [id=2344]
  0x000002ce86f910f0 ConcurrentGCThread "G1 Main Marker" [stack: 0x000000f3a8f00000,0x000000f3a9000000] [id=9168]
  0x000002ce86f91cc0 WorkerThread "G1 Conc#0" [stack: 0x000000f3a9000000,0x000000f3a9100000] [id=7780]
  0x000002ce8701e730 ConcurrentGCThread "G1 Refine#0" [stack: 0x000000f3a9100000,0x000000f3a9200000] [id=5744]
  0x000002cea32ca660 ConcurrentGCThread "G1 Service" [stack: 0x000000f3a9200000,0x000000f3a9300000] [id=2488]

Threads with active compile tasks:
C2 CompilerThread0  11651789 30410       4       org.gradle.internal.typeconversion.NotationConverterToNotationParserAdapter::parseNotation (41 bytes)
C1 CompilerThread0  11651789 30417       3       org.gradle.api.internal.DefaultNamedDomainObjectSet::withType (10 bytes)

VM state: synchronizing (normal execution)

VM Mutex/Monitor currently owned by a thread:  ([mutex/lock_event])
[0x000002ce86f58070] Threads_lock - owner thread: 0x000002cea34087e0

Heap address: 0x00000000e0000000, size: 512 MB, Compressed Oops mode: 32-bit

CDS archive(s) mapped at: [0x0000000800000000-0x0000000800c40000-0x0000000800c40000), size 12845056, SharedBaseAddress: 0x0000000800000000, ArchiveRelocationMode: 0.
Compressed class space mapped at: 0x0000000801000000-0x0000000814400000, reserved size: 322961408
Narrow klass base: 0x0000000800000000, Narrow klass shift: 0, Narrow klass range: 0x100000000

GC Precious Log:
 CardTable entry size: 512
 Card Set container configuration: InlinePtr #cards 5 size 8 Array Of Cards #cards 12 size 40 Howl #buckets 4 coarsen threshold 1843 Howl Bitmap #cards 512 size 80 coarsen threshold 460 Card regions per heap region 1 cards per card region 2048
 CPUs: 2 total, 2 available
 Memory: 6143M
 Large Page Support: Disabled
 NUMA Support: Disabled
 Compressed Oops: Enabled (32-bit)
 Heap Region Size: 1M
 Heap Min Capacity: 256M
 Heap Initial Capacity: 256M
 Heap Max Capacity: 512M
 Pre-touch: Disabled
 Parallel Workers: 2
 Concurrent Workers: 1
 Concurrent Refinement Workers: 2
 Periodic GC: Disabled

Heap:
 garbage-first heap   total 332800K, used 273231K [0x00000000e0000000, 0x0000000100000000)
  region size 1024K, 56 young (57344K), 1 survivors (1024K)
 Metaspace       used 157415K, committed 160512K, reserved 512000K
  class space    used 19367K, committed 20992K, reserved 315392K

Heap Regions: E=young(eden), S=young(survivor), O=old, HS=humongous(starts), HC=humongous(continues), CS=collection set, F=free, OA=open archive, CA=closed archive, TAMS=top-at-mark-start (previous, next)
|   0|0x00000000e0000000, 0x00000000e0100000, 0x00000000e0100000|100%| O|  |TAMS 0x00000000e0100000, 0x00000000e0000000| Untracked 
|   1|0x00000000e0100000, 0x00000000e0200000, 0x00000000e0200000|100%|HS|  |TAMS 0x00000000e0200000, 0x00000000e0100000| Complete 
|   2|0x00000000e0200000, 0x00000000e0300000, 0x00000000e0300000|100%|HC|  |TAMS 0x00000000e0300000, 0x00000000e0200000| Complete 
|   3|0x00000000e0300000, 0x00000000e0400000, 0x00000000e0400000|100%|HC|  |TAMS 0x00000000e0400000, 0x00000000e0300000| Complete 
|   4|0x00000000e0400000, 0x00000000e0500000, 0x00000000e0500000|100%|HC|  |TAMS 0x00000000e0500000, 0x00000000e0400000| Complete 
|   5|0x00000000e0500000, 0x00000000e0600000, 0x00000000e0600000|100%| O|  |TAMS 0x00000000e0600000, 0x00000000e0500000| Untracked 
|   6|0x00000000e0600000, 0x00000000e0700000, 0x00000000e0700000|100%| O|  |TAMS 0x00000000e0700000, 0x00000000e0600000| Untracked 
|   7|0x00000000e0700000, 0x00000000e0800000, 0x00000000e0800000|100%| O|  |TAMS 0x00000000e0800000, 0x00000000e0700000| Untracked 
|   8|0x00000000e0800000, 0x00000000e0900000, 0x00000000e0900000|100%| O|  |TAMS 0x00000000e0900000, 0x00000000e0800000| Untracked 
|   9|0x00000000e0900000, 0x00000000e0a00000, 0x00000000e0a00000|100%| O|  |TAMS 0x00000000e0a00000, 0x00000000e0900000| Untracked 
|  10|0x00000000e0a00000, 0x00000000e0b00000, 0x00000000e0b00000|100%| O|  |TAMS 0x00000000e0b00000, 0x00000000e0a00000| Untracked 
|  11|0x00000000e0b00000, 0x00000000e0c00000, 0x00000000e0c00000|100%| O|  |TAMS 0x00000000e0c00000, 0x00000000e0b00000| Untracked 
|  12|0x00000000e0c00000, 0x00000000e0d00000, 0x00000000e0d00000|100%| O|  |TAMS 0x00000000e0d00000, 0x00000000e0c00000| Untracked 
|  13|0x00000000e0d00000, 0x00000000e0e00000, 0x00000000e0e00000|100%| O|  |TAMS 0x00000000e0e00000, 0x00000000e0d00000| Untracked 
|  14|0x00000000e0e00000, 0x00000000e0f00000, 0x00000000e0f00000|100%| O|  |TAMS 0x00000000e0f00000, 0x00000000e0e00000| Untracked 
|  15|0x00000000e0f00000, 0x00000000e1000000, 0x00000000e1000000|100%| O|  |TAMS 0x00000000e1000000, 0x00000000e0f00000| Untracked 
|  16|0x00000000e1000000, 0x00000000e1100000, 0x00000000e1100000|100%| O|  |TAMS 0x00000000e1100000, 0x00000000e1000000| Untracked 
|  17|0x00000000e1100000, 0x00000000e1200000, 0x00000000e1200000|100%| O|  |TAMS 0x00000000e1200000, 0x00000000e1100000| Untracked 
|  18|0x00000000e1200000, 0x00000000e1300000, 0x00000000e1300000|100%| O|  |TAMS 0x00000000e1300000, 0x00000000e1200000| Untracked 
|  19|0x00000000e1300000, 0x00000000e1400000, 0x00000000e1400000|100%| O|  |TAMS 0x00000000e1400000, 0x00000000e1300000| Untracked 
|  20|0x00000000e1400000, 0x00000000e1500000, 0x00000000e1500000|100%| O|  |TAMS 0x00000000e1500000, 0x00000000e1400000| Untracked 
|  21|0x00000000e1500000, 0x00000000e1600000, 0x00000000e1600000|100%| O|  |TAMS 0x00000000e1600000, 0x00000000e1500000| Untracked 
|  22|0x00000000e1600000, 0x00000000e1700000, 0x00000000e1700000|100%| O|  |TAMS 0x00000000e1700000, 0x00000000e1600000| Untracked 
|  23|0x00000000e1700000, 0x00000000e1800000, 0x00000000e1800000|100%| O|  |TAMS 0x00000000e1800000, 0x00000000e1700000| Untracked 
|  24|0x00000000e1800000, 0x00000000e1900000, 0x00000000e1900000|100%| O|  |TAMS 0x00000000e1900000, 0x00000000e1800000| Untracked 
|  25|0x00000000e1900000, 0x00000000e1a00000, 0x00000000e1a00000|100%| O|  |TAMS 0x00000000e1a00000, 0x00000000e1900000| Untracked 
|  26|0x00000000e1a00000, 0x00000000e1b00000, 0x00000000e1b00000|100%| O|  |TAMS 0x00000000e1b00000, 0x00000000e1a00000| Untracked 
|  27|0x00000000e1b00000, 0x00000000e1c00000, 0x00000000e1c00000|100%| O|  |TAMS 0x00000000e1c00000, 0x00000000e1b00000| Untracked 
|  28|0x00000000e1c00000, 0x00000000e1d00000, 0x00000000e1d00000|100%| O|  |TAMS 0x00000000e1d00000, 0x00000000e1c00000| Untracked 
|  29|0x00000000e1d00000, 0x00000000e1e00000, 0x00000000e1e00000|100%| O|  |TAMS 0x00000000e1e00000, 0x00000000e1d00000| Untracked 
|  30|0x00000000e1e00000, 0x00000000e1f00000, 0x00000000e1f00000|100%| O|  |TAMS 0x00000000e1f00000, 0x00000000e1e00000| Untracked 
|  31|0x00000000e1f00000, 0x00000000e2000000, 0x00000000e2000000|100%| O|  |TAMS 0x00000000e2000000, 0x00000000e1f00000| Untracked 
|  32|0x00000000e2000000, 0x00000000e2100000, 0x00000000e2100000|100%| O|  |TAMS 0x00000000e2100000, 0x00000000e2000000| Untracked 
|  33|0x00000000e2100000, 0x00000000e2200000, 0x00000000e2200000|100%| O|  |TAMS 0x00000000e2200000, 0x00000000e2100000| Untracked 
|  34|0x00000000e2200000, 0x00000000e2300000, 0x00000000e2300000|100%| O|  |TAMS 0x00000000e2300000, 0x00000000e2200000| Untracked 
|  35|0x00000000e2300000, 0x00000000e2400000, 0x00000000e2400000|100%|HS|  |TAMS 0x00000000e2400000, 0x00000000e2300000| Complete 
|  36|0x00000000e2400000, 0x00000000e2500000, 0x00000000e2500000|100%|HC|  |TAMS 0x00000000e2500000, 0x00000000e2400000| Complete 
|  37|0x00000000e2500000, 0x00000000e2600000, 0x00000000e2600000|100%|HS|  |TAMS 0x00000000e2600000, 0x00000000e2500000| Complete 
|  38|0x00000000e2600000, 0x00000000e2700000, 0x00000000e2700000|100%|HC|  |TAMS 0x00000000e2700000, 0x00000000e2600000| Complete 
|  39|0x00000000e2700000, 0x00000000e2800000, 0x00000000e2800000|100%|HC|  |TAMS 0x00000000e2800000, 0x00000000e2700000| Complete 
|  40|0x00000000e2800000, 0x00000000e2900000, 0x00000000e2900000|100%|HS|  |TAMS 0x00000000e2900000, 0x00000000e2800000| Complete 
|  41|0x00000000e2900000, 0x00000000e2a00000, 0x00000000e2a00000|100%|HC|  |TAMS 0x00000000e2a00000, 0x00000000e2900000| Complete 
|  42|0x00000000e2a00000, 0x00000000e2b00000, 0x00000000e2b00000|100%|HC|  |TAMS 0x00000000e2b00000, 0x00000000e2a00000| Complete 
|  43|0x00000000e2b00000, 0x00000000e2c00000, 0x00000000e2c00000|100%|HS|  |TAMS 0x00000000e2c00000, 0x00000000e2b00000| Complete 
|  44|0x00000000e2c00000, 0x00000000e2d00000, 0x00000000e2d00000|100%|HC|  |TAMS 0x00000000e2d00000, 0x00000000e2c00000| Complete 
|  45|0x00000000e2d00000, 0x00000000e2e00000, 0x00000000e2e00000|100%|HC|  |TAMS 0x00000000e2e00000, 0x00000000e2d00000| Complete 
|  46|0x00000000e2e00000, 0x00000000e2f00000, 0x00000000e2f00000|100%|HS|  |TAMS 0x00000000e2f00000, 0x00000000e2e00000| Complete 
|  47|0x00000000e2f00000, 0x00000000e3000000, 0x00000000e3000000|100%|HC|  |TAMS 0x00000000e3000000, 0x00000000e2f00000| Complete 
|  48|0x00000000e3000000, 0x00000000e3100000, 0x00000000e3100000|100%|HC|  |TAMS 0x00000000e3100000, 0x00000000e3000000| Complete 
|  49|0x00000000e3100000, 0x00000000e3200000, 0x00000000e3200000|100%| O|  |TAMS 0x00000000e3200000, 0x00000000e3100000| Untracked 
|  50|0x00000000e3200000, 0x00000000e3300000, 0x00000000e3300000|100%| O|  |TAMS 0x00000000e3300000, 0x00000000e3200000| Untracked 
|  51|0x00000000e3300000, 0x00000000e3400000, 0x00000000e3400000|100%| O|  |TAMS 0x00000000e3400000, 0x00000000e3300000| Untracked 
|  52|0x00000000e3400000, 0x00000000e3500000, 0x00000000e3500000|100%| O|  |TAMS 0x00000000e3500000, 0x00000000e3400000| Untracked 
|  53|0x00000000e3500000, 0x00000000e3600000, 0x00000000e3600000|100%| O|  |TAMS 0x00000000e3600000, 0x00000000e3500000| Untracked 
|  54|0x00000000e3600000, 0x00000000e3700000, 0x00000000e3700000|100%| O|  |TAMS 0x00000000e3700000, 0x00000000e3600000| Untracked 
|  55|0x00000000e3700000, 0x00000000e3800000, 0x00000000e3800000|100%| O|  |TAMS 0x00000000e3800000, 0x00000000e3700000| Untracked 
|  56|0x00000000e3800000, 0x00000000e3900000, 0x00000000e3900000|100%| O|  |TAMS 0x00000000e3900000, 0x00000000e3800000| Untracked 
|  57|0x00000000e3900000, 0x00000000e3a00000, 0x00000000e3a00000|100%| O|  |TAMS 0x00000000e3a00000, 0x00000000e3900000| Untracked 
|  58|0x00000000e3a00000, 0x00000000e3b00000, 0x00000000e3b00000|100%| O|  |TAMS 0x00000000e3b00000, 0x00000000e3a00000| Untracked 
|  59|0x00000000e3b00000, 0x00000000e3c00000, 0x00000000e3c00000|100%| O|  |TAMS 0x00000000e3c00000, 0x00000000e3b00000| Untracked 
|  60|0x00000000e3c00000, 0x00000000e3d00000, 0x00000000e3d00000|100%| O|  |TAMS 0x00000000e3d00000, 0x00000000e3c00000| Untracked 
|  61|0x00000000e3d00000, 0x00000000e3e00000, 0x00000000e3e00000|100%| O|  |TAMS 0x00000000e3e00000, 0x00000000e3d00000| Untracked 
|  62|0x00000000e3e00000, 0x00000000e3f00000, 0x00000000e3f00000|100%| O|  |TAMS 0x00000000e3f00000, 0x00000000e3e00000| Untracked 
|  63|0x00000000e3f00000, 0x00000000e4000000, 0x00000000e4000000|100%| O|  |TAMS 0x00000000e4000000, 0x00000000e3f00000| Untracked 
|  64|0x00000000e4000000, 0x00000000e4100000, 0x00000000e4100000|100%| O|  |TAMS 0x00000000e4100000, 0x00000000e4000000| Untracked 
|  65|0x00000000e4100000, 0x00000000e4200000, 0x00000000e4200000|100%| O|  |TAMS 0x00000000e4200000, 0x00000000e4100000| Untracked 
|  66|0x00000000e4200000, 0x00000000e4300000, 0x00000000e4300000|100%| O|  |TAMS 0x00000000e4300000, 0x00000000e4200000| Untracked 
|  67|0x00000000e4300000, 0x00000000e4400000, 0x00000000e4400000|100%| O|  |TAMS 0x00000000e4400000, 0x00000000e4300000| Untracked 
|  68|0x00000000e4400000, 0x00000000e4500000, 0x00000000e4500000|100%| O|  |TAMS 0x00000000e4500000, 0x00000000e4400000| Untracked 
|  69|0x00000000e4500000, 0x00000000e4600000, 0x00000000e4600000|100%| O|  |TAMS 0x00000000e4600000, 0x00000000e4500000| Untracked 
|  70|0x00000000e4600000, 0x00000000e4700000, 0x00000000e4700000|100%| O|  |TAMS 0x00000000e4600000, 0x00000000e4600000| Untracked 
|  71|0x00000000e4700000, 0x00000000e4800000, 0x00000000e4800000|100%| O|  |TAMS 0x00000000e4800000, 0x00000000e4700000| Untracked 
|  72|0x00000000e4800000, 0x00000000e4900000, 0x00000000e4900000|100%| O|  |TAMS 0x00000000e4900000, 0x00000000e4800000| Untracked 
|  73|0x00000000e4900000, 0x00000000e4a00000, 0x00000000e4a00000|100%| O|  |TAMS 0x00000000e4a00000, 0x00000000e4900000| Untracked 
|  74|0x00000000e4a00000, 0x00000000e4b00000, 0x00000000e4b00000|100%| O|  |TAMS 0x00000000e4b00000, 0x00000000e4a00000| Untracked 
|  75|0x00000000e4b00000, 0x00000000e4c00000, 0x00000000e4c00000|100%| O|  |TAMS 0x00000000e4c00000, 0x00000000e4b00000| Untracked 
|  76|0x00000000e4c00000, 0x00000000e4d00000, 0x00000000e4d00000|100%| O|  |TAMS 0x00000000e4d00000, 0x00000000e4c00000| Untracked 
|  77|0x00000000e4d00000, 0x00000000e4e00000, 0x00000000e4e00000|100%| O|  |TAMS 0x00000000e4e00000, 0x00000000e4d00000| Untracked 
|  78|0x00000000e4e00000, 0x00000000e4f00000, 0x00000000e4f00000|100%| O|  |TAMS 0x00000000e4f00000, 0x00000000e4e00000| Untracked 
|  79|0x00000000e4f00000, 0x00000000e5000000, 0x00000000e5000000|100%| O|  |TAMS 0x00000000e5000000, 0x00000000e4f00000| Untracked 
|  80|0x00000000e5000000, 0x00000000e5100000, 0x00000000e5100000|100%| O|  |TAMS 0x00000000e5100000, 0x00000000e5000000| Untracked 
|  81|0x00000000e5100000, 0x00000000e5200000, 0x00000000e5200000|100%| O|  |TAMS 0x00000000e5200000, 0x00000000e5100000| Untracked 
|  82|0x00000000e5200000, 0x00000000e5300000, 0x00000000e5300000|100%| O|  |TAMS 0x00000000e5300000, 0x00000000e5200000| Untracked 
|  83|0x00000000e5300000, 0x00000000e5400000, 0x00000000e5400000|100%| O|  |TAMS 0x00000000e5400000, 0x00000000e5300000| Untracked 
|  84|0x00000000e5400000, 0x00000000e5500000, 0x00000000e5500000|100%| O|  |TAMS 0x00000000e5500000, 0x00000000e5400000| Untracked 
|  85|0x00000000e5500000, 0x00000000e5600000, 0x00000000e5600000|100%| O|  |TAMS 0x00000000e5600000, 0x00000000e5500000| Untracked 
|  86|0x00000000e5600000, 0x00000000e5700000, 0x00000000e5700000|100%| O|  |TAMS 0x00000000e5700000, 0x00000000e5600000| Untracked 
|  87|0x00000000e5700000, 0x00000000e5800000, 0x00000000e5800000|100%| O|  |TAMS 0x00000000e5800000, 0x00000000e5700000| Untracked 
|  88|0x00000000e5800000, 0x00000000e5900000, 0x00000000e5900000|100%| O|  |TAMS 0x00000000e5900000, 0x00000000e5800000| Untracked 
|  89|0x00000000e5900000, 0x00000000e5a00000, 0x00000000e5a00000|100%| O|  |TAMS 0x00000000e5a00000, 0x00000000e5900000| Untracked 
|  90|0x00000000e5a00000, 0x00000000e5b00000, 0x00000000e5b00000|100%| O|  |TAMS 0x00000000e5b00000, 0x00000000e5a00000| Untracked 
|  91|0x00000000e5b00000, 0x00000000e5c00000, 0x00000000e5c00000|100%| O|  |TAMS 0x00000000e5c00000, 0x00000000e5b00000| Untracked 
|  92|0x00000000e5c00000, 0x00000000e5d00000, 0x00000000e5d00000|100%| O|  |TAMS 0x00000000e5d00000, 0x00000000e5c00000| Untracked 
|  93|0x00000000e5d00000, 0x00000000e5e00000, 0x00000000e5e00000|100%| O|  |TAMS 0x00000000e5e00000, 0x00000000e5d00000| Untracked 
|  94|0x00000000e5e00000, 0x00000000e5f00000, 0x00000000e5f00000|100%| O|  |TAMS 0x00000000e5f00000, 0x00000000e5e00000| Untracked 
|  95|0x00000000e5f00000, 0x00000000e6000000, 0x00000000e6000000|100%| O|  |TAMS 0x00000000e6000000, 0x00000000e5f00000| Untracked 
|  96|0x00000000e6000000, 0x00000000e6100000, 0x00000000e6100000|100%| O|  |TAMS 0x00000000e6100000, 0x00000000e6000000| Untracked 
|  97|0x00000000e6100000, 0x00000000e6200000, 0x00000000e6200000|100%| O|  |TAMS 0x00000000e6200000, 0x00000000e6100000| Untracked 
|  98|0x00000000e6200000, 0x00000000e6300000, 0x00000000e6300000|100%| O|  |TAMS 0x00000000e6300000, 0x00000000e6200000| Untracked 
|  99|0x00000000e6300000, 0x00000000e6400000, 0x00000000e6400000|100%| O|  |TAMS 0x00000000e6400000, 0x00000000e6300000| Untracked 
| 100|0x00000000e6400000, 0x00000000e6500000, 0x00000000e6500000|100%| O|  |TAMS 0x00000000e6500000, 0x00000000e6400000| Untracked 
| 101|0x00000000e6500000, 0x00000000e6600000, 0x00000000e6600000|100%| O|  |TAMS 0x00000000e6600000, 0x00000000e6500000| Untracked 
| 102|0x00000000e6600000, 0x00000000e6700000, 0x00000000e6700000|100%| O|  |TAMS 0x00000000e6600000, 0x00000000e6600000| Untracked 
| 103|0x00000000e6700000, 0x00000000e6800000, 0x00000000e6800000|100%| O|  |TAMS 0x00000000e6700000, 0x00000000e6700000| Untracked 
| 104|0x00000000e6800000, 0x00000000e6900000, 0x00000000e6900000|100%| O|  |TAMS 0x00000000e6840600, 0x00000000e6800000| Untracked 
| 105|0x00000000e6900000, 0x00000000e6a00000, 0x00000000e6a00000|100%| O|  |TAMS 0x00000000e6900000, 0x00000000e6900000| Untracked 
| 106|0x00000000e6a00000, 0x00000000e6b00000, 0x00000000e6b00000|100%| O|  |TAMS 0x00000000e6b00000, 0x00000000e6a00000| Untracked 
| 107|0x00000000e6b00000, 0x00000000e6c00000, 0x00000000e6c00000|100%| O|  |TAMS 0x00000000e6b00000, 0x00000000e6b00000| Untracked 
| 108|0x00000000e6c00000, 0x00000000e6d00000, 0x00000000e6d00000|100%| O|  |TAMS 0x00000000e6c00000, 0x00000000e6c00000| Untracked 
| 109|0x00000000e6d00000, 0x00000000e6e00000, 0x00000000e6e00000|100%| O|  |TAMS 0x00000000e6d00000, 0x00000000e6d00000| Untracked 
| 110|0x00000000e6e00000, 0x00000000e6f00000, 0x00000000e6f00000|100%| O|  |TAMS 0x00000000e6f00000, 0x00000000e6e00000| Untracked 
| 111|0x00000000e6f00000, 0x00000000e7000000, 0x00000000e7000000|100%|HS|  |TAMS 0x00000000e7000000, 0x00000000e6f00000| Complete 
| 112|0x00000000e7000000, 0x00000000e7100000, 0x00000000e7100000|100%|HC|  |TAMS 0x00000000e7100000, 0x00000000e7000000| Complete 
| 113|0x00000000e7100000, 0x00000000e7200000, 0x00000000e7200000|100%|HS|  |TAMS 0x00000000e7200000, 0x00000000e7100000| Complete 
| 114|0x00000000e7200000, 0x00000000e7300000, 0x00000000e7300000|100%|HC|  |TAMS 0x00000000e7300000, 0x00000000e7200000| Complete 
| 115|0x00000000e7300000, 0x00000000e7400000, 0x00000000e7400000|100%|HC|  |TAMS 0x00000000e7400000, 0x00000000e7300000| Complete 
| 116|0x00000000e7400000, 0x00000000e7500000, 0x00000000e7500000|100%|HS|  |TAMS 0x00000000e7500000, 0x00000000e7400000| Complete 
| 117|0x00000000e7500000, 0x00000000e7600000, 0x00000000e7600000|100%|HC|  |TAMS 0x00000000e7600000, 0x00000000e7500000| Complete 
| 118|0x00000000e7600000, 0x00000000e7700000, 0x00000000e7700000|100%|HC|  |TAMS 0x00000000e7700000, 0x00000000e7600000| Complete 
| 119|0x00000000e7700000, 0x00000000e7800000, 0x00000000e7800000|100%|HS|  |TAMS 0x00000000e7800000, 0x00000000e7700000| Complete 
| 120|0x00000000e7800000, 0x00000000e7900000, 0x00000000e7900000|100%|HC|  |TAMS 0x00000000e7900000, 0x00000000e7800000| Complete 
| 121|0x00000000e7900000, 0x00000000e7a00000, 0x00000000e7a00000|100%|HC|  |TAMS 0x00000000e7a00000, 0x00000000e7900000| Complete 
| 122|0x00000000e7a00000, 0x00000000e7b00000, 0x00000000e7b00000|100%| O|  |TAMS 0x00000000e7b00000, 0x00000000e7a00000| Untracked 
| 123|0x00000000e7b00000, 0x00000000e7c00000, 0x00000000e7c00000|100%| O|  |TAMS 0x00000000e7c00000, 0x00000000e7b00000| Untracked 
| 124|0x00000000e7c00000, 0x00000000e7d00000, 0x00000000e7d00000|100%| O|  |TAMS 0x00000000e7d00000, 0x00000000e7c00000| Untracked 
| 125|0x00000000e7d00000, 0x00000000e7e00000, 0x00000000e7e00000|100%| O|  |TAMS 0x00000000e7e00000, 0x00000000e7d00000| Untracked 
| 126|0x00000000e7e00000, 0x00000000e7f00000, 0x00000000e7f00000|100%| O|  |TAMS 0x00000000e7f00000, 0x00000000e7e00000| Untracked 
| 127|0x00000000e7f00000, 0x00000000e8000000, 0x00000000e8000000|100%| O|  |TAMS 0x00000000e8000000, 0x00000000e7f00000| Untracked 
| 128|0x00000000e8000000, 0x00000000e8100000, 0x00000000e8100000|100%| O|  |TAMS 0x00000000e8100000, 0x00000000e8000000| Untracked 
| 129|0x00000000e8100000, 0x00000000e8200000, 0x00000000e8200000|100%| O|  |TAMS 0x00000000e8200000, 0x00000000e8100000| Untracked 
| 130|0x00000000e8200000, 0x00000000e8300000, 0x00000000e8300000|100%| O|  |TAMS 0x00000000e8300000, 0x00000000e8200000| Untracked 
| 131|0x00000000e8300000, 0x00000000e8400000, 0x00000000e8400000|100%| O|  |TAMS 0x00000000e8400000, 0x00000000e8300000| Untracked 
| 132|0x00000000e8400000, 0x00000000e8500000, 0x00000000e8500000|100%| O|  |TAMS 0x00000000e8500000, 0x00000000e8400000| Untracked 
| 133|0x00000000e8500000, 0x00000000e8600000, 0x00000000e8600000|100%| O|  |TAMS 0x00000000e8600000, 0x00000000e8500000| Untracked 
| 134|0x00000000e8600000, 0x00000000e8700000, 0x00000000e8700000|100%| O|  |TAMS 0x00000000e8700000, 0x00000000e8600000| Untracked 
| 135|0x00000000e8700000, 0x00000000e8800000, 0x00000000e8800000|100%| O|  |TAMS 0x00000000e8800000, 0x00000000e8700000| Untracked 
| 136|0x00000000e8800000, 0x00000000e8900000, 0x00000000e8900000|100%| O|  |TAMS 0x00000000e8900000, 0x00000000e8800000| Untracked 
| 137|0x00000000e8900000, 0x00000000e8a00000, 0x00000000e8a00000|100%| O|  |TAMS 0x00000000e8a00000, 0x00000000e8900000| Untracked 
| 138|0x00000000e8a00000, 0x00000000e8b00000, 0x00000000e8b00000|100%| O|  |TAMS 0x00000000e8b00000, 0x00000000e8a00000| Untracked 
| 139|0x00000000e8b00000, 0x00000000e8c00000, 0x00000000e8c00000|100%| O|  |TAMS 0x00000000e8c00000, 0x00000000e8b00000| Untracked 
| 140|0x00000000e8c00000, 0x00000000e8d00000, 0x00000000e8d00000|100%| O|  |TAMS 0x00000000e8d00000, 0x00000000e8c00000| Untracked 
| 141|0x00000000e8d00000, 0x00000000e8e00000, 0x00000000e8e00000|100%| O|  |TAMS 0x00000000e8e00000, 0x00000000e8d00000| Untracked 
| 142|0x00000000e8e00000, 0x00000000e8f00000, 0x00000000e8f00000|100%| O|  |TAMS 0x00000000e8f00000, 0x00000000e8e00000| Untracked 
| 143|0x00000000e8f00000, 0x00000000e9000000, 0x00000000e9000000|100%| O|  |TAMS 0x00000000e9000000, 0x00000000e8f00000| Untracked 
| 144|0x00000000e9000000, 0x00000000e9100000, 0x00000000e9100000|100%| O|  |TAMS 0x00000000e9100000, 0x00000000e9000000| Untracked 
| 145|0x00000000e9100000, 0x00000000e9200000, 0x00000000e9200000|100%| O|  |TAMS 0x00000000e9200000, 0x00000000e9100000| Untracked 
| 146|0x00000000e9200000, 0x00000000e9300000, 0x00000000e9300000|100%| O|  |TAMS 0x00000000e9300000, 0x00000000e9200000| Untracked 
| 147|0x00000000e9300000, 0x00000000e9400000, 0x00000000e9400000|100%| O|  |TAMS 0x00000000e9400000, 0x00000000e9300000| Untracked 
| 148|0x00000000e9400000, 0x00000000e9500000, 0x00000000e9500000|100%| O|  |TAMS 0x00000000e9500000, 0x00000000e9400000| Untracked 
| 149|0x00000000e9500000, 0x00000000e9600000, 0x00000000e9600000|100%| O|  |TAMS 0x00000000e9600000, 0x00000000e9500000| Untracked 
| 150|0x00000000e9600000, 0x00000000e9700000, 0x00000000e9700000|100%| O|  |TAMS 0x00000000e9700000, 0x00000000e9600000| Untracked 
| 151|0x00000000e9700000, 0x00000000e9800000, 0x00000000e9800000|100%| O|  |TAMS 0x00000000e9800000, 0x00000000e9700000| Untracked 
| 152|0x00000000e9800000, 0x00000000e9900000, 0x00000000e9900000|100%| O|  |TAMS 0x00000000e9900000, 0x00000000e9800000| Untracked 
| 153|0x00000000e9900000, 0x00000000e9a00000, 0x00000000e9a00000|100%| O|  |TAMS 0x00000000e9a00000, 0x00000000e9900000| Untracked 
| 154|0x00000000e9a00000, 0x00000000e9b00000, 0x00000000e9b00000|100%| O|  |TAMS 0x00000000e9b00000, 0x00000000e9a00000| Untracked 
| 155|0x00000000e9b00000, 0x00000000e9c00000, 0x00000000e9c00000|100%| O|  |TAMS 0x00000000e9c00000, 0x00000000e9b00000| Untracked 
| 156|0x00000000e9c00000, 0x00000000e9d00000, 0x00000000e9d00000|100%| O|  |TAMS 0x00000000e9c00000, 0x00000000e9c00000| Untracked 
| 157|0x00000000e9d00000, 0x00000000e9e00000, 0x00000000e9e00000|100%| O|  |TAMS 0x00000000e9d00000, 0x00000000e9d00000| Untracked 
| 158|0x00000000e9e00000, 0x00000000e9f00000, 0x00000000e9f00000|100%| O|  |TAMS 0x00000000e9e00000, 0x00000000e9e00000| Untracked 
| 159|0x00000000e9f00000, 0x00000000ea000000, 0x00000000ea000000|100%| O|  |TAMS 0x00000000e9f00000, 0x00000000e9f00000| Untracked 
| 160|0x00000000ea000000, 0x00000000ea100000, 0x00000000ea100000|100%| O|  |TAMS 0x00000000ea000000, 0x00000000ea000000| Untracked 
| 161|0x00000000ea100000, 0x00000000ea200000, 0x00000000ea200000|100%| O|  |TAMS 0x00000000ea100000, 0x00000000ea100000| Untracked 
| 162|0x00000000ea200000, 0x00000000ea300000, 0x00000000ea300000|100%| O|  |TAMS 0x00000000ea200000, 0x00000000ea200000| Untracked 
| 163|0x00000000ea300000, 0x00000000ea400000, 0x00000000ea400000|100%| O|  |TAMS 0x00000000ea300000, 0x00000000ea300000| Untracked 
| 164|0x00000000ea400000, 0x00000000ea500000, 0x00000000ea500000|100%| O|  |TAMS 0x00000000ea400000, 0x00000000ea400000| Untracked 
| 165|0x00000000ea500000, 0x00000000ea600000, 0x00000000ea600000|100%| O|  |TAMS 0x00000000ea500000, 0x00000000ea500000| Untracked 
| 166|0x00000000ea600000, 0x00000000ea700000, 0x00000000ea700000|100%| O|  |TAMS 0x00000000ea600000, 0x00000000ea600000| Untracked 
| 167|0x00000000ea700000, 0x00000000ea800000, 0x00000000ea800000|100%| O|  |TAMS 0x00000000ea700000, 0x00000000ea700000| Untracked 
| 168|0x00000000ea800000, 0x00000000ea900000, 0x00000000ea900000|100%| O|  |TAMS 0x00000000ea800000, 0x00000000ea800000| Untracked 
| 169|0x00000000ea900000, 0x00000000eaa00000, 0x00000000eaa00000|100%| O|  |TAMS 0x00000000ea900000, 0x00000000ea900000| Untracked 
| 170|0x00000000eaa00000, 0x00000000eab00000, 0x00000000eab00000|100%| O|  |TAMS 0x00000000eaa00000, 0x00000000eaa00000| Untracked 
| 171|0x00000000eab00000, 0x00000000eac00000, 0x00000000eac00000|100%| O|  |TAMS 0x00000000eab00000, 0x00000000eab00000| Untracked 
| 172|0x00000000eac00000, 0x00000000ead00000, 0x00000000ead00000|100%| O|  |TAMS 0x00000000eac00000, 0x00000000eac00000| Untracked 
| 173|0x00000000ead00000, 0x00000000eae00000, 0x00000000eae00000|100%| O|  |TAMS 0x00000000ead00000, 0x00000000ead00000| Untracked 
| 174|0x00000000eae00000, 0x00000000eaf00000, 0x00000000eaf00000|100%| O|  |TAMS 0x00000000eae00000, 0x00000000eae00000| Untracked 
| 175|0x00000000eaf00000, 0x00000000eb000000, 0x00000000eb000000|100%| O|  |TAMS 0x00000000eaf00000, 0x00000000eaf00000| Untracked 
| 176|0x00000000eb000000, 0x00000000eb100000, 0x00000000eb100000|100%| O|  |TAMS 0x00000000eb000000, 0x00000000eb000000| Untracked 
| 177|0x00000000eb100000, 0x00000000eb200000, 0x00000000eb200000|100%| O|  |TAMS 0x00000000eb100000, 0x00000000eb100000| Untracked 
| 178|0x00000000eb200000, 0x00000000eb300000, 0x00000000eb300000|100%| O|  |TAMS 0x00000000eb200000, 0x00000000eb200000| Untracked 
| 179|0x00000000eb300000, 0x00000000eb400000, 0x00000000eb400000|100%| O|  |TAMS 0x00000000eb300000, 0x00000000eb300000| Untracked 
| 180|0x00000000eb400000, 0x00000000eb500000, 0x00000000eb500000|100%| O|  |TAMS 0x00000000eb400000, 0x00000000eb400000| Untracked 
| 181|0x00000000eb500000, 0x00000000eb600000, 0x00000000eb600000|100%| O|  |TAMS 0x00000000eb500000, 0x00000000eb500000| Untracked 
| 182|0x00000000eb600000, 0x00000000eb700000, 0x00000000eb700000|100%| O|  |TAMS 0x00000000eb600000, 0x00000000eb600000| Untracked 
| 183|0x00000000eb700000, 0x00000000eb800000, 0x00000000eb800000|100%| O|  |TAMS 0x00000000eb700000, 0x00000000eb700000| Untracked 
| 184|0x00000000eb800000, 0x00000000eb900000, 0x00000000eb900000|100%| O|  |TAMS 0x00000000eb800000, 0x00000000eb800000| Untracked 
| 185|0x00000000eb900000, 0x00000000eba00000, 0x00000000eba00000|100%| O|  |TAMS 0x00000000eb900000, 0x00000000eb900000| Untracked 
| 186|0x00000000eba00000, 0x00000000ebb00000, 0x00000000ebb00000|100%| O|  |TAMS 0x00000000eba00000, 0x00000000eba00000| Untracked 
| 187|0x00000000ebb00000, 0x00000000ebc00000, 0x00000000ebc00000|100%| O|  |TAMS 0x00000000ebb00000, 0x00000000ebb00000| Untracked 
| 188|0x00000000ebc00000, 0x00000000ebd00000, 0x00000000ebd00000|100%| O|  |TAMS 0x00000000ebc00000, 0x00000000ebc00000| Untracked 
| 189|0x00000000ebd00000, 0x00000000ebe00000, 0x00000000ebe00000|100%| O|  |TAMS 0x00000000ebd00000, 0x00000000ebd00000| Untracked 
| 190|0x00000000ebe00000, 0x00000000ebf00000, 0x00000000ebf00000|100%| O|  |TAMS 0x00000000ebe00000, 0x00000000ebe00000| Untracked 
| 191|0x00000000ebf00000, 0x00000000ec000000, 0x00000000ec000000|100%| O|  |TAMS 0x00000000ebf00000, 0x00000000ebf00000| Untracked 
| 192|0x00000000ec000000, 0x00000000ec100000, 0x00000000ec100000|100%| O|  |TAMS 0x00000000ec000000, 0x00000000ec000000| Untracked 
| 193|0x00000000ec100000, 0x00000000ec200000, 0x00000000ec200000|100%| O|  |TAMS 0x00000000ec100000, 0x00000000ec100000| Untracked 
| 194|0x00000000ec200000, 0x00000000ec300000, 0x00000000ec300000|100%| O|  |TAMS 0x00000000ec200000, 0x00000000ec200000| Untracked 
| 195|0x00000000ec300000, 0x00000000ec400000, 0x00000000ec400000|100%| O|  |TAMS 0x00000000ec300000, 0x00000000ec300000| Untracked 
| 196|0x00000000ec400000, 0x00000000ec500000, 0x00000000ec500000|100%| O|  |TAMS 0x00000000ec400000, 0x00000000ec400000| Untracked 
| 197|0x00000000ec500000, 0x00000000ec600000, 0x00000000ec600000|100%| O|  |TAMS 0x00000000ec500000, 0x00000000ec500000| Untracked 
| 198|0x00000000ec600000, 0x00000000ec700000, 0x00000000ec700000|100%| O|  |TAMS 0x00000000ec600000, 0x00000000ec600000| Untracked 
| 199|0x00000000ec700000, 0x00000000ec800000, 0x00000000ec800000|100%| O|  |TAMS 0x00000000ec700000, 0x00000000ec700000| Untracked 
| 200|0x00000000ec800000, 0x00000000ec900000, 0x00000000ec900000|100%| O|  |TAMS 0x00000000ec800000, 0x00000000ec800000| Untracked 
| 201|0x00000000ec900000, 0x00000000eca00000, 0x00000000eca00000|100%| O|  |TAMS 0x00000000ec900000, 0x00000000ec900000| Untracked 
| 202|0x00000000eca00000, 0x00000000ecb00000, 0x00000000ecb00000|100%| O|  |TAMS 0x00000000eca00000, 0x00000000eca00000| Untracked 
| 203|0x00000000ecb00000, 0x00000000ecc00000, 0x00000000ecc00000|100%| O|  |TAMS 0x00000000ecb00000, 0x00000000ecb00000| Untracked 
| 204|0x00000000ecc00000, 0x00000000ecd00000, 0x00000000ecd00000|100%| O|  |TAMS 0x00000000ecc00000, 0x00000000ecc00000| Untracked 
| 205|0x00000000ecd00000, 0x00000000ece00000, 0x00000000ece00000|100%| O|  |TAMS 0x00000000ecd00000, 0x00000000ecd00000| Untracked 
| 206|0x00000000ece00000, 0x00000000ecf00000, 0x00000000ecf00000|100%| O|  |TAMS 0x00000000ece00000, 0x00000000ece00000| Untracked 
| 207|0x00000000ecf00000, 0x00000000ed000000, 0x00000000ed000000|100%| O|  |TAMS 0x00000000ecf00000, 0x00000000ecf00000| Untracked 
| 208|0x00000000ed000000, 0x00000000ed100000, 0x00000000ed100000|100%| O|  |TAMS 0x00000000ed000000, 0x00000000ed000000| Untracked 
| 209|0x00000000ed100000, 0x00000000ed200000, 0x00000000ed200000|100%| O|  |TAMS 0x00000000ed100000, 0x00000000ed100000| Untracked 
| 210|0x00000000ed200000, 0x00000000ed300000, 0x00000000ed300000|100%| O|  |TAMS 0x00000000ed200000, 0x00000000ed200000| Untracked 
| 211|0x00000000ed300000, 0x00000000ed400000, 0x00000000ed400000|100%| O|  |TAMS 0x00000000ed300000, 0x00000000ed300000| Untracked 
| 212|0x00000000ed400000, 0x00000000ed4efc00, 0x00000000ed500000| 93%| O|  |TAMS 0x00000000ed400000, 0x00000000ed400000| Untracked 
| 213|0x00000000ed500000, 0x00000000ed500000, 0x00000000ed600000|  0%| F|  |TAMS 0x00000000ed500000, 0x00000000ed500000| Untracked 
| 214|0x00000000ed600000, 0x00000000ed600000, 0x00000000ed700000|  0%| F|  |TAMS 0x00000000ed600000, 0x00000000ed600000| Untracked 
| 215|0x00000000ed700000, 0x00000000ed700000, 0x00000000ed800000|  0%| F|  |TAMS 0x00000000ed700000, 0x00000000ed700000| Untracked 
| 216|0x00000000ed800000, 0x00000000ed800000, 0x00000000ed900000|  0%| F|  |TAMS 0x00000000ed800000, 0x00000000ed800000| Untracked 
| 217|0x00000000ed900000, 0x00000000ed900000, 0x00000000eda00000|  0%| F|  |TAMS 0x00000000ed900000, 0x00000000ed900000| Untracked 
| 218|0x00000000eda00000, 0x00000000eda00000, 0x00000000edb00000|  0%| F|  |TAMS 0x00000000eda00000, 0x00000000eda00000| Untracked 
| 219|0x00000000edb00000, 0x00000000edb00000, 0x00000000edc00000|  0%| F|  |TAMS 0x00000000edb00000, 0x00000000edb00000| Untracked 
| 220|0x00000000edc00000, 0x00000000edc00000, 0x00000000edd00000|  0%| F|  |TAMS 0x00000000edc00000, 0x00000000edc00000| Untracked 
| 221|0x00000000edd00000, 0x00000000edd00000, 0x00000000ede00000|  0%| F|  |TAMS 0x00000000edd00000, 0x00000000edd00000| Untracked 
| 222|0x00000000ede00000, 0x00000000ede00000, 0x00000000edf00000|  0%| F|  |TAMS 0x00000000ede00000, 0x00000000ede00000| Untracked 
| 223|0x00000000edf00000, 0x00000000edf00000, 0x00000000ee000000|  0%| F|  |TAMS 0x00000000edf00000, 0x00000000edf00000| Untracked 
| 224|0x00000000ee000000, 0x00000000ee000000, 0x00000000ee100000|  0%| F|  |TAMS 0x00000000ee000000, 0x00000000ee000000| Untracked 
| 225|0x00000000ee100000, 0x00000000ee100000, 0x00000000ee200000|  0%| F|  |TAMS 0x00000000ee100000, 0x00000000ee100000| Untracked 
| 226|0x00000000ee200000, 0x00000000ee200000, 0x00000000ee300000|  0%| F|  |TAMS 0x00000000ee200000, 0x00000000ee200000| Untracked 
| 227|0x00000000ee300000, 0x00000000ee300000, 0x00000000ee400000|  0%| F|  |TAMS 0x00000000ee300000, 0x00000000ee300000| Untracked 
| 228|0x00000000ee400000, 0x00000000ee400000, 0x00000000ee500000|  0%| F|  |TAMS 0x00000000ee400000, 0x00000000ee400000| Untracked 
| 229|0x00000000ee500000, 0x00000000ee500000, 0x00000000ee600000|  0%| F|  |TAMS 0x00000000ee500000, 0x00000000ee500000| Untracked 
| 230|0x00000000ee600000, 0x00000000ee600000, 0x00000000ee700000|  0%| F|  |TAMS 0x00000000ee600000, 0x00000000ee600000| Untracked 
| 231|0x00000000ee700000, 0x00000000ee700000, 0x00000000ee800000|  0%| F|  |TAMS 0x00000000ee700000, 0x00000000ee700000| Untracked 
| 232|0x00000000ee800000, 0x00000000ee800000, 0x00000000ee900000|  0%| F|  |TAMS 0x00000000ee800000, 0x00000000ee800000| Untracked 
| 233|0x00000000ee900000, 0x00000000ee900000, 0x00000000eea00000|  0%| F|  |TAMS 0x00000000ee900000, 0x00000000ee900000| Untracked 
| 234|0x00000000eea00000, 0x00000000eea00000, 0x00000000eeb00000|  0%| F|  |TAMS 0x00000000eea00000, 0x00000000eea00000| Untracked 
| 235|0x00000000eeb00000, 0x00000000eeb00000, 0x00000000eec00000|  0%| F|  |TAMS 0x00000000eeb00000, 0x00000000eeb00000| Untracked 
| 236|0x00000000eec00000, 0x00000000eec00000, 0x00000000eed00000|  0%| F|  |TAMS 0x00000000eec00000, 0x00000000eec00000| Untracked 
| 237|0x00000000eed00000, 0x00000000eed00000, 0x00000000eee00000|  0%| F|  |TAMS 0x00000000eed00000, 0x00000000eed00000| Untracked 
| 238|0x00000000eee00000, 0x00000000eee00000, 0x00000000eef00000|  0%| F|  |TAMS 0x00000000eee00000, 0x00000000eee00000| Untracked 
| 239|0x00000000eef00000, 0x00000000eef00000, 0x00000000ef000000|  0%| F|  |TAMS 0x00000000eef00000, 0x00000000eef00000| Untracked 
| 240|0x00000000ef000000, 0x00000000ef000000, 0x00000000ef100000|  0%| F|  |TAMS 0x00000000ef000000, 0x00000000ef000000| Untracked 
| 241|0x00000000ef100000, 0x00000000ef100000, 0x00000000ef200000|  0%| F|  |TAMS 0x00000000ef100000, 0x00000000ef100000| Untracked 
| 242|0x00000000ef200000, 0x00000000ef200000, 0x00000000ef300000|  0%| F|  |TAMS 0x00000000ef200000, 0x00000000ef200000| Untracked 
| 243|0x00000000ef300000, 0x00000000ef300000, 0x00000000ef400000|  0%| F|  |TAMS 0x00000000ef300000, 0x00000000ef300000| Untracked 
| 244|0x00000000ef400000, 0x00000000ef400000, 0x00000000ef500000|  0%| F|  |TAMS 0x00000000ef400000, 0x00000000ef400000| Untracked 
| 245|0x00000000ef500000, 0x00000000ef500000, 0x00000000ef600000|  0%| F|  |TAMS 0x00000000ef500000, 0x00000000ef500000| Untracked 
| 246|0x00000000ef600000, 0x00000000ef600000, 0x00000000ef700000|  0%| F|  |TAMS 0x00000000ef600000, 0x00000000ef600000| Untracked 
| 247|0x00000000ef700000, 0x00000000ef700000, 0x00000000ef800000|  0%| F|  |TAMS 0x00000000ef700000, 0x00000000ef700000| Untracked 
| 248|0x00000000ef800000, 0x00000000ef800000, 0x00000000ef900000|  0%| F|  |TAMS 0x00000000ef800000, 0x00000000ef800000| Untracked 
| 249|0x00000000ef900000, 0x00000000ef900000, 0x00000000efa00000|  0%| F|  |TAMS 0x00000000ef900000, 0x00000000ef900000| Untracked 
| 250|0x00000000efa00000, 0x00000000efa00000, 0x00000000efb00000|  0%| F|  |TAMS 0x00000000efa00000, 0x00000000efa00000| Untracked 
| 251|0x00000000efb00000, 0x00000000efb00000, 0x00000000efc00000|  0%| F|  |TAMS 0x00000000efb00000, 0x00000000efb00000| Untracked 
| 252|0x00000000efc00000, 0x00000000efc00000, 0x00000000efd00000|  0%| F|  |TAMS 0x00000000efc00000, 0x00000000efc00000| Untracked 
| 253|0x00000000efd00000, 0x00000000efd00000, 0x00000000efe00000|  0%| F|  |TAMS 0x00000000efd00000, 0x00000000efd00000| Untracked 
| 254|0x00000000efe00000, 0x00000000efe00000, 0x00000000eff00000|  0%| F|  |TAMS 0x00000000efe00000, 0x00000000efe00000| Untracked 
| 255|0x00000000eff00000, 0x00000000eff00000, 0x00000000f0000000|  0%| F|  |TAMS 0x00000000eff00000, 0x00000000eff00000| Untracked 
| 256|0x00000000f0000000, 0x00000000f0000000, 0x00000000f0100000|  0%| F|  |TAMS 0x00000000f0000000, 0x00000000f0000000| Untracked 
| 257|0x00000000f0100000, 0x00000000f0100000, 0x00000000f0200000|  0%| F|  |TAMS 0x00000000f0100000, 0x00000000f0100000| Untracked 
| 258|0x00000000f0200000, 0x00000000f0200000, 0x00000000f0300000|  0%| F|  |TAMS 0x00000000f0200000, 0x00000000f0200000| Untracked 
| 259|0x00000000f0300000, 0x00000000f0300000, 0x00000000f0400000|  0%| F|  |TAMS 0x00000000f0300000, 0x00000000f0300000| Untracked 
| 260|0x00000000f0400000, 0x00000000f0400000, 0x00000000f0500000|  0%| F|  |TAMS 0x00000000f0400000, 0x00000000f0400000| Untracked 
| 261|0x00000000f0500000, 0x00000000f0500000, 0x00000000f0600000|  0%| F|  |TAMS 0x00000000f0500000, 0x00000000f0500000| Untracked 
| 262|0x00000000f0600000, 0x00000000f0600000, 0x00000000f0700000|  0%| F|  |TAMS 0x00000000f0600000, 0x00000000f0600000| Untracked 
| 263|0x00000000f0700000, 0x00000000f07e41a8, 0x00000000f0800000| 89%| S|CS|TAMS 0x00000000f0700000, 0x00000000f0700000| Complete 
| 264|0x00000000f0800000, 0x00000000f0800000, 0x00000000f0900000|  0%| F|  |TAMS 0x00000000f0800000, 0x00000000f0800000| Untracked 
| 265|0x00000000f0900000, 0x00000000f0900000, 0x00000000f0a00000|  0%| F|  |TAMS 0x00000000f0900000, 0x00000000f0900000| Untracked 
| 266|0x00000000f0a00000, 0x00000000f0a00000, 0x00000000f0b00000|  0%| F|  |TAMS 0x00000000f0a00000, 0x00000000f0a00000| Untracked 
| 267|0x00000000f0b00000, 0x00000000f0b00000, 0x00000000f0c00000|  0%| F|  |TAMS 0x00000000f0b00000, 0x00000000f0b00000| Untracked 
| 268|0x00000000f0c00000, 0x00000000f0c00000, 0x00000000f0d00000|  0%| F|  |TAMS 0x00000000f0c00000, 0x00000000f0c00000| Untracked 
| 269|0x00000000f0d00000, 0x00000000f0d00000, 0x00000000f0e00000|  0%| F|  |TAMS 0x00000000f0d00000, 0x00000000f0d00000| Untracked 
| 270|0x00000000f0e00000, 0x00000000f0eb8378, 0x00000000f0f00000| 71%| E|  |TAMS 0x00000000f0e00000, 0x00000000f0e00000| Complete 
| 271|0x00000000f0f00000, 0x00000000f1000000, 0x00000000f1000000|100%| E|CS|TAMS 0x00000000f0f00000, 0x00000000f0f00000| Complete 
| 272|0x00000000f1000000, 0x00000000f1100000, 0x00000000f1100000|100%| E|CS|TAMS 0x00000000f1000000, 0x00000000f1000000| Complete 
| 273|0x00000000f1100000, 0x00000000f1200000, 0x00000000f1200000|100%| E|CS|TAMS 0x00000000f1100000, 0x00000000f1100000| Complete 
| 274|0x00000000f1200000, 0x00000000f1300000, 0x00000000f1300000|100%| E|CS|TAMS 0x00000000f1200000, 0x00000000f1200000| Complete 
| 275|0x00000000f1300000, 0x00000000f1400000, 0x00000000f1400000|100%| E|CS|TAMS 0x00000000f1300000, 0x00000000f1300000| Complete 
| 276|0x00000000f1400000, 0x00000000f1500000, 0x00000000f1500000|100%| E|CS|TAMS 0x00000000f1400000, 0x00000000f1400000| Complete 
| 277|0x00000000f1500000, 0x00000000f1600000, 0x00000000f1600000|100%| E|CS|TAMS 0x00000000f1500000, 0x00000000f1500000| Complete 
| 278|0x00000000f1600000, 0x00000000f1700000, 0x00000000f1700000|100%| E|CS|TAMS 0x00000000f1600000, 0x00000000f1600000| Complete 
| 279|0x00000000f1700000, 0x00000000f1800000, 0x00000000f1800000|100%| E|CS|TAMS 0x00000000f1700000, 0x00000000f1700000| Complete 
| 280|0x00000000f1800000, 0x00000000f1900000, 0x00000000f1900000|100%| E|CS|TAMS 0x00000000f1800000, 0x00000000f1800000| Complete 
| 281|0x00000000f1900000, 0x00000000f1a00000, 0x00000000f1a00000|100%| E|CS|TAMS 0x00000000f1900000, 0x00000000f1900000| Complete 
| 282|0x00000000f1a00000, 0x00000000f1b00000, 0x00000000f1b00000|100%| E|CS|TAMS 0x00000000f1a00000, 0x00000000f1a00000| Complete 
| 283|0x00000000f1b00000, 0x00000000f1c00000, 0x00000000f1c00000|100%| E|CS|TAMS 0x00000000f1b00000, 0x00000000f1b00000| Complete 
| 284|0x00000000f1c00000, 0x00000000f1d00000, 0x00000000f1d00000|100%| E|CS|TAMS 0x00000000f1c00000, 0x00000000f1c00000| Complete 
| 285|0x00000000f1d00000, 0x00000000f1e00000, 0x00000000f1e00000|100%| E|CS|TAMS 0x00000000f1d00000, 0x00000000f1d00000| Complete 
| 286|0x00000000f1e00000, 0x00000000f1f00000, 0x00000000f1f00000|100%| E|CS|TAMS 0x00000000f1e00000, 0x00000000f1e00000| Complete 
| 287|0x00000000f1f00000, 0x00000000f2000000, 0x00000000f2000000|100%| E|CS|TAMS 0x00000000f1f00000, 0x00000000f1f00000| Complete 
| 288|0x00000000f2000000, 0x00000000f2100000, 0x00000000f2100000|100%| E|CS|TAMS 0x00000000f2000000, 0x00000000f2000000| Complete 
| 289|0x00000000f2100000, 0x00000000f2200000, 0x00000000f2200000|100%| E|CS|TAMS 0x00000000f2100000, 0x00000000f2100000| Complete 
| 290|0x00000000f2200000, 0x00000000f2300000, 0x00000000f2300000|100%| E|CS|TAMS 0x00000000f2200000, 0x00000000f2200000| Complete 
| 291|0x00000000f2300000, 0x00000000f2400000, 0x00000000f2400000|100%| E|CS|TAMS 0x00000000f2300000, 0x00000000f2300000| Complete 
| 292|0x00000000f2400000, 0x00000000f2500000, 0x00000000f2500000|100%| E|CS|TAMS 0x00000000f2400000, 0x00000000f2400000| Complete 
| 293|0x00000000f2500000, 0x00000000f2600000, 0x00000000f2600000|100%| E|CS|TAMS 0x00000000f2500000, 0x00000000f2500000| Complete 
| 294|0x00000000f2600000, 0x00000000f2700000, 0x00000000f2700000|100%| E|CS|TAMS 0x00000000f2600000, 0x00000000f2600000| Complete 
| 295|0x00000000f2700000, 0x00000000f2800000, 0x00000000f2800000|100%| E|CS|TAMS 0x00000000f2700000, 0x00000000f2700000| Complete 
| 296|0x00000000f2800000, 0x00000000f2900000, 0x00000000f2900000|100%| E|  |TAMS 0x00000000f2800000, 0x00000000f2800000| Complete 
| 297|0x00000000f2900000, 0x00000000f2a00000, 0x00000000f2a00000|100%| E|CS|TAMS 0x00000000f2900000, 0x00000000f2900000| Complete 
| 298|0x00000000f2a00000, 0x00000000f2b00000, 0x00000000f2b00000|100%| E|CS|TAMS 0x00000000f2a00000, 0x00000000f2a00000| Complete 
| 299|0x00000000f2b00000, 0x00000000f2c00000, 0x00000000f2c00000|100%| E|CS|TAMS 0x00000000f2b00000, 0x00000000f2b00000| Complete 
| 300|0x00000000f2c00000, 0x00000000f2d00000, 0x00000000f2d00000|100%| E|CS|TAMS 0x00000000f2c00000, 0x00000000f2c00000| Complete 
| 301|0x00000000f2d00000, 0x00000000f2e00000, 0x00000000f2e00000|100%| E|CS|TAMS 0x00000000f2d00000, 0x00000000f2d00000| Complete 
| 302|0x00000000f2e00000, 0x00000000f2f00000, 0x00000000f2f00000|100%| E|CS|TAMS 0x00000000f2e00000, 0x00000000f2e00000| Complete 
| 303|0x00000000f2f00000, 0x00000000f3000000, 0x00000000f3000000|100%| E|CS|TAMS 0x00000000f2f00000, 0x00000000f2f00000| Complete 
| 304|0x00000000f3000000, 0x00000000f3100000, 0x00000000f3100000|100%| E|CS|TAMS 0x00000000f3000000, 0x00000000f3000000| Complete 
| 305|0x00000000f3100000, 0x00000000f3200000, 0x00000000f3200000|100%| E|CS|TAMS 0x00000000f3100000, 0x00000000f3100000| Complete 
| 306|0x00000000f3200000, 0x00000000f3300000, 0x00000000f3300000|100%| E|CS|TAMS 0x00000000f3200000, 0x00000000f3200000| Complete 
| 307|0x00000000f3300000, 0x00000000f3400000, 0x00000000f3400000|100%| E|CS|TAMS 0x00000000f3300000, 0x00000000f3300000| Complete 
| 308|0x00000000f3400000, 0x00000000f3500000, 0x00000000f3500000|100%| E|CS|TAMS 0x00000000f3400000, 0x00000000f3400000| Complete 
| 309|0x00000000f3500000, 0x00000000f3600000, 0x00000000f3600000|100%| E|CS|TAMS 0x00000000f3500000, 0x00000000f3500000| Complete 
| 310|0x00000000f3600000, 0x00000000f3700000, 0x00000000f3700000|100%| E|CS|TAMS 0x00000000f3600000, 0x00000000f3600000| Complete 
| 311|0x00000000f3700000, 0x00000000f3800000, 0x00000000f3800000|100%| E|CS|TAMS 0x00000000f3700000, 0x00000000f3700000| Complete 
| 312|0x00000000f3800000, 0x00000000f3900000, 0x00000000f3900000|100%| E|CS|TAMS 0x00000000f3800000, 0x00000000f3800000| Complete 
| 313|0x00000000f3900000, 0x00000000f3a00000, 0x00000000f3a00000|100%| E|CS|TAMS 0x00000000f3900000, 0x00000000f3900000| Complete 
| 314|0x00000000f3a00000, 0x00000000f3b00000, 0x00000000f3b00000|100%| E|CS|TAMS 0x00000000f3a00000, 0x00000000f3a00000| Complete 
| 315|0x00000000f3b00000, 0x00000000f3c00000, 0x00000000f3c00000|100%| E|CS|TAMS 0x00000000f3b00000, 0x00000000f3b00000| Complete 
| 316|0x00000000f3c00000, 0x00000000f3d00000, 0x00000000f3d00000|100%| E|CS|TAMS 0x00000000f3c00000, 0x00000000f3c00000| Complete 
| 317|0x00000000f3d00000, 0x00000000f3e00000, 0x00000000f3e00000|100%| E|CS|TAMS 0x00000000f3d00000, 0x00000000f3d00000| Complete 
| 318|0x00000000f3e00000, 0x00000000f3f00000, 0x00000000f3f00000|100%| E|CS|TAMS 0x00000000f3e00000, 0x00000000f3e00000| Complete 
| 319|0x00000000f3f00000, 0x00000000f4000000, 0x00000000f4000000|100%| E|CS|TAMS 0x00000000f3f00000, 0x00000000f3f00000| Complete 
| 320|0x00000000f4000000, 0x00000000f4100000, 0x00000000f4100000|100%| E|CS|TAMS 0x00000000f4000000, 0x00000000f4000000| Complete 
| 321|0x00000000f4100000, 0x00000000f4200000, 0x00000000f4200000|100%| E|CS|TAMS 0x00000000f4100000, 0x00000000f4100000| Complete 
| 322|0x00000000f4200000, 0x00000000f4300000, 0x00000000f4300000|100%| E|CS|TAMS 0x00000000f4200000, 0x00000000f4200000| Complete 
| 323|0x00000000f4300000, 0x00000000f4400000, 0x00000000f4400000|100%| E|CS|TAMS 0x00000000f4300000, 0x00000000f4300000| Complete 
| 324|0x00000000f4400000, 0x00000000f4500000, 0x00000000f4500000|100%| E|CS|TAMS 0x00000000f4400000, 0x00000000f4400000| Complete 

Card table byte_map: [0x000002ce9fe20000,0x000002ce9ff20000] _byte_map_base: 0x000002ce9f720000

Marking Bits (Prev, Next): (CMBitMap*) 0x000002ce86f8c7c0, (CMBitMap*) 0x000002ce86f8c800
 Prev Bits: [0x000002cea0020000, 0x000002cea0820000)
 Next Bits: [0x000002cea0820000, 0x000002cea1020000)

Polling page: 0x000002ce908f0000

Metaspace:

Usage:
  Non-class:    134.81 MB used.
      Class:     18.91 MB used.
       Both:    153.73 MB used.

Virtual space:
  Non-class space:      192.00 MB reserved,     136.25 MB ( 71%) committed,  3 nodes.
      Class space:      308.00 MB reserved,      20.50 MB (  7%) committed,  1 nodes.
             Both:      500.00 MB reserved,     156.75 MB ( 31%) committed. 

Chunk freelists:
   Non-Class:  3.56 MB
       Class:  3.37 MB
        Both:  6.93 MB

MaxMetaspaceSize: 384.00 MB
CompressedClassSpaceSize: 308.00 MB
Initial GC threshold: 21.00 MB
Current GC threshold: 237.81 MB
CDS: on
MetaspaceReclaimPolicy: balanced
 - commit_granule_bytes: 65536.
 - commit_granule_words: 8192.
 - virtual_space_node_default_size: 8388608.
 - enlarge_chunks_in_place: 1.
 - new_chunks_are_fully_committed: 0.
 - uncommit_free_chunks: 1.
 - use_allocation_guard: 0.


Internal statistics:

num_allocs_failed_limit: 15.
num_arena_births: 5396.
num_arena_deaths: 2.
num_vsnodes_births: 4.
num_vsnodes_deaths: 0.
num_space_committed: 2506.
num_space_uncommitted: 0.
num_chunks_returned_to_freelist: 21.
num_chunks_taken_from_freelist: 12694.
num_chunk_merges: 15.
num_chunk_splits: 8579.
num_chunks_enlarged: 5586.
num_inconsistent_stats: 0.

CodeHeap 'non-profiled nmethods': size=120064Kb used=16478Kb max_used=16478Kb free=103585Kb
 bounds [0x000002ce983d0000, 0x000002ce993f0000, 0x000002ce9f910000]
CodeHeap 'profiled nmethods': size=120000Kb used=52091Kb max_used=52091Kb free=67908Kb
 bounds [0x000002ce90910000, 0x000002ce93c00000, 0x000002ce97e40000]
CodeHeap 'non-nmethods': size=5696Kb used=2649Kb max_used=2693Kb free=3046Kb
 bounds [0x000002ce97e40000, 0x000002ce980f0000, 0x000002ce983d0000]
 total_blobs=25793 nmethods=24661 adapters=1040
 compilation: enabled
              stopped_count=0, restarted_count=0
 full_count=0

Compilation events (20 events):
Event: 11651.501 Thread 0x000002cea342ec70 nmethod 30406 0x000002ce93bed690 code [0x000002ce93bed9c0, 0x000002ce93beef28]
Event: 11651.501 Thread 0x000002cea342ec70 30407       3       org.gradle.api.internal.artifacts.dsl.dependencies.DefaultDependencyAdder::<init> (15 bytes)
Event: 11651.501 Thread 0x000002cea342ec70 nmethod 30407 0x000002ce93bef510 code [0x000002ce93bef6c0, 0x000002ce93bef8d8]
Event: 11651.501 Thread 0x000002cea342ec70 30408       3       org.gradle.api.internal.artifacts.dsl.dependencies.DefaultDependencyAdder_Decorated::$gradleInit (10 bytes)
Event: 11651.503 Thread 0x000002cea342ec70 nmethod 30408 0x000002ce93bef990 code [0x000002ce93befca0, 0x000002ce93bf1008]
Event: 11651.503 Thread 0x000002cea342ec70 30409       3       org.gradle.api.internal.artifacts.dsl.dependencies.DefaultDependencyAdder_Decorated$$Lambda$1020/0x00000008018470f8::<init> (10 bytes)
Event: 11651.503 Thread 0x000002cea342ec70 nmethod 30409 0x000002ce93bf1590 code [0x000002ce93bf1740, 0x000002ce93bf18f8]
Event: 11651.575 Thread 0x000002cea342ec70 30411       3       org.gradle.api.internal.tasks.DefaultSourceSet_Decorated$$Lambda$1054/0x00000008018c5290::create (8 bytes)
Event: 11651.575 Thread 0x000002cea342ec70 nmethod 30411 0x000002ce93bf1990 code [0x000002ce93bf1b60, 0x000002ce93bf1ec8]
Event: 11651.580 Thread 0x000002cea342ec70 30412       3       java.lang.invoke.LambdaForm$MH/0x00000008012b8000::invoke (78 bytes)
Event: 11651.582 Thread 0x000002cea342ec70 nmethod 30412 0x000002ce93bf2010 code [0x000002ce93bf2240, 0x000002ce93bf2d68]
Event: 11651.585 Thread 0x000002cea342ec70 30413       3       org.gradle.internal.operations.DefaultBuildOperationProgressEventEmitter::emitIfCurrent (23 bytes)
Event: 11651.586 Thread 0x000002cea342ec70 nmethod 30413 0x000002ce93bf3010 code [0x000002ce93bf3200, 0x000002ce93bf3758]
Event: 11651.588 Thread 0x000002cea342ec70 30414   !   3       org.gradle.internal.model.StateTransitionController::lambda$inState$2 (40 bytes)
Event: 11651.590 Thread 0x000002cea342ec70 nmethod 30414 0x000002ce93bf3990 code [0x000002ce93bf3c00, 0x000002ce93bf47a8]
Event: 11651.609 Thread 0x000002cea342ec70 30415       3       org.gradle.api.internal.artifacts.configurations.DefaultConfigurationContainer_Decorated::getAll (39 bytes)
Event: 11651.611 Thread 0x000002cea342ec70 nmethod 30415 0x000002ce93bf4c10 code [0x000002ce93bf4e20, 0x000002ce93bf5378]
Event: 11651.611 Thread 0x000002cea342ec70 30416       3       org.gradle.api.plugins.internal.DefaultJavaPluginExtension_Decorated::getAutoTargetJvmDisabled (45 bytes)
Event: 11651.612 Thread 0x000002cea342ec70 nmethod 30416 0x000002ce93bf5590 code [0x000002ce93bf5780, 0x000002ce93bf5d38]
Event: 11651.615 Thread 0x000002cea342ec70 30417       3       org.gradle.api.internal.DefaultNamedDomainObjectSet::withType (10 bytes)

GC Heap History (20 events):
Event: 8069.349 GC heap before
{Heap before GC invocations=86 (full 0):
 garbage-first heap   total 332800K, used 284812K [0x00000000e0000000, 0x0000000100000000)
  region size 1024K, 69 young (70656K), 4 survivors (4096K)
 Metaspace       used 156841K, committed 159936K, reserved 512000K
  class space    used 19365K, committed 20992K, reserved 315392K
}
Event: 8069.354 GC heap after
{Heap after GC invocations=87 (full 0):
 garbage-first heap   total 332800K, used 217130K [0x00000000e0000000, 0x0000000100000000)
  region size 1024K, 2 young (2048K), 2 survivors (2048K)
 Metaspace       used 156841K, committed 159936K, reserved 512000K
  class space    used 19365K, committed 20992K, reserved 315392K
}
Event: 8130.997 GC heap before
{Heap before GC invocations=87 (full 0):
 garbage-first heap   total 332800K, used 286762K [0x00000000e0000000, 0x0000000100000000)
  region size 1024K, 71 young (72704K), 2 survivors (2048K)
 Metaspace       used 156872K, committed 159936K, reserved 512000K
  class space    used 19365K, committed 20992K, reserved 315392K
}
Event: 8131.016 GC heap after
{Heap after GC invocations=88 (full 0):
 garbage-first heap   total 332800K, used 221226K [0x00000000e0000000, 0x0000000100000000)
  region size 1024K, 6 young (6144K), 6 survivors (6144K)
 Metaspace       used 156872K, committed 159936K, reserved 512000K
  class space    used 19365K, committed 20992K, reserved 315392K
}
Event: 8222.044 GC heap before
{Heap before GC invocations=88 (full 0):
 garbage-first heap   total 332800K, used 283690K [0x00000000e0000000, 0x0000000100000000)
  region size 1024K, 68 young (69632K), 6 survivors (6144K)
 Metaspace       used 156978K, committed 160128K, reserved 512000K
  class space    used 19365K, committed 20992K, reserved 315392K
}
Event: 8222.062 GC heap after
{Heap after GC invocations=89 (full 0):
 garbage-first heap   total 332800K, used 217927K [0x00000000e0000000, 0x0000000100000000)
  region size 1024K, 2 young (2048K), 2 survivors (2048K)
 Metaspace       used 156978K, committed 160128K, reserved 512000K
  class space    used 19365K, committed 20992K, reserved 315392K
}
Event: 8462.858 GC heap before
{Heap before GC invocations=89 (full 0):
 garbage-first heap   total 332800K, used 285511K [0x00000000e0000000, 0x0000000100000000)
  region size 1024K, 69 young (70656K), 2 survivors (2048K)
 Metaspace       used 157088K, committed 160256K, reserved 512000K
  class space    used 19365K, committed 20992K, reserved 315392K
}
Event: 8462.891 GC heap after
{Heap after GC invocations=90 (full 0):
 garbage-first heap   total 332800K, used 221848K [0x00000000e0000000, 0x0000000100000000)
  region size 1024K, 6 young (6144K), 6 survivors (6144K)
 Metaspace       used 157088K, committed 160256K, reserved 512000K
  class space    used 19365K, committed 20992K, reserved 315392K
}
Event: 8492.731 GC heap before
{Heap before GC invocations=90 (full 0):
 garbage-first heap   total 332800K, used 284312K [0x00000000e0000000, 0x0000000100000000)
  region size 1024K, 68 young (69632K), 6 survivors (6144K)
 Metaspace       used 157143K, committed 160256K, reserved 512000K
  class space    used 19365K, committed 20992K, reserved 315392K
}
Event: 8492.744 GC heap after
{Heap after GC invocations=91 (full 0):
 garbage-first heap   total 332800K, used 218865K [0x00000000e0000000, 0x0000000100000000)
  region size 1024K, 2 young (2048K), 2 survivors (2048K)
 Metaspace       used 157143K, committed 160256K, reserved 512000K
  class space    used 19365K, committed 20992K, reserved 315392K
}
Event: 8534.654 GC heap before
{Heap before GC invocations=91 (full 0):
 garbage-first heap   total 332800K, used 285425K [0x00000000e0000000, 0x0000000100000000)
  region size 1024K, 68 young (69632K), 2 survivors (2048K)
 Metaspace       used 157215K, committed 160320K, reserved 512000K
  class space    used 19366K, committed 20992K, reserved 315392K
}
Event: 8534.666 GC heap after
{Heap after GC invocations=92 (full 0):
 garbage-first heap   total 332800K, used 219769K [0x00000000e0000000, 0x0000000100000000)
  region size 1024K, 3 young (3072K), 3 survivors (3072K)
 Metaspace       used 157215K, committed 160320K, reserved 512000K
  class space    used 19366K, committed 20992K, reserved 315392K
}
Event: 8599.517 GC heap before
{Heap before GC invocations=92 (full 0):
 garbage-first heap   total 332800K, used 286329K [0x00000000e0000000, 0x0000000100000000)
  region size 1024K, 69 young (70656K), 3 survivors (3072K)
 Metaspace       used 157252K, committed 160384K, reserved 512000K
  class space    used 19366K, committed 20992K, reserved 315392K
}
Event: 8599.532 GC heap after
{Heap after GC invocations=93 (full 0):
 garbage-first heap   total 332800K, used 221767K [0x00000000e0000000, 0x0000000100000000)
  region size 1024K, 5 young (5120K), 5 survivors (5120K)
 Metaspace       used 157252K, committed 160384K, reserved 512000K
  class space    used 19366K, committed 20992K, reserved 315392K
}
Event: 11106.455 GC heap before
{Heap before GC invocations=93 (full 0):
 garbage-first heap   total 332800K, used 284231K [0x00000000e0000000, 0x0000000100000000)
  region size 1024K, 67 young (68608K), 5 survivors (5120K)
 Metaspace       used 157258K, committed 160384K, reserved 512000K
  class space    used 19366K, committed 20992K, reserved 315392K
}
Event: 11106.460 GC heap after
{Heap after GC invocations=94 (full 0):
 garbage-first heap   total 332800K, used 218284K [0x00000000e0000000, 0x0000000100000000)
  region size 1024K, 1 young (1024K), 1 survivors (1024K)
 Metaspace       used 157258K, committed 160384K, reserved 512000K
  class space    used 19366K, committed 20992K, reserved 315392K
}
Event: 11174.897 GC heap before
{Heap before GC invocations=94 (full 0):
 garbage-first heap   total 332800K, used 286892K [0x00000000e0000000, 0x0000000100000000)
  region size 1024K, 69 young (70656K), 1 survivors (1024K)
 Metaspace       used 157303K, committed 160448K, reserved 512000K
  class space    used 19366K, committed 20992K, reserved 315392K
}
Event: 11174.919 GC heap after
{Heap after GC invocations=95 (full 0):
 garbage-first heap   total 332800K, used 223160K [0x00000000e0000000, 0x0000000100000000)
  region size 1024K, 6 young (6144K), 6 survivors (6144K)
 Metaspace       used 157303K, committed 160448K, reserved 512000K
  class space    used 19366K, committed 20992K, reserved 315392K
}
Event: 11624.195 GC heap before
{Heap before GC invocations=95 (full 0):
 garbage-first heap   total 332800K, used 284600K [0x00000000e0000000, 0x0000000100000000)
  region size 1024K, 67 young (68608K), 6 survivors (6144K)
 Metaspace       used 157340K, committed 160448K, reserved 512000K
  class space    used 19367K, committed 20992K, reserved 315392K
}
Event: 11624.207 GC heap after
{Heap after GC invocations=96 (full 0):
 garbage-first heap   total 332800K, used 218959K [0x00000000e0000000, 0x0000000100000000)
  region size 1024K, 1 young (1024K), 1 survivors (1024K)
 Metaspace       used 157340K, committed 160448K, reserved 512000K
  class space    used 19367K, committed 20992K, reserved 315392K
}

Dll operation events (15 events):
Event: 0.030 Loaded shared library E:\Users\toniw\.jdks\corretto-19.0.2\bin\java.dll
Event: 0.061 Loaded shared library E:\Users\toniw\.jdks\corretto-19.0.2\bin\jsvml.dll
Event: 0.333 Loaded shared library E:\Users\toniw\.jdks\corretto-19.0.2\bin\zip.dll
Event: 0.342 Loaded shared library E:\Users\toniw\.jdks\corretto-19.0.2\bin\instrument.dll
Event: 0.372 Loaded shared library E:\Users\toniw\.jdks\corretto-19.0.2\bin\net.dll
Event: 0.378 Loaded shared library E:\Users\toniw\.jdks\corretto-19.0.2\bin\nio.dll
Event: 0.395 Loaded shared library E:\Users\toniw\.jdks\corretto-19.0.2\bin\zip.dll
Event: 1.031 Loaded shared library E:\Users\toniw\.jdks\corretto-19.0.2\bin\jimage.dll
Event: 1.401 Loaded shared library E:\Users\toniw\.jdks\corretto-19.0.2\bin\verify.dll
Event: 2.084 Loaded shared library E:\Users\toniw\.gradle\native\c067742578af261105cb4f569cf0c3c89f3d7b1fecec35dd04571415982c5e48\windows-amd64\native-platform.dll
Event: 2.137 Loaded shared library E:\Users\toniw\.gradle\native\38dada09dfb8b06ba9b0570ebf7e218e3eb74d4ef43ca46872605cf95ebc2f47\windows-amd64\native-platform-file-events.dll
Event: 5.233 Loaded shared library E:\Users\toniw\.jdks\corretto-19.0.2\bin\management.dll
Event: 5.243 Loaded shared library E:\Users\toniw\.jdks\corretto-19.0.2\bin\management_ext.dll
Event: 5.970 Loaded shared library E:\Users\toniw\.jdks\corretto-19.0.2\bin\extnet.dll
Event: 6.509 Loaded shared library E:\Users\toniw\.jdks\corretto-19.0.2\bin\sunmscapi.dll

Deoptimization events (20 events):
Event: 11131.735 Thread 0x000002ceb92af550 DEOPT PACKING pc=0x000002ce991c4ff8 sp=0x000000f3ab9f87b0
Event: 11131.735 Thread 0x000002ceb92af550 DEOPT UNPACKING pc=0x000002ce97ea6d9d sp=0x000000f3ab9f8738 mode 2
Event: 11131.735 Thread 0x000002ceb92af550 Uncommon trap: trap_request=0xffffff45 fr.pc=0x000002ce99372dc0 relative=0x0000000000001420
Event: 11131.735 Thread 0x000002ceb92af550 Uncommon trap: reason=unstable_if action=reinterpret pc=0x000002ce99372dc0 method=com.sun.tools.javac.jvm.Code.emitop0(I)V @ 14 c2
Event: 11131.735 Thread 0x000002ceb92af550 DEOPT PACKING pc=0x000002ce99372dc0 sp=0x000000f3ab9f8a60
Event: 11131.735 Thread 0x000002ceb92af550 DEOPT UNPACKING pc=0x000002ce97ea6d9d sp=0x000000f3ab9f8a00 mode 2
Event: 11131.735 Thread 0x000002ceb92af550 Uncommon trap: trap_request=0xffffffde fr.pc=0x000002ce991c4ff8 relative=0x0000000000000138
Event: 11131.735 Thread 0x000002ceb92af550 Uncommon trap: reason=class_check action=maybe_recompile pc=0x000002ce991c4ff8 method=com.sun.tools.javac.jvm.Items$Item.coerce(I)Lcom/sun/tools/javac/jvm/Items$Item; @ 11 c2
Event: 11131.735 Thread 0x000002ceb92af550 DEOPT PACKING pc=0x000002ce991c4ff8 sp=0x000000f3ab9f88a0
Event: 11131.735 Thread 0x000002ceb92af550 DEOPT UNPACKING pc=0x000002ce97ea6d9d sp=0x000000f3ab9f8828 mode 2
Event: 11174.475 Thread 0x000002ceb92afaa0 Uncommon trap: trap_request=0xfffffff4 fr.pc=0x000002ce993c04b4 relative=0x00000000000005b4
Event: 11174.475 Thread 0x000002ceb92afaa0 Uncommon trap: reason=null_check action=make_not_entrant pc=0x000002ce993c04b4 method=org.gradle.internal.properties.bean.DefaultPropertyWalker$CachedPropertyValue.isConfigurable()Z @ 6 c2
Event: 11174.475 Thread 0x000002ceb92afaa0 DEOPT PACKING pc=0x000002ce993c04b4 sp=0x000000f3abcfd470
Event: 11174.475 Thread 0x000002ceb92afaa0 DEOPT UNPACKING pc=0x000002ce97ea6d9d sp=0x000000f3abcfd3c8 mode 2
Event: 11174.698 Thread 0x000002ceb92afaa0 DEOPT PACKING pc=0x000002ce9296e2c3 sp=0x000000f3abcf81e0
Event: 11174.698 Thread 0x000002ceb92afaa0 DEOPT UNPACKING pc=0x000002ce97ea7524 sp=0x000000f3abcf7678 mode 0
Event: 11174.962 Thread 0x000002ceb92afaa0 Uncommon trap: trap_request=0xffffffde fr.pc=0x000002ce991c4ff8 relative=0x0000000000000138
Event: 11174.962 Thread 0x000002ceb92afaa0 Uncommon trap: reason=class_check action=maybe_recompile pc=0x000002ce991c4ff8 method=com.sun.tools.javac.jvm.Items$Item.coerce(I)Lcom/sun/tools/javac/jvm/Items$Item; @ 11 c2
Event: 11174.962 Thread 0x000002ceb92afaa0 DEOPT PACKING pc=0x000002ce991c4ff8 sp=0x000000f3abcf8920
Event: 11174.962 Thread 0x000002ceb92afaa0 DEOPT UNPACKING pc=0x000002ce97ea6d9d sp=0x000000f3abcf88a8 mode 2

Classes loaded (20 events):
Event: 4355.926 Loading class java/util/EnumMap$EntryIterator$Entry
Event: 4355.926 Loading class java/util/EnumMap$EntryIterator$Entry done
Event: 4355.985 Loading class java/lang/runtime/ObjectMethods
Event: 4355.986 Loading class java/lang/runtime/ObjectMethods done
Event: 4355.988 Loading class java/lang/invoke/MethodHandleImpl$Makers
Event: 4355.989 Loading class java/lang/invoke/MethodHandleImpl$Makers done
Event: 4355.989 Loading class java/lang/invoke/MethodHandleImpl$Makers$1
Event: 4355.989 Loading class java/lang/invoke/MethodHandleImpl$Makers$1 done
Event: 4355.989 Loading class java/lang/invoke/MethodHandleImpl$Makers$2
Event: 4355.989 Loading class java/lang/invoke/MethodHandleImpl$Makers$2 done
Event: 4355.989 Loading class java/lang/invoke/MethodHandleImpl$Makers$3
Event: 4355.989 Loading class java/lang/invoke/MethodHandleImpl$Makers$3 done
Event: 4355.994 Loading class java/lang/invoke/BoundMethodHandle$Species_I
Event: 4355.994 Loading class java/lang/invoke/BoundMethodHandle$Species_I done
Event: 4355.995 Loading class java/lang/runtime/ObjectMethods$1
Event: 4355.995 Loading class java/lang/runtime/ObjectMethods$1 done
Event: 4356.013 Loading class java/lang/invoke/DirectMethodHandle$1
Event: 4356.013 Loading class java/lang/invoke/DirectMethodHandle$1 done
Event: 4476.418 Loading class java/util/regex/Pattern$Caret
Event: 4476.418 Loading class java/util/regex/Pattern$Caret done

Classes unloaded (5 events):
Event: 119.067 Thread 0x000002cea34087e0 Unloading class 0x00000008016383d8 '_BuildScript_$_run_closure1$_closure2$_closure3$_closure4'
Event: 119.067 Thread 0x000002cea34087e0 Unloading class 0x0000000801638000 '_BuildScript_$_run_closure1$_closure2$_closure3'
Event: 119.067 Thread 0x000002cea34087e0 Unloading class 0x00000008016348f8 '_BuildScript_$_run_closure1$_closure2'
Event: 119.067 Thread 0x000002cea34087e0 Unloading class 0x0000000801634520 '_BuildScript_$_run_closure1'
Event: 119.067 Thread 0x000002cea34087e0 Unloading class 0x0000000801634000 '_BuildScript_'

Classes redefined (0 events):
No events

Internal exceptions (20 events):
Event: 11625.674 Thread 0x000002ceb92aa050 Exception <a 'sun/nio/fs/WindowsException'{0x00000000f2d2dcb8}> (0x00000000f2d2dcb8) 
thrown [s\src\hotspot\share\prims\jni.cpp, line 517]
Event: 11625.677 Thread 0x000002ceb92aa050 Exception <a 'sun/nio/fs/WindowsException'{0x00000000f2c0ed78}> (0x00000000f2c0ed78) 
thrown [s\src\hotspot\share\prims\jni.cpp, line 517]
Event: 11625.677 Thread 0x000002ceb92aa050 Exception <a 'sun/nio/fs/WindowsException'{0x00000000f2c0ef10}> (0x00000000f2c0ef10) 
thrown [s\src\hotspot\share\prims\jni.cpp, line 517]
Event: 11625.685 Thread 0x000002ceb92aa050 Exception <a 'sun/nio/fs/WindowsException'{0x00000000f2ae4798}> (0x00000000f2ae4798) 
thrown [s\src\hotspot\share\prims\jni.cpp, line 517]
Event: 11625.685 Thread 0x000002ceb92aa050 Exception <a 'sun/nio/fs/WindowsException'{0x00000000f2ae4920}> (0x00000000f2ae4920) 
thrown [s\src\hotspot\share\prims\jni.cpp, line 517]
Event: 11625.686 Thread 0x000002ceb92aa050 Exception <a 'sun/nio/fs/WindowsException'{0x00000000f2af4c50}> (0x00000000f2af4c50) 
thrown [s\src\hotspot\share\prims\jni.cpp, line 517]
Event: 11625.686 Thread 0x000002ceb92aa050 Exception <a 'sun/nio/fs/WindowsException'{0x00000000f2af4de8}> (0x00000000f2af4de8) 
thrown [s\src\hotspot\share\prims\jni.cpp, line 517]
Event: 11625.688 Thread 0x000002ceb92aa050 Exception <a 'sun/nio/fs/WindowsException'{0x00000000f2914768}> (0x00000000f2914768) 
thrown [s\src\hotspot\share\prims\jni.cpp, line 517]
Event: 11625.688 Thread 0x000002ceb92aa050 Exception <a 'sun/nio/fs/WindowsException'{0x00000000f2914908}> (0x00000000f2914908) 
thrown [s\src\hotspot\share\prims\jni.cpp, line 517]
Event: 11625.691 Thread 0x000002ceb92aa050 Exception <a 'sun/nio/fs/WindowsException'{0x00000000f2938198}> (0x00000000f2938198) 
thrown [s\src\hotspot\share\prims\jni.cpp, line 517]
Event: 11625.694 Thread 0x000002ceb92aa050 Exception <a 'sun/nio/fs/WindowsException'{0x00000000f293f408}> (0x00000000f293f408) 
thrown [s\src\hotspot\share\prims\jni.cpp, line 517]
Event: 11625.698 Thread 0x000002ceb92aa050 Exception <a 'sun/nio/fs/WindowsException'{0x00000000f294ba48}> (0x00000000f294ba48) 
thrown [s\src\hotspot\share\prims\jni.cpp, line 517]
Event: 11625.725 Thread 0x000002ceb92aa050 Exception <a 'sun/nio/fs/WindowsException'{0x00000000f260db70}> (0x00000000f260db70) 
thrown [s\src\hotspot\share\prims\jni.cpp, line 517]
Event: 11625.725 Thread 0x000002ceb92aa050 Exception <a 'sun/nio/fs/WindowsException'{0x00000000f260f298}> (0x00000000f260f298) 
thrown [s\src\hotspot\share\prims\jni.cpp, line 517]
Event: 11625.760 Thread 0x000002ceb92aa050 Exception <a 'sun/nio/fs/WindowsException'{0x00000000f26a3518}> (0x00000000f26a3518) 
thrown [s\src\hotspot\share\prims\jni.cpp, line 517]
Event: 11625.790 Thread 0x000002ceb92aa050 Exception <a 'sun/nio/fs/WindowsException'{0x00000000f26aea78}> (0x00000000f26aea78) 
thrown [s\src\hotspot\share\prims\jni.cpp, line 517]
Event: 11651.418 Thread 0x000002ceb9ae1ac0 Exception <a 'sun/nio/fs/WindowsException'{0x00000000f19b75d8}> (0x00000000f19b75d8) 
thrown [s\src\hotspot\share\prims\jni.cpp, line 517]
Event: 11651.419 Thread 0x000002ceb9ae1ac0 Exception <a 'sun/nio/fs/WindowsException'{0x00000000f19b8b58}> (0x00000000f19b8b58) 
thrown [s\src\hotspot\share\prims\jni.cpp, line 517]
Event: 11651.419 Thread 0x000002ceb9ae1ac0 Exception <a 'sun/nio/fs/WindowsException'{0x00000000f19ba0d8}> (0x00000000f19ba0d8) 
thrown [s\src\hotspot\share\prims\jni.cpp, line 517]
Event: 11651.420 Thread 0x000002ceb9ae1ac0 Exception <a 'sun/nio/fs/WindowsException'{0x00000000f19bb638}> (0x00000000f19bb638) 
thrown [s\src\hotspot\share\prims\jni.cpp, line 517]

VM Operations (20 events):
Event: 11174.897 Executing VM operation: G1CollectForAllocation
Event: 11174.919 Executing VM operation: G1CollectForAllocation done
Event: 11175.934 Executing VM operation: Cleanup
Event: 11175.934 Executing VM operation: Cleanup done
Event: 11191.022 Executing VM operation: Cleanup
Event: 11191.024 Executing VM operation: Cleanup done
Event: 11232.277 Executing VM operation: Cleanup
Event: 11232.307 Executing VM operation: Cleanup done
Event: 11233.312 Executing VM operation: Cleanup
Event: 11233.313 Executing VM operation: Cleanup done
Event: 11624.195 Executing VM operation: G1CollectForAllocation
Event: 11624.207 Executing VM operation: G1CollectForAllocation done
Event: 11625.222 Executing VM operation: Cleanup
Event: 11625.222 Executing VM operation: Cleanup done
Event: 11626.223 Executing VM operation: Cleanup
Event: 11626.223 Executing VM operation: Cleanup done
Event: 11627.231 Executing VM operation: Cleanup
Event: 11627.231 Executing VM operation: Cleanup done
Event: 11650.712 Executing VM operation: Cleanup
Event: 11650.712 Executing VM operation: Cleanup done

Events (20 events):
Event: 11650.516 Thread 0x000002ceb92ad570 Thread exited: 0x000002ceb92ad570
Event: 11650.536 Thread 0x000002ceb9ae2560 Thread exited: 0x000002ceb9ae2560
Event: 11650.538 Thread 0x000002ceb9ae2010 Thread exited: 0x000002ceb9ae2010
Event: 11650.553 Thread 0x000002ceb9addb00 Thread exited: 0x000002ceb9addb00
Event: 11650.582 Thread 0x000002ceb9ae4540 Thread exited: 0x000002ceb9ae4540
Event: 11650.725 Thread 0x000002ceb9ade050 Thread exited: 0x000002ceb9ade050
Event: 11651.225 Thread 0x000002ceb92af000 Thread added: 0x000002ceb92af000
Event: 11651.276 Thread 0x000002ceb92ab590 Thread added: 0x000002ceb92ab590
Event: 11651.289 Thread 0x000002ceb92ad020 Thread added: 0x000002ceb92ad020
Event: 11651.290 Thread 0x000002ceb92af000 Thread exited: 0x000002ceb92af000
Event: 11651.295 Thread 0x000002ceb92a9b00 Thread added: 0x000002ceb92a9b00
Event: 11651.308 Thread 0x000002ceb92af000 Thread added: 0x000002ceb92af000
Event: 11651.310 Thread 0x000002ceb92abae0 Thread added: 0x000002ceb92abae0
Event: 11651.310 Thread 0x000002ceb92ac580 Thread added: 0x000002ceb92ac580
Event: 11651.366 Thread 0x000002ceb92ad570 Thread added: 0x000002ceb92ad570
Event: 11651.375 Thread 0x000002ceb92aa5a0 Thread added: 0x000002ceb92aa5a0
Event: 11651.395 Thread 0x000002ceb92afff0 Thread added: 0x000002ceb92afff0
Event: 11651.402 Thread 0x000002ceb92adac0 Thread added: 0x000002ceb92adac0
Event: 11651.431 Thread 0x000002ceb92ae010 Thread added: 0x000002ceb92ae010
Event: 11651.457 Thread 0x000002ceb92af550 Thread added: 0x000002ceb92af550


Dynamic libraries:
0x00007ff7b0740000 - 0x00007ff7b074d000 	E:\Users\toniw\.jdks\corretto-19.0.2\bin\java.exe
0x00007fff372d0000 - 0x00007fff374e6000 	E:\Windows\SYSTEM32\ntdll.dll
0x00007fff36f20000 - 0x00007fff36fe4000 	E:\Windows\System32\KERNEL32.DLL
0x00007fff34800000 - 0x00007fff34ba6000 	E:\Windows\System32\KERNELBASE.dll
0x00007fff34ed0000 - 0x00007fff34fe1000 	E:\Windows\System32\ucrtbase.dll
0x00007fff1e6c0000 - 0x00007fff1e6d5000 	E:\Users\toniw\.jdks\corretto-19.0.2\bin\VCRUNTIME140.dll
0x00007fff1e6a0000 - 0x00007fff1e6b7000 	E:\Users\toniw\.jdks\corretto-19.0.2\bin\jli.dll
0x00007fff350e0000 - 0x00007fff3528d000 	E:\Windows\System32\USER32.dll
0x00007fff34ff0000 - 0x00007fff35016000 	E:\Windows\System32\win32u.dll
0x00007fff359a0000 - 0x00007fff359c9000 	E:\Windows\System32\GDI32.dll
0x00007fff34bb0000 - 0x00007fff34cc8000 	E:\Windows\System32\gdi32full.dll
0x00007fff34e30000 - 0x00007fff34eca000 	E:\Windows\System32\msvcp_win.dll
0x00007fff336f0000 - 0x00007fff33983000 	E:\Windows\WinSxS\amd64_microsoft.windows.common-controls_6595b64144ccf1df_6.0.22621.3235_none_270f74e173860f98\COMCTL32.dll
0x00007fff36a80000 - 0x00007fff36b27000 	E:\Windows\System32\msvcrt.dll
0x00007fff352d0000 - 0x00007fff35301000 	E:\Windows\System32\IMM32.DLL
0x00007fff1e320000 - 0x00007fff1e3bb000 	E:\Users\toniw\.jdks\corretto-19.0.2\bin\msvcp140.dll
0x00007ffeeb620000 - 0x00007ffeec2f9000 	E:\Users\toniw\.jdks\corretto-19.0.2\bin\server\jvm.dll
0x00007fff36230000 - 0x00007fff362e2000 	E:\Windows\System32\ADVAPI32.dll
0x00007fff36e70000 - 0x00007fff36f18000 	E:\Windows\System32\sechost.dll
0x00007fff34cd0000 - 0x00007fff34cf8000 	E:\Windows\System32\bcrypt.dll
0x00007fff37070000 - 0x00007fff37185000 	E:\Windows\System32\RPCRT4.dll
0x00007fff33e90000 - 0x00007fff33e99000 	E:\Windows\SYSTEM32\WSOCK32.dll
0x00007fff36ff0000 - 0x00007fff37061000 	E:\Windows\System32\WS2_32.dll
0x00007fff2a840000 - 0x00007fff2a874000 	E:\Windows\SYSTEM32\WINMM.dll
0x00007fff2be10000 - 0x00007fff2be1a000 	E:\Windows\SYSTEM32\VERSION.dll
0x00007fff33440000 - 0x00007fff33458000 	E:\Windows\SYSTEM32\kernel.appcore.dll
0x00007fff311e0000 - 0x00007fff311ea000 	E:\Users\toniw\.jdks\corretto-19.0.2\bin\jimage.dll
0x00007fff33f70000 - 0x00007fff341a3000 	E:\Windows\SYSTEM32\DBGHELP.DLL
0x00007fff355f0000 - 0x00007fff35978000 	E:\Windows\System32\combase.dll
0x00007fff36d90000 - 0x00007fff36e67000 	E:\Windows\System32\OLEAUT32.dll
0x00007fff33e00000 - 0x00007fff33e32000 	E:\Windows\SYSTEM32\dbgcore.DLL
0x00007fff34780000 - 0x00007fff347fa000 	E:\Windows\System32\bcryptPrimitives.dll
0x00007fff2f190000 - 0x00007fff2f19e000 	E:\Users\toniw\.jdks\corretto-19.0.2\bin\instrument.dll
0x00007fff1e290000 - 0x00007fff1e2b6000 	E:\Users\toniw\.jdks\corretto-19.0.2\bin\java.dll
0x00007fff1be50000 - 0x00007fff1bf26000 	E:\Users\toniw\.jdks\corretto-19.0.2\bin\jsvml.dll
0x00007fff359d0000 - 0x00007fff3622d000 	E:\Windows\System32\SHELL32.dll
0x00007fff31cf0000 - 0x00007fff325e8000 	E:\Windows\SYSTEM32\windows.storage.dll
0x00007fff31bb0000 - 0x00007fff31cee000 	E:\Windows\SYSTEM32\wintypes.dll
0x00007fff36c90000 - 0x00007fff36d83000 	E:\Windows\System32\SHCORE.dll
0x00007fff36a20000 - 0x00007fff36a7e000 	E:\Windows\System32\shlwapi.dll
0x00007fff34540000 - 0x00007fff34566000 	E:\Windows\SYSTEM32\profapi.dll
0x00007fff1e680000 - 0x00007fff1e698000 	E:\Users\toniw\.jdks\corretto-19.0.2\bin\zip.dll
0x00007fff1e270000 - 0x00007fff1e283000 	E:\Users\toniw\.jdks\corretto-19.0.2\bin\net.dll
0x00007fff29480000 - 0x00007fff295b7000 	E:\Windows\SYSTEM32\WINHTTP.dll
0x00007fff33310000 - 0x00007fff33379000 	E:\Windows\system32\mswsock.dll
0x00007fff1e250000 - 0x00007fff1e265000 	E:\Users\toniw\.jdks\corretto-19.0.2\bin\nio.dll
0x00007fff1e600000 - 0x00007fff1e610000 	E:\Users\toniw\.jdks\corretto-19.0.2\bin\verify.dll
0x00007fff1e650000 - 0x00007fff1e677000 	E:\Users\toniw\.gradle\native\c067742578af261105cb4f569cf0c3c89f3d7b1fecec35dd04571415982c5e48\windows-amd64\native-platform.dll
0x00007fff1b140000 - 0x00007fff1b284000 	E:\Users\toniw\.gradle\native\38dada09dfb8b06ba9b0570ebf7e218e3eb74d4ef43ca46872605cf95ebc2f47\windows-amd64\native-platform-file-events.dll
0x00007fff1e1d0000 - 0x00007fff1e1d9000 	E:\Users\toniw\.jdks\corretto-19.0.2\bin\management.dll
0x00007fff1d560000 - 0x00007fff1d56b000 	E:\Users\toniw\.jdks\corretto-19.0.2\bin\management_ext.dll
0x00007fff350d0000 - 0x00007fff350d8000 	E:\Windows\System32\PSAPI.DLL
0x00007fff34290000 - 0x00007fff342ab000 	E:\Windows\SYSTEM32\CRYPTSP.dll
0x00007fff33390000 - 0x00007fff333c5000 	E:\Windows\system32\rsaenh.dll
0x00007fff33550000 - 0x00007fff3357c000 	E:\Windows\SYSTEM32\USERENV.dll
0x00007fff336b0000 - 0x00007fff336bc000 	E:\Windows\SYSTEM32\CRYPTBASE.dll
0x00007fff32b20000 - 0x00007fff32b4d000 	E:\Windows\SYSTEM32\IPHLPAPI.DLL
0x00007fff355e0000 - 0x00007fff355e9000 	E:\Windows\System32\NSI.dll
0x00007fff29e70000 - 0x00007fff29e89000 	E:\Windows\SYSTEM32\dhcpcsvc6.DLL
0x00007fff29e50000 - 0x00007fff29e6f000 	E:\Windows\SYSTEM32\dhcpcsvc.DLL
0x00007fff32b50000 - 0x00007fff32c49000 	E:\Windows\SYSTEM32\DNSAPI.dll
0x00007fff1d550000 - 0x00007fff1d558000 	E:\Users\toniw\.jdks\corretto-19.0.2\bin\extnet.dll
0x00007fff1be40000 - 0x00007fff1be4e000 	E:\Users\toniw\.jdks\corretto-19.0.2\bin\sunmscapi.dll
0x00007fff34610000 - 0x00007fff34776000 	E:\Windows\System32\CRYPT32.dll
0x00007fff33b00000 - 0x00007fff33b2e000 	E:\Windows\SYSTEM32\ncrypt.dll
0x00007fff33ac0000 - 0x00007fff33af7000 	E:\Windows\SYSTEM32\NTASN1.dll
0x00007fff10f70000 - 0x00007fff10f78000 	E:\Windows\system32\wshunix.dll

dbghelp: loaded successfully - version: 4.0.5 - missing functions: none
symbol engine: initialized successfully - sym options: 0x614 - pdb path: .;E:\Users\toniw\.jdks\corretto-19.0.2\bin;E:\Windows\SYSTEM32;E:\Windows\WinSxS\amd64_microsoft.windows.common-controls_6595b64144ccf1df_6.0.22621.3235_none_270f74e173860f98;E:\Users\toniw\.jdks\corretto-19.0.2\bin\server;E:\Users\toniw\.gradle\native\c067742578af261105cb4f569cf0c3c89f3d7b1fecec35dd04571415982c5e48\windows-amd64;E:\Users\toniw\.gradle\native\38dada09dfb8b06ba9b0570ebf7e218e3eb74d4ef43ca46872605cf95ebc2f47\windows-amd64

VM Arguments:
jvm_args: --add-opens=java.base/java.util=ALL-UNNAMED --add-opens=java.base/java.lang=ALL-UNNAMED --add-opens=java.base/java.lang.invoke=ALL-UNNAMED --add-opens=java.prefs/java.util.prefs=ALL-UNNAMED --add-opens=java.base/java.nio.charset=ALL-UNNAMED --add-opens=java.base/java.net=ALL-UNNAMED --add-opens=java.base/java.util.concurrent.atomic=ALL-UNNAMED -XX:MaxMetaspaceSize=384m -XX:+HeapDumpOnOutOfMemoryError -Xms256m -Xmx512m -Dfile.encoding=windows-1251 -Duser.country=US -Duser.language=en -Duser.variant -javaagent:E:\Users\toniw\.gradle\wrapper\dists\gradle-8.4-bin\1w5dpkrfk8irigvoxmyhowfim\gradle-8.4\lib\agents\gradle-instrumentation-agent-8.4.jar 
java_command: org.gradle.launcher.daemon.bootstrap.GradleDaemon 8.4
java_class_path (initial): E:\Users\toniw\.gradle\wrapper\dists\gradle-8.4-bin\1w5dpkrfk8irigvoxmyhowfim\gradle-8.4\lib\gradle-launcher-8.4.jar
Launcher Type: SUN_STANDARD

[Global flags]
     intx CICompilerCount                          = 2                                         {product} {ergonomic}
   size_t CompressedClassSpaceSize                 = 322961408                                 {product} {ergonomic}
     uint ConcGCThreads                            = 1                                         {product} {ergonomic}
     uint G1ConcRefinementThreads                  = 2                                         {product} {ergonomic}
   size_t G1HeapRegionSize                         = 1048576                                   {product} {ergonomic}
    uintx GCDrainStackTargetSize                   = 64                                        {product} {ergonomic}
     bool HeapDumpOnOutOfMemoryError               = true                                   {manageable} {command line}
   size_t InitialHeapSize                          = 268435456                                 {product} {command line}
   size_t MarkStackSize                            = 4194304                                   {product} {ergonomic}
   size_t MaxHeapSize                              = 536870912                                 {product} {command line}
   size_t MaxMetaspaceSize                         = 402653184                                 {product} {command line}
   size_t MaxNewSize                               = 321912832                                 {product} {ergonomic}
   size_t MinHeapDeltaBytes                        = 1048576                                   {product} {ergonomic}
   size_t MinHeapSize                              = 268435456                                 {product} {command line}
    uintx NonNMethodCodeHeapSize                   = 5826188                                {pd product} {ergonomic}
    uintx NonProfiledCodeHeapSize                  = 122916026                              {pd product} {ergonomic}
    uintx ProfiledCodeHeapSize                     = 122916026                              {pd product} {ergonomic}
    uintx ReservedCodeCacheSize                    = 251658240                              {pd product} {ergonomic}
     bool SegmentedCodeCache                       = true                                      {product} {ergonomic}
   size_t SoftMaxHeapSize                          = 536870912                              {manageable} {ergonomic}
     bool UseCompressedClassPointers               = true                           {product lp64_product} {ergonomic}
     bool UseCompressedOops                        = true                           {product lp64_product} {ergonomic}
     bool UseG1GC                                  = true                                      {product} {ergonomic}
     bool UseLargePagesIndividualAllocation        = false                                  {pd product} {ergonomic}

Logging:
Log output configuration:
 #0: stdout all=warning uptime,level,tags foldmultilines=false
 #1: stderr all=off uptime,level,tags foldmultilines=false

Environment Variables:
PATH=E:\Program Files\Common Files\Oracle\Java\javapath;E:\Program Files (x86)\Common Files\Oracle\Java\javapath;E:\Windows\system32;E:\Windows;E:\Windows\System32\Wbem;E:\Windows\System32\WindowsPowerShell\v1.0\;E:\Windows\System32\OpenSSH\;E:\Program Files\dotnet\;E:\Program Files\Microsoft SQL Server\150\Tools\Binn\;E:\Program Files\Microsoft SQL Server\Client SDK\ODBC\170\Tools\Binn\;E:\Program Files\Git\cmd;E:\Users\toniw\AppData\Local\Programs\Python\Python311\Scripts\;E:\Users\toniw\AppData\Local\Programs\Python\Python311\;E:\Users\toniw\AppData\Local\Microsoft\WindowsApps;E:\Program Files\JetBrains\IntelliJ IDEA Community Edition 2023.3.4\bin;;E:\Users\toniw\AppData\Local\Programs\Microsoft VS Code\bin;E:\Users\toniw\.dotnet\tools;E:\Users\toniw\AppData\Local\GitHubDesktop\bin
USERNAME=toniw
OS=Windows_NT
PROCESSOR_IDENTIFIER=AMD64 Family 15 Model 67 Stepping 3, AuthenticAMD
TMP=E:\Users\toniw\AppData\Local\Temp
TEMP=E:\Users\toniw\AppData\Local\Temp



---------------  S Y S T E M  ---------------

OS:
 Windows 11 , 64 bit Build 22621 (10.0.22621.3235)
OS uptime: 0 days 3:30 hours

CPU: total 2 (initial active 2) (2 cores per cpu, 1 threads per core) family 15 model 67 stepping 3 microcode 0x0, cx8, cmov, fxsr, mmx, 3dnowpref, sse, sse2, sse3, tsc, clflush, rdtscp

Memory: 4k page, system-wide physical 6143M (1063M free)
TotalPageFile size 16127M (AvailPageFile size 8781M)
current process WorkingSet (physical memory assigned to process): 341M, peak: 675M
current process commit charge ("private bytes"): 726M, peak: 729M

vm_info: OpenJDK 64-Bit Server VM (19.0.2+7-FR) for windows-amd64 JRE (19.0.2+7-FR), built on Jan 13 2023 22:53:32 by "Administrator" with MS VC++ 15.9 (VS2017)

END.
