#
# A fatal error has been detected by the Java Runtime Environment:
#
#  EXCEPTION_ACCESS_VIOLATION (0xc0000005) at pc=0x00007ffe5a62e4da, pid=9384, tid=8840
#
# JRE version: OpenJDK Runtime Environment Corretto-19.0.2.7.1 (19.0.2+7) (build 19.0.2+7-FR)
# Java VM: OpenJDK 64-Bit Server VM Corretto-19.0.2.7.1 (19.0.2+7-FR, mixed mode, sharing, tiered, compressed oops, compressed class ptrs, g1 gc, windows-amd64)
# Problematic frame:
# V  [jvm.dll+0x5be4da]
#
# No core dump will be written. Minidumps are not enabled by default on client versions of Windows
#
# If you would like to submit a bug report, please visit:
#   https://github.com/corretto/corretto-19/issues/
#

---------------  S U M M A R Y ------------

Command Line: -Djava.library.path=libs/lwjgl-2.9.3/native/windows/ -Dfile.encoding=windows-1251 -Duser.country=US -Duser.language=en -Duser.variant org.darkness.Main

Host: AMD Athlon(tm) 64 X2 Dual Core Processor 4600+, 2 cores, 5G,  Windows 11 , 64 bit Build 22621 (10.0.22621.3235)
Time: Mon Mar 25 17:12:42 2024 Russia TZ 2 Standard Time elapsed time: 35.136685 seconds (0d 0h 0m 35s)

---------------  T H R E A D  ---------------

Current thread (0x000001f35cfdfcb0):  VMThread "VM Thread" [stack: 0x0000007186200000,0x0000007186300000] [id=8840]

Stack: [0x0000007186200000,0x0000007186300000],  sp=0x00000071862ff640,  free space=1021k
Native frames: (J=compiled Java code, j=interpreted, Vv=VM code, C=native code)
V  [jvm.dll+0x5be4da]
V  [jvm.dll+0x5ba179]
V  [jvm.dll+0x5ba229]
V  [jvm.dll+0x887a11]
V  [jvm.dll+0x887ff3]
V  [jvm.dll+0x888d9e]
V  [jvm.dll+0x8892e5]
V  [jvm.dll+0x88975b]
V  [jvm.dll+0x889815]
V  [jvm.dll+0x82e2fa]
V  [jvm.dll+0x6cf0d3]
C  [ucrtbase.dll+0x29363]
C  [KERNEL32.DLL+0x1257d]
C  [ntdll.dll+0x5aa58]


siginfo: EXCEPTION_ACCESS_VIOLATION (0xc0000005), reading address 0x00007ffedac7f840


Registers:
RAX=0x000001f33e364470, RBX=0x00007ffedac7f7f0, RCX=0x00007ffedac7f818, RDX=0x0000000002250b06
RSP=0x00000071862ff640, RBP=0x000000000000000d, RSI=0x0000000000000000, RDI=0x0000000000000002
R8 =0x000001f33e35aaf8, R9 =0x000001f33e364480, R10=0x0000000000000000, R11=0x0000000000000246
R12=0x000001f35cfdfcb0, R13=0x000001f35cfe2628, R14=0x0000000000000000, R15=0x0000000000000000
RIP=0x00007ffe5a62e4da, EFLAGS=0x0000000000010202


Register to memory mapping:

RIP=0x00007ffe5a62e4da jvm.dll
RAX=0x000001f33e364470 points into unknown readable memory: 0x0000000000000000 | 00 00 00 00 00 00 00 00
RBX=0x00007ffedac7f7f0 is an unknown value
RCX=0x00007ffedac7f818 is an unknown value
RDX=0x0000000002250b06 is an unknown value
RSP=0x00000071862ff640 points into unknown readable memory: 0x00000000000000c0 | c0 00 00 00 00 00 00 00
RBP=0x000000000000000d is an unknown value
RSI=0x0 is NULL
RDI=0x0000000000000002 is an unknown value
R8 =0x000001f33e35aaf8 points into unknown readable memory: 0x000001f33e364470 | 70 44 36 3e f3 01 00 00
R9 =0x000001f33e364480 points into unknown readable memory: 0x00007ffe5ac6b050 | 50 b0 c6 5a fe 7f 00 00
R10=0x0 is NULL
R11=0x0000000000000246 is an unknown value
R12=0x000001f35cfdfcb0 points into unknown readable memory: 0x00007ffe5aad34f8 | f8 34 ad 5a fe 7f 00 00
R13=0x000001f35cfe2628 points into unknown readable memory: 0x000001f35cfdfcb0 | b0 fc fd 5c f3 01 00 00
R14=0x0 is NULL
R15=0x0 is NULL


Top of Stack: (sp=0x00000071862ff640)
0x00000071862ff640:   00000000000000c0 0000000000000000
0x00000071862ff650:   ffffffffffffd8f0 0000000000000000
0x00000071862ff660:   0000000000000002 00007ffe5a62a179
0x00000071862ff670:   00007ffedac7f7f0 000000000000000d
0x00000071862ff680:   0000000000000000 00007ffe5a3d4d9b
0x00000071862ff690:   0000000000000000 00007ffe5a62a229
0x00000071862ff6a0:   000001f35cfdfcb0 0000000000000000
0x00000071862ff6b0:   0000000000000000 0000007100000020
0x00000071862ff6c0:   0000000000000000 00007ffe5a8f7a11
0x00000071862ff6d0:   000001f35cfdfcb0 0000000000000000
0x00000071862ff6e0:   0000000000000000 0000000000000000
0x00000071862ff6f0:   0000000000000000 000001f35cfdfcb0
0x00000071862ff700:   000001f3627f6770 00007ffee50f0100
0x00000071862ff710:   0000000000000000 000001f33e5959a0
0x00000071862ff720:   0000000000000000 000000000000000d
0x00000071862ff730:   0000000000000000 000001f35cfdfcb0 

Instructions: (pc=0x00007ffe5a62e4da)
0x00007ffe5a62e3da:   00 41 5f 41 5e 41 5d 41 5c 5f 5e 5d c3 cc cc cc
0x00007ffe5a62e3ea:   cc cc cc cc cc cc 48 89 5c 24 08 48 89 74 24 10
0x00007ffe5a62e3fa:   57 48 83 ec 20 49 63 d8 48 8b fa 45 33 c0 48 8b
0x00007ffe5a62e40a:   f1 41 8d 50 11 8d 4a 07 e8 f9 98 b1 ff 4c 8b c8
0x00007ffe5a62e41a:   48 85 c0 74 11 48 c7 40 08 00 00 00 00 c7 40 14
0x00007ffe5a62e42a:   00 00 00 00 eb 03 45 33 c9 49 89 39 41 89 59 10
0x00007ffe5a62e43a:   48 8b 0c de 49 89 49 08 48 85 c9 74 15 39 59 10
0x00007ffe5a62e44a:   75 10 48 8b 41 08 49 89 41 08 48 8b c8 48 85 c0
0x00007ffe5a62e45a:   75 eb 83 fb 05 7f 29 ba 06 00 00 00 48 8d 4e 28
0x00007ffe5a62e46a:   2b d3 0f 1f 40 00 48 8b 01 48 85 c0 74 05 39 58
0x00007ffe5a62e47a:   10 7d 03 4c 89 09 48 83 e9 08 48 83 ea 01 75 e6
0x00007ffe5a62e48a:   48 8b 46 28 48 85 c0 74 2c 49 3b c1 74 0a 49 8b
0x00007ffe5a62e49a:   49 08 48 39 48 08 74 19 48 8b 40 08 48 85 c0 75
0x00007ffe5a62e4aa:   e8 48 8b 5c 24 30 48 8b 74 24 38 48 83 c4 20 5f
0x00007ffe5a62e4ba:   c3 4c 89 48 08 48 8b 5c 24 30 48 8b 74 24 38 48
0x00007ffe5a62e4ca:   83 c4 20 5f c3 cc 48 89 5c 24 08 57 48 83 ec 20
0x00007ffe5a62e4da:   48 8b 79 28 33 c0 48 89 41 08 48 8b d9 48 89 41
0x00007ffe5a62e4ea:   10 48 89 41 18 48 89 41 20 48 89 41 28 e8 94 33
0x00007ffe5a62e4fa:   10 00 0f 1f 40 00 8b 43 30 85 c0 75 f9 48 85 ff
0x00007ffe5a62e50a:   74 18 0f 1f 40 00 48 8b 5f 08 48 8b cf e8 d4 98
0x00007ffe5a62e51a:   b1 ff 48 8b fb 48 85 db 75 ec 48 8b 5c 24 30 48
0x00007ffe5a62e52a:   83 c4 20 5f c3 cc b8 ff ff ff ff f0 0f c1 41 30
0x00007ffe5a62e53a:   ff c8 c3 cc cc cc 48 8b 41 28 48 85 c0 74 15 0f
0x00007ffe5a62e54a:   1f 80 00 00 00 00 48 3b 10 74 0b 48 8b 40 08 48
0x00007ffe5a62e55a:   85 c0 75 f2 33 c0 c3 cc cc cc cc cc cc cc cc cc
0x00007ffe5a62e56a:   cc cc cc cc cc cc b8 01 00 00 00 f0 0f c1 41 30
0x00007ffe5a62e57a:   ff c0 c3 cc cc cc 48 89 5c 24 08 57 48 83 ec 20
0x00007ffe5a62e58a:   48 8b da 48 8b f9 48 39 51 08 75 08 48 8b 42 08
0x00007ffe5a62e59a:   48 89 41 08 48 39 59 10 75 08 48 8b 42 08 48 89
0x00007ffe5a62e5aa:   41 10 48 39 59 18 75 08 48 8b 42 08 48 89 41 18
0x00007ffe5a62e5ba:   48 39 59 20 75 08 48 8b 42 08 48 89 41 20 48 8b
0x00007ffe5a62e5ca:   41 28 48 3b c3 75 08 48 8b 42 08 48 89 41 28 48 


Stack slot to memory mapping:
stack at sp + 0 slots: 0x00000000000000c0 is an unknown value
stack at sp + 1 slots: 0x0 is NULL
stack at sp + 2 slots: 0xffffffffffffd8f0 is an unknown value
stack at sp + 3 slots: 0x0 is NULL
stack at sp + 4 slots: 0x0000000000000002 is an unknown value
stack at sp + 5 slots: 0x00007ffe5a62a179 jvm.dll
stack at sp + 6 slots: 0x00007ffedac7f7f0 is an unknown value
stack at sp + 7 slots: 0x000000000000000d is an unknown value

VM_Operation (0x0000007185bff160): Exit, mode: safepoint, requested by thread 0x000001f33e578020


---------------  P R O C E S S  ---------------

Threads class SMR info:
_java_thread_list=0x000001f3627f6770, length=13, elements={
0x000001f33e578020, 0x000001f35cffb120, 0x000001f35cffce00, 0x000001f35d000410,
0x000001f35d000d40, 0x000001f35d001670, 0x000001f35d0042e0, 0x000001f35d071510,
0x000001f35d072aa0, 0x000001f35d09ea60, 0x000001f361431060, 0x000001f367ef41a0,
0x000001f3617b3250
}

Java Threads: ( => current thread )
  0x000001f33e578020 JavaThread "main" [_thread_blocked, id=10760, stack(0x0000007185b00000,0x0000007185c00000)]
  0x000001f35cffb120 JavaThread "Reference Handler" daemon [_thread_blocked, id=10972, stack(0x0000007186300000,0x0000007186400000)]
  0x000001f35cffce00 JavaThread "Finalizer" daemon [_thread_blocked, id=10940, stack(0x0000007186400000,0x0000007186500000)]
  0x000001f35d000410 JavaThread "Attach Listener" daemon [_thread_blocked, id=4556, stack(0x0000007186600000,0x0000007186700000)]
  0x000001f35d000d40 JavaThread "Service Thread" daemon [_thread_blocked, id=10148, stack(0x0000007186700000,0x0000007186800000)]
  0x000001f35d001670 JavaThread "Monitor Deflation Thread" daemon [_thread_blocked, id=4384, stack(0x0000007186800000,0x0000007186900000)]
  0x000001f35d0042e0 JavaThread "C2 CompilerThread0" daemon [_thread_blocked, id=11116, stack(0x0000007186900000,0x0000007186a00000)]
  0x000001f35d071510 JavaThread "C1 CompilerThread0" daemon [_thread_blocked, id=9168, stack(0x0000007186a00000,0x0000007186b00000)]
  0x000001f35d072aa0 JavaThread "Sweeper thread" daemon [_thread_blocked, id=9296, stack(0x0000007186b00000,0x0000007186c00000)]
  0x000001f35d09ea60 JavaThread "Notification Thread" daemon [_thread_blocked, id=11108, stack(0x0000007186c00000,0x0000007186d00000)]
  0x000001f361431060 JavaThread "Common-Cleaner" daemon [_thread_blocked, id=10456, stack(0x0000007186e00000,0x0000007186f00000)]
  0x000001f367ef41a0 JavaThread "LWJGL Timer" daemon [_thread_blocked, id=10020, stack(0x0000007187600000,0x0000007187700000)]
  0x000001f3617b3250 JavaThread "Logging-Cleaner" [_thread_blocked, id=8356, stack(0x0000007187700000,0x0000007187800000)]

Other Threads:
=>0x000001f35cfdfcb0 VMThread "VM Thread" [stack: 0x0000007186200000,0x0000007186300000] [id=8840]
  0x000001f33e5c94f0 WorkerThread "GC Thread#0" [stack: 0x0000007185d00000,0x0000007185e00000] [id=9972]
  0x000001f3628b6a20 WorkerThread "GC Thread#1" [stack: 0x0000007187500000,0x0000007187600000] [id=6788]
  0x000001f33e5d6360 ConcurrentGCThread "G1 Main Marker" terminated
  0x000001f33e5d6e40 WorkerThread "G1 Conc#0" [stack: 0x0000007185f00000,0x0000007186000000] [id=8644]
  0x000001f33e638790 ConcurrentGCThread "G1 Refine#0" terminated
  0x000001f33e639380 ConcurrentGCThread "G1 Service" terminated

Threads with active compile tasks:

VM state: at safepoint (shutting down)

VM Mutex/Monitor currently owned by a thread:  ([mutex/lock_event])
[0x000001f33e5740b0] Threads_lock - owner thread: 0x000001f35cfdfcb0
[0x000001f33e574260] Heap_lock - owner thread: 0x000001f33e578020

Heap address: 0x00000000a0000000, size: 1536 MB, Compressed Oops mode: 32-bit

CDS archive(s) mapped at: [0x0000000800000000-0x0000000800c40000-0x0000000800c40000), size 12845056, SharedBaseAddress: 0x0000000800000000, ArchiveRelocationMode: 0.
Compressed class space mapped at: 0x0000000801000000-0x0000000841000000, reserved size: 1073741824
Narrow klass base: 0x0000000800000000, Narrow klass shift: 0, Narrow klass range: 0x100000000

GC Precious Log:
 CardTable entry size: 512
 Card Set container configuration: InlinePtr #cards 5 size 8 Array Of Cards #cards 12 size 40 Howl #buckets 4 coarsen threshold 1843 Howl Bitmap #cards 512 size 80 coarsen threshold 460 Card regions per heap region 1 cards per card region 2048
 CPUs: 2 total, 2 available
 Memory: 6143M
 Large Page Support: Disabled
 NUMA Support: Disabled
 Compressed Oops: Enabled (32-bit)
 Heap Region Size: 1M
 Heap Min Capacity: 8M
 Heap Initial Capacity: 96M
 Heap Max Capacity: 1536M
 Pre-touch: Disabled
 Parallel Workers: 2
 Concurrent Workers: 1
 Concurrent Refinement Workers: 2
 Periodic GC: Disabled

Heap:
 garbage-first heap   total 98304K, used 5994K [0x00000000a0000000, 0x0000000100000000)
  region size 1024K, 5 young (5120K), 1 survivors (1024K)
 Metaspace       used 4038K, committed 4288K, reserved 1114112K
  class space    used 264K, committed 384K, reserved 1048576K

Heap Regions: E=young(eden), S=young(survivor), O=old, HS=humongous(starts), HC=humongous(continues), CS=collection set, F=free, OA=open archive, CA=closed archive, TAMS=top-at-mark-start (previous, next)
|   0|0x00000000a0000000, 0x00000000a0100000, 0x00000000a0100000|100%| O|  |TAMS 0x00000000a0000000, 0x00000000a0000000| Untracked 
|   1|0x00000000a0100000, 0x00000000a0200000, 0x00000000a0200000|100%| O|  |TAMS 0x00000000a0100000, 0x00000000a0100000| Untracked 
|   2|0x00000000a0200000, 0x00000000a023f200, 0x00000000a0300000| 24%| O|  |TAMS 0x00000000a0200000, 0x00000000a0200000| Untracked 
|   3|0x00000000a0300000, 0x00000000a0300000, 0x00000000a0400000|  0%| F|  |TAMS 0x00000000a0300000, 0x00000000a0300000| Untracked 
|   4|0x00000000a0400000, 0x00000000a0400000, 0x00000000a0500000|  0%| F|  |TAMS 0x00000000a0400000, 0x00000000a0400000| Untracked 
|   5|0x00000000a0500000, 0x00000000a0500000, 0x00000000a0600000|  0%| F|  |TAMS 0x00000000a0500000, 0x00000000a0500000| Untracked 
|   6|0x00000000a0600000, 0x00000000a0600000, 0x00000000a0700000|  0%| F|  |TAMS 0x00000000a0600000, 0x00000000a0600000| Untracked 
|   7|0x00000000a0700000, 0x00000000a0700000, 0x00000000a0800000|  0%| F|  |TAMS 0x00000000a0700000, 0x00000000a0700000| Untracked 
|   8|0x00000000a0800000, 0x00000000a0800000, 0x00000000a0900000|  0%| F|  |TAMS 0x00000000a0800000, 0x00000000a0800000| Untracked 
|   9|0x00000000a0900000, 0x00000000a0900000, 0x00000000a0a00000|  0%| F|  |TAMS 0x00000000a0900000, 0x00000000a0900000| Untracked 
|  10|0x00000000a0a00000, 0x00000000a0a00000, 0x00000000a0b00000|  0%| F|  |TAMS 0x00000000a0a00000, 0x00000000a0a00000| Untracked 
|  11|0x00000000a0b00000, 0x00000000a0b00000, 0x00000000a0c00000|  0%| F|  |TAMS 0x00000000a0b00000, 0x00000000a0b00000| Untracked 
|  12|0x00000000a0c00000, 0x00000000a0c00000, 0x00000000a0d00000|  0%| F|  |TAMS 0x00000000a0c00000, 0x00000000a0c00000| Untracked 
|  13|0x00000000a0d00000, 0x00000000a0d00000, 0x00000000a0e00000|  0%| F|  |TAMS 0x00000000a0d00000, 0x00000000a0d00000| Untracked 
|  14|0x00000000a0e00000, 0x00000000a0e00000, 0x00000000a0f00000|  0%| F|  |TAMS 0x00000000a0e00000, 0x00000000a0e00000| Untracked 
|  15|0x00000000a0f00000, 0x00000000a0f00000, 0x00000000a1000000|  0%| F|  |TAMS 0x00000000a0f00000, 0x00000000a0f00000| Untracked 
|  16|0x00000000a1000000, 0x00000000a1000000, 0x00000000a1100000|  0%| F|  |TAMS 0x00000000a1000000, 0x00000000a1000000| Untracked 
|  17|0x00000000a1100000, 0x00000000a1100000, 0x00000000a1200000|  0%| F|  |TAMS 0x00000000a1100000, 0x00000000a1100000| Untracked 
|  18|0x00000000a1200000, 0x00000000a1200000, 0x00000000a1300000|  0%| F|  |TAMS 0x00000000a1200000, 0x00000000a1200000| Untracked 
|  19|0x00000000a1300000, 0x00000000a1300000, 0x00000000a1400000|  0%| F|  |TAMS 0x00000000a1300000, 0x00000000a1300000| Untracked 
|  20|0x00000000a1400000, 0x00000000a1400000, 0x00000000a1500000|  0%| F|  |TAMS 0x00000000a1400000, 0x00000000a1400000| Untracked 
|  21|0x00000000a1500000, 0x00000000a1500000, 0x00000000a1600000|  0%| F|  |TAMS 0x00000000a1500000, 0x00000000a1500000| Untracked 
|  22|0x00000000a1600000, 0x00000000a1600000, 0x00000000a1700000|  0%| F|  |TAMS 0x00000000a1600000, 0x00000000a1600000| Untracked 
|  23|0x00000000a1700000, 0x00000000a1700000, 0x00000000a1800000|  0%| F|  |TAMS 0x00000000a1700000, 0x00000000a1700000| Untracked 
|  24|0x00000000a1800000, 0x00000000a1800000, 0x00000000a1900000|  0%| F|  |TAMS 0x00000000a1800000, 0x00000000a1800000| Untracked 
|  25|0x00000000a1900000, 0x00000000a1900000, 0x00000000a1a00000|  0%| F|  |TAMS 0x00000000a1900000, 0x00000000a1900000| Untracked 
|  26|0x00000000a1a00000, 0x00000000a1a00000, 0x00000000a1b00000|  0%| F|  |TAMS 0x00000000a1a00000, 0x00000000a1a00000| Untracked 
|  27|0x00000000a1b00000, 0x00000000a1b00000, 0x00000000a1c00000|  0%| F|  |TAMS 0x00000000a1b00000, 0x00000000a1b00000| Untracked 
|  28|0x00000000a1c00000, 0x00000000a1c00000, 0x00000000a1d00000|  0%| F|  |TAMS 0x00000000a1c00000, 0x00000000a1c00000| Untracked 
|  29|0x00000000a1d00000, 0x00000000a1d00000, 0x00000000a1e00000|  0%| F|  |TAMS 0x00000000a1d00000, 0x00000000a1d00000| Untracked 
|  30|0x00000000a1e00000, 0x00000000a1e00000, 0x00000000a1f00000|  0%| F|  |TAMS 0x00000000a1e00000, 0x00000000a1e00000| Untracked 
|  31|0x00000000a1f00000, 0x00000000a1f00000, 0x00000000a2000000|  0%| F|  |TAMS 0x00000000a1f00000, 0x00000000a1f00000| Untracked 
|  32|0x00000000a2000000, 0x00000000a2000000, 0x00000000a2100000|  0%| F|  |TAMS 0x00000000a2000000, 0x00000000a2000000| Untracked 
|  33|0x00000000a2100000, 0x00000000a2100000, 0x00000000a2200000|  0%| F|  |TAMS 0x00000000a2100000, 0x00000000a2100000| Untracked 
|  34|0x00000000a2200000, 0x00000000a2200000, 0x00000000a2300000|  0%| F|  |TAMS 0x00000000a2200000, 0x00000000a2200000| Untracked 
|  35|0x00000000a2300000, 0x00000000a2300000, 0x00000000a2400000|  0%| F|  |TAMS 0x00000000a2300000, 0x00000000a2300000| Untracked 
|  36|0x00000000a2400000, 0x00000000a2400000, 0x00000000a2500000|  0%| F|  |TAMS 0x00000000a2400000, 0x00000000a2400000| Untracked 
|  37|0x00000000a2500000, 0x00000000a2500000, 0x00000000a2600000|  0%| F|  |TAMS 0x00000000a2500000, 0x00000000a2500000| Untracked 
|  38|0x00000000a2600000, 0x00000000a2600000, 0x00000000a2700000|  0%| F|  |TAMS 0x00000000a2600000, 0x00000000a2600000| Untracked 
|  39|0x00000000a2700000, 0x00000000a2700000, 0x00000000a2800000|  0%| F|  |TAMS 0x00000000a2700000, 0x00000000a2700000| Untracked 
|  40|0x00000000a2800000, 0x00000000a2800000, 0x00000000a2900000|  0%| F|  |TAMS 0x00000000a2800000, 0x00000000a2800000| Untracked 
|  41|0x00000000a2900000, 0x00000000a2900000, 0x00000000a2a00000|  0%| F|  |TAMS 0x00000000a2900000, 0x00000000a2900000| Untracked 
|  42|0x00000000a2a00000, 0x00000000a2a00000, 0x00000000a2b00000|  0%| F|  |TAMS 0x00000000a2a00000, 0x00000000a2a00000| Untracked 
|  43|0x00000000a2b00000, 0x00000000a2b00000, 0x00000000a2c00000|  0%| F|  |TAMS 0x00000000a2b00000, 0x00000000a2b00000| Untracked 
|  44|0x00000000a2c00000, 0x00000000a2c00000, 0x00000000a2d00000|  0%| F|  |TAMS 0x00000000a2c00000, 0x00000000a2c00000| Untracked 
|  45|0x00000000a2d00000, 0x00000000a2d00000, 0x00000000a2e00000|  0%| F|  |TAMS 0x00000000a2d00000, 0x00000000a2d00000| Untracked 
|  46|0x00000000a2e00000, 0x00000000a2e00000, 0x00000000a2f00000|  0%| F|  |TAMS 0x00000000a2e00000, 0x00000000a2e00000| Untracked 
|  47|0x00000000a2f00000, 0x00000000a2f00000, 0x00000000a3000000|  0%| F|  |TAMS 0x00000000a2f00000, 0x00000000a2f00000| Untracked 
|  48|0x00000000a3000000, 0x00000000a3000000, 0x00000000a3100000|  0%| F|  |TAMS 0x00000000a3000000, 0x00000000a3000000| Untracked 
|  49|0x00000000a3100000, 0x00000000a3100000, 0x00000000a3200000|  0%| F|  |TAMS 0x00000000a3100000, 0x00000000a3100000| Untracked 
|  50|0x00000000a3200000, 0x00000000a3200000, 0x00000000a3300000|  0%| F|  |TAMS 0x00000000a3200000, 0x00000000a3200000| Untracked 
|  51|0x00000000a3300000, 0x00000000a3300000, 0x00000000a3400000|  0%| F|  |TAMS 0x00000000a3300000, 0x00000000a3300000| Untracked 
|  52|0x00000000a3400000, 0x00000000a3400000, 0x00000000a3500000|  0%| F|  |TAMS 0x00000000a3400000, 0x00000000a3400000| Untracked 
|  53|0x00000000a3500000, 0x00000000a3500000, 0x00000000a3600000|  0%| F|  |TAMS 0x00000000a3500000, 0x00000000a3500000| Untracked 
|  54|0x00000000a3600000, 0x00000000a3600000, 0x00000000a3700000|  0%| F|  |TAMS 0x00000000a3600000, 0x00000000a3600000| Untracked 
|  55|0x00000000a3700000, 0x00000000a3700000, 0x00000000a3800000|  0%| F|  |TAMS 0x00000000a3700000, 0x00000000a3700000| Untracked 
|  56|0x00000000a3800000, 0x00000000a3800000, 0x00000000a3900000|  0%| F|  |TAMS 0x00000000a3800000, 0x00000000a3800000| Untracked 
|  57|0x00000000a3900000, 0x00000000a3900000, 0x00000000a3a00000|  0%| F|  |TAMS 0x00000000a3900000, 0x00000000a3900000| Untracked 
|  58|0x00000000a3a00000, 0x00000000a3a00000, 0x00000000a3b00000|  0%| F|  |TAMS 0x00000000a3a00000, 0x00000000a3a00000| Untracked 
|  59|0x00000000a3b00000, 0x00000000a3b00000, 0x00000000a3c00000|  0%| F|  |TAMS 0x00000000a3b00000, 0x00000000a3b00000| Untracked 
|  60|0x00000000a3c00000, 0x00000000a3c00000, 0x00000000a3d00000|  0%| F|  |TAMS 0x00000000a3c00000, 0x00000000a3c00000| Untracked 
|  61|0x00000000a3d00000, 0x00000000a3d00000, 0x00000000a3e00000|  0%| F|  |TAMS 0x00000000a3d00000, 0x00000000a3d00000| Untracked 
|  62|0x00000000a3e00000, 0x00000000a3e00000, 0x00000000a3f00000|  0%| F|  |TAMS 0x00000000a3e00000, 0x00000000a3e00000| Untracked 
|  63|0x00000000a3f00000, 0x00000000a3f00000, 0x00000000a4000000|  0%| F|  |TAMS 0x00000000a3f00000, 0x00000000a3f00000| Untracked 
|  64|0x00000000a4000000, 0x00000000a4000000, 0x00000000a4100000|  0%| F|  |TAMS 0x00000000a4000000, 0x00000000a4000000| Untracked 
|  65|0x00000000a4100000, 0x00000000a4100000, 0x00000000a4200000|  0%| F|  |TAMS 0x00000000a4100000, 0x00000000a4100000| Untracked 
|  66|0x00000000a4200000, 0x00000000a4200000, 0x00000000a4300000|  0%| F|  |TAMS 0x00000000a4200000, 0x00000000a4200000| Untracked 
|  67|0x00000000a4300000, 0x00000000a4300000, 0x00000000a4400000|  0%| F|  |TAMS 0x00000000a4300000, 0x00000000a4300000| Untracked 
|  68|0x00000000a4400000, 0x00000000a4400000, 0x00000000a4500000|  0%| F|  |TAMS 0x00000000a4400000, 0x00000000a4400000| Untracked 
|  69|0x00000000a4500000, 0x00000000a4500000, 0x00000000a4600000|  0%| F|  |TAMS 0x00000000a4500000, 0x00000000a4500000| Untracked 
|  70|0x00000000a4600000, 0x00000000a4600000, 0x00000000a4700000|  0%| F|  |TAMS 0x00000000a4600000, 0x00000000a4600000| Untracked 
|  71|0x00000000a4700000, 0x00000000a4700000, 0x00000000a4800000|  0%| F|  |TAMS 0x00000000a4700000, 0x00000000a4700000| Untracked 
|  72|0x00000000a4800000, 0x00000000a4800000, 0x00000000a4900000|  0%| F|  |TAMS 0x00000000a4800000, 0x00000000a4800000| Untracked 
|  73|0x00000000a4900000, 0x00000000a4900000, 0x00000000a4a00000|  0%| F|  |TAMS 0x00000000a4900000, 0x00000000a4900000| Untracked 
|  74|0x00000000a4a00000, 0x00000000a4a00000, 0x00000000a4b00000|  0%| F|  |TAMS 0x00000000a4a00000, 0x00000000a4a00000| Untracked 
|  75|0x00000000a4b00000, 0x00000000a4b00000, 0x00000000a4c00000|  0%| F|  |TAMS 0x00000000a4b00000, 0x00000000a4b00000| Untracked 
|  76|0x00000000a4c00000, 0x00000000a4c00000, 0x00000000a4d00000|  0%| F|  |TAMS 0x00000000a4c00000, 0x00000000a4c00000| Untracked 
|  77|0x00000000a4d00000, 0x00000000a4d00000, 0x00000000a4e00000|  0%| F|  |TAMS 0x00000000a4d00000, 0x00000000a4d00000| Untracked 
|  78|0x00000000a4e00000, 0x00000000a4e00000, 0x00000000a4f00000|  0%| F|  |TAMS 0x00000000a4e00000, 0x00000000a4e00000| Untracked 
|  79|0x00000000a4f00000, 0x00000000a4f00000, 0x00000000a5000000|  0%| F|  |TAMS 0x00000000a4f00000, 0x00000000a4f00000| Untracked 
|  80|0x00000000a5000000, 0x00000000a5000000, 0x00000000a5100000|  0%| F|  |TAMS 0x00000000a5000000, 0x00000000a5000000| Untracked 
|  81|0x00000000a5100000, 0x00000000a5100000, 0x00000000a5200000|  0%| F|  |TAMS 0x00000000a5100000, 0x00000000a5100000| Untracked 
|  82|0x00000000a5200000, 0x00000000a5200000, 0x00000000a5300000|  0%| F|  |TAMS 0x00000000a5200000, 0x00000000a5200000| Untracked 
|  83|0x00000000a5300000, 0x00000000a5300000, 0x00000000a5400000|  0%| F|  |TAMS 0x00000000a5300000, 0x00000000a5300000| Untracked 
|  84|0x00000000a5400000, 0x00000000a5400000, 0x00000000a5500000|  0%| F|  |TAMS 0x00000000a5400000, 0x00000000a5400000| Untracked 
|  85|0x00000000a5500000, 0x00000000a5500000, 0x00000000a5600000|  0%| F|  |TAMS 0x00000000a5500000, 0x00000000a5500000| Untracked 
|  86|0x00000000a5600000, 0x00000000a5600000, 0x00000000a5700000|  0%| F|  |TAMS 0x00000000a5600000, 0x00000000a5600000| Untracked 
|  87|0x00000000a5700000, 0x00000000a5700000, 0x00000000a5800000|  0%| F|  |TAMS 0x00000000a5700000, 0x00000000a5700000| Untracked 
|  88|0x00000000a5800000, 0x00000000a5800000, 0x00000000a5900000|  0%| F|  |TAMS 0x00000000a5800000, 0x00000000a5800000| Untracked 
|  89|0x00000000a5900000, 0x00000000a5900000, 0x00000000a5a00000|  0%| F|  |TAMS 0x00000000a5900000, 0x00000000a5900000| Untracked 
|  90|0x00000000a5a00000, 0x00000000a5a9b9b0, 0x00000000a5b00000| 60%| S|CS|TAMS 0x00000000a5a00000, 0x00000000a5a00000| Complete 
|  91|0x00000000a5b00000, 0x00000000a5b00000, 0x00000000a5c00000|  0%| F|  |TAMS 0x00000000a5b00000, 0x00000000a5b00000| Untracked 
|  92|0x00000000a5c00000, 0x00000000a5cf08a8, 0x00000000a5d00000| 93%| E|  |TAMS 0x00000000a5c00000, 0x00000000a5c00000| Complete 
|  93|0x00000000a5d00000, 0x00000000a5e00000, 0x00000000a5e00000|100%| E|CS|TAMS 0x00000000a5d00000, 0x00000000a5d00000| Complete 
|  94|0x00000000a5e00000, 0x00000000a5f00000, 0x00000000a5f00000|100%| E|CS|TAMS 0x00000000a5e00000, 0x00000000a5e00000| Complete 
|  95|0x00000000a5f00000, 0x00000000a6000000, 0x00000000a6000000|100%| E|CS|TAMS 0x00000000a5f00000, 0x00000000a5f00000| Complete 

Card table byte_map: [0x000001f357640000,0x000001f357940000] _byte_map_base: 0x000001f357140000

Marking Bits (Prev, Next): (CMBitMap*) 0x000001f33e5c9a30, (CMBitMap*) 0x000001f33e5c9a70
 Prev Bits: [0x000001f357c40000, 0x000001f359440000)
 Next Bits: [0x000001f359440000, 0x000001f35ac40000)

Polling page: 0x000001f33e640000

Metaspace:

Usage:
  Non-class:      3.69 MB used.
      Class:    264.48 KB used.
       Both:      3.94 MB used.

Virtual space:
  Non-class space:       64.00 MB reserved,       3.81 MB (  6%) committed,  1 nodes.
      Class space:        1.00 GB reserved,     384.00 KB ( <1%) committed,  1 nodes.
             Both:        1.06 GB reserved,       4.19 MB ( <1%) committed. 

Chunk freelists:
   Non-Class:  2.48 MB
       Class:  3.57 MB
        Both:  6.05 MB

MaxMetaspaceSize: unlimited
CompressedClassSpaceSize: 1.00 GB
Initial GC threshold: 21.00 MB
Current GC threshold: 21.00 MB
CDS: on
MetaspaceReclaimPolicy: balanced
 - commit_granule_bytes: 65536.
 - commit_granule_words: 8192.
 - virtual_space_node_default_size: 8388608.
 - enlarge_chunks_in_place: 1.
 - new_chunks_are_fully_committed: 0.
 - uncommit_free_chunks: 1.
 - use_allocation_guard: 0.


Internal statistics:

num_allocs_failed_limit: 0.
num_arena_births: 220.
num_arena_deaths: 0.
num_vsnodes_births: 2.
num_vsnodes_deaths: 0.
num_space_committed: 65.
num_space_uncommitted: 0.
num_chunks_returned_to_freelist: 0.
num_chunks_taken_from_freelist: 334.
num_chunk_merges: 0.
num_chunk_splits: 205.
num_chunks_enlarged: 100.
num_inconsistent_stats: 0.

CodeHeap 'non-profiled nmethods': size=120064Kb used=664Kb max_used=664Kb free=119400Kb
 bounds [0x000001f34fa00000, 0x000001f34fc70000, 0x000001f356f40000]
CodeHeap 'profiled nmethods': size=120000Kb used=2628Kb max_used=2628Kb free=117371Kb
 bounds [0x000001f347f40000, 0x000001f3481e0000, 0x000001f34f470000]
CodeHeap 'non-nmethods': size=5696Kb used=1304Kb max_used=1345Kb free=4391Kb
 bounds [0x000001f34f470000, 0x000001f34f6e0000, 0x000001f34fa00000]
 total_blobs=2187 nmethods=1650 adapters=449
 compilation: enabled
              stopped_count=0, restarted_count=0
 full_count=0

Compilation events (20 events):
Event: 32.595 Thread 0x000001f35d071510 1642       3       org.lwjgl.opengl.WindowsKeyboard::translateExtended (74 bytes)
Event: 32.595 Thread 0x000001f35d071510 nmethod 1642 0x000001f3481c8a90 code [0x000001f3481c8c60, 0x000001f3481c8fd8]
Event: 32.595 Thread 0x000001f35d071510 1643       3       org.lwjgl.opengl.WindowsKeycodes::mapVirtualKeyToLWJGLCode (1234 bytes)
Event: 32.597 Thread 0x000001f35d071510 nmethod 1643 0x000001f3481c9090 code [0x000001f3481c96a0, 0x000001f3481cc218]
Event: 32.818 Thread 0x000001f35d071510 1644       3       org.lwjgl.opengl.WindowsKeyboard::putEvent (68 bytes)
Event: 32.819 Thread 0x000001f35d071510 nmethod 1644 0x000001f3481cc290 code [0x000001f3481cc4c0, 0x000001f3481ccc38]
Event: 33.112 Thread 0x000001f35d071510 1645       3       org.lwjgl.opengl.WindowsKeyboard::handleKey (116 bytes)
Event: 33.113 Thread 0x000001f35d071510 nmethod 1645 0x000001f3481ccf10 code [0x000001f3481cd120, 0x000001f3481cd6c8]
Event: 33.573 Thread 0x000001f35d071510 1646       3       java.lang.Math::round (56 bytes)
Event: 33.574 Thread 0x000001f35d071510 nmethod 1646 0x000001f3481cd990 code [0x000001f3481cdb40, 0x000001f3481cdd38]
Event: 33.656 Thread 0x000001f35d071510 1647       3       org.lwjgl.util.vector.Vector3f::toString (70 bytes)
Event: 33.659 Thread 0x000001f35d071510 nmethod 1647 0x000001f3481cde10 code [0x000001f3481ce160, 0x000001f3481cf518]
Event: 33.812 Thread 0x000001f35d0042e0 1648       4       java.nio.HeapByteBuffer::compact (85 bytes)
Event: 33.816 Thread 0x000001f35d0042e0 nmethod 1648 0x000001f34faa5710 code [0x000001f34faa58a0, 0x000001f34faa5ab8]
Event: 33.833 Thread 0x000001f35d071510 1649       3       org.lwjgl.opengl.WindowsDisplay::handleChar (61 bytes)
Event: 33.834 Thread 0x000001f35d071510 nmethod 1649 0x000001f3481cfd10 code [0x000001f3481cfec0, 0x000001f3481d00e8]
Event: 34.555 Thread 0x000001f35d0042e0 1650       4       jdk.internal.math.MathUtils::flog10pow2 (11 bytes)
Event: 34.556 Thread 0x000001f35d0042e0 nmethod 1650 0x000001f34faa5d10 code [0x000001f34faa5e80, 0x000001f34faa5ef8]
Event: 34.589 Thread 0x000001f35d071510 1651       3       jdk.internal.math.FloatToDecimal::toDecimal (350 bytes)
Event: 34.591 Thread 0x000001f35d071510 nmethod 1651 0x000001f3481d0210 code [0x000001f3481d0460, 0x000001f3481d0f18]

GC Heap History (4 events):
Event: 2.164 GC heap before
{Heap before GC invocations=0 (full 0):
 garbage-first heap   total 98304K, used 5120K [0x00000000a0000000, 0x0000000100000000)
  region size 1024K, 6 young (6144K), 0 survivors (0K)
 Metaspace       used 2655K, committed 2816K, reserved 1114112K
  class space    used 162K, committed 256K, reserved 1048576K
}
Event: 2.177 GC heap after
{Heap after GC invocations=1 (full 0):
 garbage-first heap   total 98304K, used 2409K [0x00000000a0000000, 0x0000000100000000)
  region size 1024K, 1 young (1024K), 1 survivors (1024K)
 Metaspace       used 2655K, committed 2816K, reserved 1114112K
  class space    used 162K, committed 256K, reserved 1048576K
}
Event: 3.116 GC heap before
{Heap before GC invocations=1 (full 0):
 garbage-first heap   total 98304K, used 7529K [0x00000000a0000000, 0x0000000100000000)
  region size 1024K, 6 young (6144K), 1 survivors (1024K)
 Metaspace       used 3757K, committed 4032K, reserved 1114112K
  class space    used 250K, committed 384K, reserved 1048576K
}
Event: 3.129 GC heap after
{Heap after GC invocations=2 (full 0):
 garbage-first heap   total 98304K, used 2922K [0x00000000a0000000, 0x0000000100000000)
  region size 1024K, 1 young (1024K), 1 survivors (1024K)
 Metaspace       used 3757K, committed 4032K, reserved 1114112K
  class space    used 250K, committed 384K, reserved 1048576K
}

Dll operation events (9 events):
Event: 0.051 Loaded shared library E:\Users\toniw\.jdks\corretto-19.0.2\bin\java.dll
Event: 0.095 Loaded shared library E:\Users\toniw\.jdks\corretto-19.0.2\bin\jsvml.dll
Event: 0.371 Loaded shared library E:\Users\toniw\.jdks\corretto-19.0.2\bin\net.dll
Event: 0.376 Loaded shared library E:\Users\toniw\.jdks\corretto-19.0.2\bin\nio.dll
Event: 0.386 Loaded shared library E:\Users\toniw\.jdks\corretto-19.0.2\bin\zip.dll
Event: 0.455 Loaded shared library E:\Users\toniw\.jdks\corretto-19.0.2\bin\verify.dll
Event: 0.551 Loaded shared library D:\JavaProjects\Terrain\libs\lwjgl-2.9.3\native\windows\lwjgl64.dll
Event: 1.945 Loaded shared library E:\Users\toniw\.jdks\corretto-19.0.2\bin\jimage.dll
Event: 2.159 Loaded shared library E:\Users\toniw\.jdks\corretto-19.0.2\bin\awt.dll

Deoptimization events (20 events):
Event: 3.231 Thread 0x000001f33e578020 DEOPT PACKING pc=0x000001f3480138ca sp=0x0000007185bfec40
Event: 3.231 Thread 0x000001f33e578020 DEOPT UNPACKING pc=0x000001f34f4d7524 sp=0x0000007185bfe0d0 mode 0
Event: 3.233 Thread 0x000001f33e578020 DEOPT PACKING pc=0x000001f3480138ca sp=0x0000007185bfec40
Event: 3.233 Thread 0x000001f33e578020 DEOPT UNPACKING pc=0x000001f34f4d7524 sp=0x0000007185bfe0d0 mode 0
Event: 3.235 Thread 0x000001f33e578020 DEOPT PACKING pc=0x000001f3480138ca sp=0x0000007185bfec40
Event: 3.235 Thread 0x000001f33e578020 DEOPT UNPACKING pc=0x000001f34f4d7524 sp=0x0000007185bfe0d0 mode 0
Event: 6.254 Thread 0x000001f33e578020 DEOPT PACKING pc=0x000001f34817826c sp=0x0000007185bff270
Event: 6.254 Thread 0x000001f33e578020 DEOPT UNPACKING pc=0x000001f34f4d7524 sp=0x0000007185bfe7f8 mode 0
Event: 7.198 Thread 0x000001f33e578020 DEOPT PACKING pc=0x000001f34816c892 sp=0x0000007185bff320
Event: 7.198 Thread 0x000001f33e578020 DEOPT UNPACKING pc=0x000001f34f4d7524 sp=0x0000007185bfe7f8 mode 0
Event: 16.832 Thread 0x000001f33e578020 DEOPT PACKING pc=0x000001f34816ea9d sp=0x0000007185bff0b0
Event: 16.832 Thread 0x000001f33e578020 DEOPT UNPACKING pc=0x000001f34f4d7524 sp=0x0000007185bfe568 mode 0
Event: 33.938 Thread 0x000001f33e578020 Uncommon trap: trap_request=0xffffff45 fr.pc=0x000001f34faa4e4c relative=0x0000000000000f4c
Event: 33.938 Thread 0x000001f33e578020 Uncommon trap: reason=unstable_if action=reinterpret pc=0x000001f34faa4e4c method=jdk.internal.math.FloatToDecimal.toDecimal(III)I @ 325 c2
Event: 33.938 Thread 0x000001f33e578020 DEOPT PACKING pc=0x000001f34faa4e4c sp=0x0000007185bff200
Event: 33.938 Thread 0x000001f33e578020 DEOPT UNPACKING pc=0x000001f34f4d6d9d sp=0x0000007185bff110 mode 2
Event: 34.845 Thread 0x000001f33e578020 Uncommon trap: trap_request=0xffffff3d fr.pc=0x000001f34fa9d6f4 relative=0x0000000000000554
Event: 34.845 Thread 0x000001f33e578020 Uncommon trap: reason=unstable_fused_if action=reinterpret pc=0x000001f34fa9d6f4 method=org.lwjgl.opengl.WindowsDisplay.doHandleMessage(JIJJJ)J @ 71 c2
Event: 34.845 Thread 0x000001f33e578020 DEOPT PACKING pc=0x000001f34fa9d6f4 sp=0x0000007185bfe520
Event: 34.845 Thread 0x000001f33e578020 DEOPT UNPACKING pc=0x000001f34f4d6d9d sp=0x0000007185bfe488 mode 2

Classes loaded (20 events):
Event: 2.565 Loading class sun/util/logging/resources/logging_en
Event: 2.565 Loading class sun/util/logging/resources/logging_en done
Event: 2.568 Loading class sun/util/logging/resources/logging_en_US
Event: 2.568 Loading class sun/util/logging/resources/logging_en_US done
Event: 2.568 Loading class sun/util/logging/resources/logging_en_US
Event: 2.568 Loading class sun/util/logging/resources/logging_en_US done
Event: 2.574 Loading class java/util/Formatter$DateTime
Event: 2.574 Loading class java/util/Formatter$DateTime done
Event: 2.574 Loading class java/util/Formatter$FixedString
Event: 2.574 Loading class java/util/Formatter$FixedString done
Event: 2.575 Loading class java/time/ZonedDateTime$1
Event: 2.575 Loading class java/time/ZonedDateTime$1 done
Event: 2.582 Loading class sun/text/resources/cldr/FormatData_en
Event: 2.583 Loading class sun/text/resources/cldr/FormatData_en done
Event: 2.583 Loading class sun/text/resources/cldr/FormatData_en_US
Event: 2.583 Loading class sun/text/resources/cldr/FormatData_en_US done
Event: 3.657 Loading class jdk/internal/event/ThreadSleepEvent
Event: 3.662 Loading class jdk/internal/event/Event
Event: 3.662 Loading class jdk/internal/event/Event done
Event: 3.662 Loading class jdk/internal/event/ThreadSleepEvent done

Classes unloaded (0 events):
No events

Classes redefined (0 events):
No events

Internal exceptions (20 events):
Event: 1.435 Thread 0x000001f33e578020 Exception <a 'java/lang/NoSuchMethodError'{0x00000000a5d366f8}: 'int java.lang.invoke.Invokers$Holder.invokeExact_MT(java.lang.Object, java.lang.Object)'> (0x00000000a5d366f8) 
thrown [s\src\hotspot\share\interpreter\linkResolver.cpp, line 774]
Event: 2.313 Thread 0x000001f33e578020 Exception <a 'java/lang/NoSuchMethodError'{0x00000000a5f5dfc0}: 'java.lang.Object java.lang.invoke.DirectMethodHandle$Holder.invokeStaticInit(java.lang.Object, java.lang.Object, java.lang.Object, java.lang.Object, java.lang.Object, java.lang.Object, java.lang.Object)'> (0x00000000a5f5dfc0) 
thrown [s\src\hotspot\share\interpreter\linkResolver.cpp, line 774]
Event: 2.316 Thread 0x000001f33e578020 Exception <a 'java/lang/NoSuchMethodError'{0x00000000a5f72268}: 'java.lang.Object java.lang.invoke.Invokers$Holder.invoke_MT(java.lang.Object, java.lang.Object, java.lang.Object, java.lang.Object, java.lang.Object, java.lang.Object, java.lang.Object, java.lang.Object, java.lang.Object, java.lang.Object, java.lang.Object)'> (0x00000000a5f72268) 
thrown [s\src\hotspot\share\interpreter\linkResolver.cpp, line 774]
Event: 2.320 Thread 0x000001f33e578020 Exception <a 'java/lang/NoSuchMethodError'{0x00000000a5f78d08}: 'java.lang.Object java.lang.invoke.DirectMethodHandle$Holder.invokeStatic(java.lang.Object, java.lang.Object, int)'> (0x00000000a5f78d08) 
thrown [s\src\hotspot\share\interpreter\linkResolver.cpp, line 774]
Event: 2.354 Thread 0x000001f33e578020 Exception <a 'java/lang/NoSuchMethodError'{0x00000000a5f920b0}: 'void java.lang.invoke.DelegatingMethodHandle$Holder.delegate(java.lang.Object, java.lang.Object, int, java.lang.Object)'> (0x00000000a5f920b0) 
thrown [s\src\hotspot\share\interpreter\linkResolver.cpp, line 774]
Event: 2.355 Thread 0x000001f33e578020 Exception <a 'java/lang/NoSuchMethodError'{0x00000000a5f966a0}: 'int java.lang.invoke.DirectMethodHandle$Holder.invokeSpecial(java.lang.Object, java.lang.Object, java.lang.Object)'> (0x00000000a5f966a0) 
thrown [s\src\hotspot\share\interpreter\linkResolver.cpp, line 774]
Event: 2.372 Thread 0x000001f33e578020 Exception <a 'java/lang/NoSuchMethodError'{0x00000000a5fba158}: 'int java.lang.invoke.DirectMethodHandle$Holder.invokeVirtual(java.lang.Object, java.lang.Object, java.lang.Object)'> (0x00000000a5fba158) 
thrown [s\src\hotspot\share\interpreter\linkResolver.cpp, line 774]
Event: 2.373 Thread 0x000001f33e578020 Exception <a 'java/lang/NoSuchMethodError'{0x00000000a5fbda28}: 'int java.lang.invoke.DirectMethodHandle$Holder.invokeVirtual(java.lang.Object, java.lang.Object)'> (0x00000000a5fbda28) 
thrown [s\src\hotspot\share\interpreter\linkResolver.cpp, line 774]
Event: 2.377 Thread 0x000001f33e578020 Exception <a 'java/lang/NoSuchMethodError'{0x00000000a5fc20d0}: 'int java.lang.invoke.DirectMethodHandle$Holder.invokeStaticInit(java.lang.Object, java.lang.Object, java.lang.Object)'> (0x00000000a5fc20d0) 
thrown [s\src\hotspot\share\interpreter\linkResolver.cpp, line 774]
Event: 2.379 Thread 0x000001f33e578020 Exception <a 'java/lang/NoSuchMethodError'{0x00000000a5fc5768}: 'int java.lang.invoke.DirectMethodHandle$Holder.invokeStaticInit(java.lang.Object, int, int)'> (0x00000000a5fc5768) 
thrown [s\src\hotspot\share\interpreter\linkResolver.cpp, line 774]
Event: 2.381 Thread 0x000001f33e578020 Exception <a 'java/lang/NoSuchMethodError'{0x00000000a5fcce00}: 'int java.lang.invoke.DirectMethodHandle$Holder.invokeStaticInit(java.lang.Object, long, long)'> (0x00000000a5fcce00) 
thrown [s\src\hotspot\share\interpreter\linkResolver.cpp, line 774]
Event: 2.386 Thread 0x000001f33e578020 Exception <a 'java/lang/NoSuchMethodError'{0x00000000a5fd3bf8}: 'int java.lang.invoke.DirectMethodHandle$Holder.invokeStaticInit(java.lang.Object, float, float)'> (0x00000000a5fd3bf8) 
thrown [s\src\hotspot\share\interpreter\linkResolver.cpp, line 774]
Event: 2.390 Thread 0x000001f33e578020 Exception <a 'java/lang/NoSuchMethodError'{0x00000000a5fda7a8}: 'int java.lang.invoke.DirectMethodHandle$Holder.invokeStaticInit(java.lang.Object, double, double)'> (0x00000000a5fda7a8) 
thrown [s\src\hotspot\share\interpreter\linkResolver.cpp, line 774]
Event: 2.394 Thread 0x000001f33e578020 Exception <a 'java/lang/NoSuchMethodError'{0x00000000a5fdf178}: 'int java.lang.invoke.DirectMethodHandle$Holder.invokeStatic(java.lang.Object, long)'> (0x00000000a5fdf178) 
thrown [s\src\hotspot\share\interpreter\linkResolver.cpp, line 774]
Event: 2.482 Thread 0x000001f33e578020 Exception <a 'java/lang/NoSuchMethodError'{0x00000000a5eb55b8}: 'java.lang.Object java.lang.invoke.DirectMethodHandle$Holder.invokeSpecial(java.lang.Object, java.lang.Object, java.lang.Object, java.lang.Object, java.lang.Object, int)'> (0x00000000a5eb55b8) 
thrown [s\src\hotspot\share\interpreter\linkResolver.cpp, line 774]
Event: 2.483 Thread 0x000001f33e578020 Exception <a 'java/lang/NoSuchMethodError'{0x00000000a5eb9008}: 'java.lang.Object java.lang.invoke.Invokers$Holder.linkToTargetMethod(java.lang.Object, java.lang.Object, java.lang.Object, int, java.lang.Object)'> (0x00000000a5eb9008) 
thrown [s\src\hotspot\share\interpreter\linkResolver.cpp, line 774]
Event: 2.536 Thread 0x000001f33e578020 Exception <a 'java/lang/NoSuchMethodError'{0x00000000a5efa140}: 'java.lang.Object java.lang.invoke.DirectMethodHandle$Holder.invokeStaticInit(java.lang.Object)'> (0x00000000a5efa140) 
thrown [s\src\hotspot\share\interpreter\linkResolver.cpp, line 774]
Event: 2.543 Thread 0x000001f33e578020 Exception <a 'java/lang/NoSuchMethodError'{0x00000000a5d055b0}: 'void java.lang.invoke.DirectMethodHandle$Holder.invokeSpecial(java.lang.Object, java.lang.Object, java.lang.Object)'> (0x00000000a5d055b0) 
thrown [s\src\hotspot\share\interpreter\linkResolver.cpp, line 774]
Event: 2.560 Thread 0x000001f33e578020 Exception <a 'java/lang/ClassNotFoundException'{0x00000000a5d27ef8}: sun/util/logging/resources/spi/loggingProvider> (0x00000000a5d27ef8) 
thrown [s\src\hotspot\share\classfile\systemDictionary.cpp, line 255]
Event: 3.282 Thread 0x000001f33e578020 Exception <a 'java/lang/NoSuchMethodError'{0x00000000a5fc0348}: 'void java.lang.invoke.DirectMethodHandle$Holder.invokeVirtual(java.lang.Object, java.lang.Object)'> (0x00000000a5fc0348) 
thrown [s\src\hotspot\share\interpreter\linkResolver.cpp, line 774]

VM Operations (20 events):
Event: 10.200 Executing VM operation: Cleanup done
Event: 12.200 Executing VM operation: Cleanup
Event: 12.200 Executing VM operation: Cleanup done
Event: 14.201 Executing VM operation: Cleanup
Event: 14.201 Executing VM operation: Cleanup done
Event: 16.201 Executing VM operation: Cleanup
Event: 16.201 Executing VM operation: Cleanup done
Event: 18.202 Executing VM operation: Cleanup
Event: 18.202 Executing VM operation: Cleanup done
Event: 21.203 Executing VM operation: Cleanup
Event: 21.203 Executing VM operation: Cleanup done
Event: 25.204 Executing VM operation: Cleanup
Event: 25.204 Executing VM operation: Cleanup done
Event: 28.205 Executing VM operation: Cleanup
Event: 28.205 Executing VM operation: Cleanup done
Event: 31.207 Executing VM operation: Cleanup
Event: 31.207 Executing VM operation: Cleanup done
Event: 34.207 Executing VM operation: Cleanup
Event: 34.207 Executing VM operation: Cleanup done
Event: 35.078 Executing VM operation: Exit

Events (15 events):
Event: 0.096 Thread 0x000001f33e578020 Thread added: 0x000001f33e578020
Event: 0.155 Thread 0x000001f35cffb120 Thread added: 0x000001f35cffb120
Event: 0.155 Thread 0x000001f35cffce00 Thread added: 0x000001f35cffce00
Event: 0.157 Thread 0x000001f35cffdad0 Thread added: 0x000001f35cffdad0
Event: 0.157 Thread 0x000001f35d000410 Thread added: 0x000001f35d000410
Event: 0.157 Thread 0x000001f35d000d40 Thread added: 0x000001f35d000d40
Event: 0.158 Thread 0x000001f35d001670 Thread added: 0x000001f35d001670
Event: 0.158 Thread 0x000001f35d0042e0 Thread added: 0x000001f35d0042e0
Event: 0.169 Thread 0x000001f35d071510 Thread added: 0x000001f35d071510
Event: 0.169 Thread 0x000001f35d072aa0 Thread added: 0x000001f35d072aa0
Event: 0.321 Thread 0x000001f35d09ea60 Thread added: 0x000001f35d09ea60
Event: 0.328 Thread 0x000001f361431060 Thread added: 0x000001f361431060
Event: 3.360 Thread 0x000001f367ef41a0 Thread added: 0x000001f367ef41a0
Event: 35.077 Thread 0x000001f3617b3250 Thread added: 0x000001f3617b3250
Event: 35.078 Thread 0x000001f35cffdad0 Thread exited: 0x000001f35cffdad0


Dynamic libraries:
0x00007ff7fd0b0000 - 0x00007ff7fd0bd000 	E:\Users\toniw\.jdks\corretto-19.0.2\bin\java.exe
0x00007ffee7890000 - 0x00007ffee7aa6000 	E:\Windows\SYSTEM32\ntdll.dll
0x00007ffee5fa0000 - 0x00007ffee6064000 	E:\Windows\System32\KERNEL32.DLL
0x00007ffee50c0000 - 0x00007ffee5466000 	E:\Windows\System32\KERNELBASE.dll
0x00007ffee4bd0000 - 0x00007ffee4ce1000 	E:\Windows\System32\ucrtbase.dll
0x00007ffecc0b0000 - 0x00007ffecc0c7000 	E:\Users\toniw\.jdks\corretto-19.0.2\bin\jli.dll
0x00007ffee7380000 - 0x00007ffee752d000 	E:\Windows\System32\USER32.dll
0x00007ffee4cf0000 - 0x00007ffee4d16000 	E:\Windows\System32\win32u.dll
0x00007ffee7820000 - 0x00007ffee7849000 	E:\Windows\System32\GDI32.dll
0x00007ffee4d20000 - 0x00007ffee4e38000 	E:\Windows\System32\gdi32full.dll
0x00007ffee4e40000 - 0x00007ffee4eda000 	E:\Windows\System32\msvcp_win.dll
0x00007ffecdac0000 - 0x00007ffecdad5000 	E:\Users\toniw\.jdks\corretto-19.0.2\bin\VCRUNTIME140.dll
0x00007ffee36f0000 - 0x00007ffee3983000 	E:\Windows\WinSxS\amd64_microsoft.windows.common-controls_6595b64144ccf1df_6.0.22621.3235_none_270f74e173860f98\COMCTL32.dll
0x00007ffee7550000 - 0x00007ffee75f7000 	E:\Windows\System32\msvcrt.dll
0x00007ffee5e00000 - 0x00007ffee5e31000 	E:\Windows\System32\IMM32.DLL
0x00007ffeadbb0000 - 0x00007ffeadc4b000 	E:\Users\toniw\.jdks\corretto-19.0.2\bin\msvcp140.dll
0x00007ffe5a070000 - 0x00007ffe5ad49000 	E:\Users\toniw\.jdks\corretto-19.0.2\bin\server\jvm.dll
0x00007ffee5d40000 - 0x00007ffee5df2000 	E:\Windows\System32\ADVAPI32.dll
0x00007ffee5ab0000 - 0x00007ffee5b58000 	E:\Windows\System32\sechost.dll
0x00007ffee5090000 - 0x00007ffee50b8000 	E:\Windows\System32\bcrypt.dll
0x00007ffee6940000 - 0x00007ffee6a55000 	E:\Windows\System32\RPCRT4.dll
0x00007ffeae650000 - 0x00007ffeae659000 	E:\Windows\SYSTEM32\WSOCK32.dll
0x00007ffee55e0000 - 0x00007ffee5651000 	E:\Windows\System32\WS2_32.dll
0x00007ffeda700000 - 0x00007ffeda734000 	E:\Windows\SYSTEM32\WINMM.dll
0x00007ffeddf00000 - 0x00007ffeddf0a000 	E:\Windows\SYSTEM32\VERSION.dll
0x00007ffee3460000 - 0x00007ffee3478000 	E:\Windows\SYSTEM32\kernel.appcore.dll
0x00007ffed58b0000 - 0x00007ffed58ba000 	E:\Users\toniw\.jdks\corretto-19.0.2\bin\jimage.dll
0x00007ffee4350000 - 0x00007ffee4583000 	E:\Windows\SYSTEM32\DBGHELP.DLL
0x00007ffee6ff0000 - 0x00007ffee7378000 	E:\Windows\System32\combase.dll
0x00007ffee5c60000 - 0x00007ffee5d37000 	E:\Windows\System32\OLEAUT32.dll
0x00007ffee4080000 - 0x00007ffee40b2000 	E:\Windows\SYSTEM32\dbgcore.DLL
0x00007ffee5010000 - 0x00007ffee508a000 	E:\Windows\System32\bcryptPrimitives.dll
0x00007ffeadb80000 - 0x00007ffeadba6000 	E:\Users\toniw\.jdks\corretto-19.0.2\bin\java.dll
0x00007ffeadaa0000 - 0x00007ffeadb76000 	E:\Users\toniw\.jdks\corretto-19.0.2\bin\jsvml.dll
0x00007ffee60e0000 - 0x00007ffee693d000 	E:\Windows\System32\SHELL32.dll
0x00007ffee2450000 - 0x00007ffee2d48000 	E:\Windows\SYSTEM32\windows.storage.dll
0x00007ffee2310000 - 0x00007ffee244e000 	E:\Windows\SYSTEM32\wintypes.dll
0x00007ffee5b60000 - 0x00007ffee5c53000 	E:\Windows\System32\SHCORE.dll
0x00007ffee77c0000 - 0x00007ffee781e000 	E:\Windows\System32\shlwapi.dll
0x00007ffee4b00000 - 0x00007ffee4b26000 	E:\Windows\SYSTEM32\profapi.dll
0x00007ffeada60000 - 0x00007ffeada73000 	E:\Users\toniw\.jdks\corretto-19.0.2\bin\net.dll
0x00007ffed9570000 - 0x00007ffed96a7000 	E:\Windows\SYSTEM32\WINHTTP.dll
0x00007ffee3cc0000 - 0x00007ffee3d29000 	E:\Windows\system32\mswsock.dll
0x00007ffeada40000 - 0x00007ffeada55000 	E:\Users\toniw\.jdks\corretto-19.0.2\bin\nio.dll
0x00007ffeada80000 - 0x00007ffeada98000 	E:\Users\toniw\.jdks\corretto-19.0.2\bin\zip.dll
0x00007ffec8e50000 - 0x00007ffec8e60000 	E:\Users\toniw\.jdks\corretto-19.0.2\bin\verify.dll
0x0000000180000000 - 0x0000000180053000 	D:\JavaProjects\Terrain\libs\lwjgl-2.9.3\native\windows\lwjgl64.dll
0x00007ffea31c0000 - 0x00007ffea32c0000 	E:\Windows\SYSTEM32\OPENGL32.dll
0x00007ffea3190000 - 0x00007ffea31bd000 	E:\Windows\SYSTEM32\GLU32.dll
0x00007ffee1aa0000 - 0x00007ffee1ad9000 	E:\Windows\SYSTEM32\dxcore.dll
0x00007ffedc5c0000 - 0x00007ffedc67c000 	E:\Windows\SYSTEM32\mscms.dll
0x00007ffee57e0000 - 0x00007ffee5890000 	E:\Windows\System32\clbcatq.dll
0x00007ffee48a0000 - 0x00007ffee48ee000 	E:\Windows\SYSTEM32\cfgmgr32.dll
0x00007ffee1990000 - 0x00007ffee1a3b000 	E:\Windows\system32\uxtheme.dll
0x00007ffee5e40000 - 0x00007ffee5f94000 	E:\Windows\System32\MSCTF.dll
0x00007ffed5d00000 - 0x00007ffed5e4a000 	E:\Windows\SYSTEM32\textinputframework.dll
0x00007ffee1150000 - 0x00007ffee1284000 	E:\Windows\SYSTEM32\CoreMessaging.dll
0x00007ffeddff0000 - 0x00007ffede35c000 	E:\Windows\SYSTEM32\CoreUIComponents.dll
0x00007ffee3f10000 - 0x00007ffee3f1c000 	E:\Windows\SYSTEM32\CRYPTBASE.DLL
0x000000006bd20000 - 0x000000006df5d000 	E:\Windows\System32\DriverStore\FileRepository\nv_ref_pubwu.inf_amd64_708ec8f9a4d134c6\nvoglv64.dll
0x00007ffee6b70000 - 0x00007ffee6fe4000 	E:\Windows\System32\SETUPAPI.dll
0x00007ffee5900000 - 0x00007ffee5a9f000 	E:\Windows\System32\ole32.dll
0x00007ffee3430000 - 0x00007ffee3444000 	E:\Windows\SYSTEM32\WTSAPI32.dll
0x00007ffee4870000 - 0x00007ffee489c000 	E:\Windows\SYSTEM32\DEVOBJ.dll
0x00007ffee4fa0000 - 0x00007ffee500b000 	E:\Windows\System32\WINTRUST.dll
0x00007ffee5470000 - 0x00007ffee55d6000 	E:\Windows\System32\CRYPT32.dll
0x00007ffee4920000 - 0x00007ffee4932000 	E:\Windows\SYSTEM32\MSASN1.dll
0x00007ffee41c0000 - 0x00007ffee41f4000 	E:\Windows\SYSTEM32\ntmarta.dll
0x00007ffee1c10000 - 0x00007ffee1c3b000 	E:\Windows\system32\dwmapi.dll
0x00007ffeb86c0000 - 0x00007ffeb8709000 	E:\Windows\SYSTEM32\icm32.dll
0x00007ffee4200000 - 0x00007ffee424d000 	E:\Windows\SYSTEM32\powrprof.dll
0x00007ffee3fb0000 - 0x00007ffee3fc3000 	E:\Windows\SYSTEM32\UMPDC.dll
0x00007ffee3680000 - 0x00007ffee36e6000 	E:\Windows\SYSTEM32\WINSTA.dll
0x00007ffeb2630000 - 0x00007ffeb27d9000 	E:\Users\toniw\.jdks\corretto-19.0.2\bin\awt.dll
0x00007ffee17f0000 - 0x00007ffee1887000 	E:\Windows\SYSTEM32\apphelp.dll
0x00007ffec09c0000 - 0x00007ffec0a0e000 	E:\Windows\System32\Windows.Internal.Graphics.Display.DisplayColorManagement.dll

dbghelp: loaded successfully - version: 4.0.5 - missing functions: none
symbol engine: initialized successfully - sym options: 0x614 - pdb path: .;E:\Users\toniw\.jdks\corretto-19.0.2\bin;E:\Windows\SYSTEM32;E:\Windows\WinSxS\amd64_microsoft.windows.common-controls_6595b64144ccf1df_6.0.22621.3235_none_270f74e173860f98;E:\Users\toniw\.jdks\corretto-19.0.2\bin\server;D:\JavaProjects\Terrain\libs\lwjgl-2.9.3\native\windows;E:\Windows\System32\DriverStore\FileRepository\nv_ref_pubwu.inf_amd64_708ec8f9a4d134c6

VM Arguments:
jvm_args: -Djava.library.path=libs/lwjgl-2.9.3/native/windows/ -Dfile.encoding=windows-1251 -Duser.country=US -Duser.language=en -Duser.variant 
java_command: org.darkness.Main
java_class_path (initial): D:\JavaProjects\Terrain\build\classes\java\main;D:\JavaProjects\Terrain\build\resources\main;D:\JavaProjects\Terrain\libs\slick\slick-util.jar;D:\JavaProjects\Terrain\libs\slick\slick2d-core-1.0.2.jar;D:\JavaProjects\Terrain\libs\slick\jogg-0.0.7.jar;D:\JavaProjects\Terrain\libs\slick\jorbis-0.0.15.jar;D:\JavaProjects\Terrain\libs\lwjgl-2.9.3\jar\AppleJavaExtensions.jar;D:\JavaProjects\Terrain\libs\lwjgl-2.9.3\jar\asm-debug-all.jar;D:\JavaProjects\Terrain\libs\lwjgl-2.9.3\jar\jinput.jar;D:\JavaProjects\Terrain\libs\lwjgl-2.9.3\jar\lwjgl.jar;D:\JavaProjects\Terrain\libs\lwjgl-2.9.3\jar\lwjgl_test.jar;D:\JavaProjects\Terrain\libs\lwjgl-2.9.3\jar\lwjgl_util.jar;D:\JavaProjects\Terrain\libs\lwjgl-2.9.3\jar\lwjgl_util_applet.jar;D:\JavaProjects\Terrain\libs\lwjgl-2.9.3\jar\lwjgl-debug.jar;D:\JavaProjects\Terrain\libs\lwjgl-2.9.3\jar\lzma.jar;D:\JavaProjects\Terrain\libs\lwjgl-2.9.3\jar\substance-7.2.1.jar;D:\JavaProjects\Terrain\libs\lwjgl-2.9.3\jar\trident-7.2.1.jar;D:\JavaProjects\Terrain\libs\lwjgl-2.9.3\jar\laf-plugin-7.21.jar;D:\JavaProjects\Terrain\libs\lwjgl-2.9.3\jar\laf-widget-7.2.1.jar;E:\Users\toniw\.gradle\caches\modules-2\files-2.1\org.jetbrains\annotations\24.1.0\7af6a669488450c4a07c2c3254e2151df42d7d04\annotations-24.1.0.jar
Launcher Type: SUN_STANDARD

[Global flags]
     intx CICompilerCount                          = 2                                         {product} {ergonomic}
     uint ConcGCThreads                            = 1                                         {product} {ergonomic}
     uint G1ConcRefinementThreads                  = 2                                         {product} {ergonomic}
   size_t G1HeapRegionSize                         = 1048576                                   {product} {ergonomic}
    uintx GCDrainStackTargetSize                   = 64                                        {product} {ergonomic}
   size_t InitialHeapSize                          = 100663296                                 {product} {ergonomic}
   size_t MarkStackSize                            = 4194304                                   {product} {ergonomic}
   size_t MaxHeapSize                              = 1610612736                                {product} {ergonomic}
   size_t MaxNewSize                               = 965738496                                 {product} {ergonomic}
   size_t MinHeapDeltaBytes                        = 1048576                                   {product} {ergonomic}
   size_t MinHeapSize                              = 8388608                                   {product} {ergonomic}
    uintx NonNMethodCodeHeapSize                   = 5826188                                {pd product} {ergonomic}
    uintx NonProfiledCodeHeapSize                  = 122916026                              {pd product} {ergonomic}
    uintx ProfiledCodeHeapSize                     = 122916026                              {pd product} {ergonomic}
    uintx ReservedCodeCacheSize                    = 251658240                              {pd product} {ergonomic}
     bool SegmentedCodeCache                       = true                                      {product} {ergonomic}
   size_t SoftMaxHeapSize                          = 1610612736                             {manageable} {ergonomic}
     bool UseCompressedClassPointers               = true                           {product lp64_product} {ergonomic}
     bool UseCompressedOops                        = true                           {product lp64_product} {ergonomic}
     bool UseG1GC                                  = true                                      {product} {ergonomic}
     bool UseLargePagesIndividualAllocation        = false                                  {pd product} {ergonomic}

Logging:
Log output configuration:
 #0: stdout all=warning uptime,level,tags foldmultilines=false
 #1: stderr all=off uptime,level,tags foldmultilines=false

Environment Variables:
PATH=E:\Program Files\Common Files\Oracle\Java\javapath;E:\Program Files (x86)\Common Files\Oracle\Java\javapath;E:\Windows\system32;E:\Windows;E:\Windows\System32\Wbem;E:\Windows\System32\WindowsPowerShell\v1.0\;E:\Windows\System32\OpenSSH\;E:\Program Files\dotnet\;E:\Program Files\Microsoft SQL Server\150\Tools\Binn\;E:\Program Files\Microsoft SQL Server\Client SDK\ODBC\170\Tools\Binn\;E:\Program Files\Git\cmd;E:\Users\toniw\AppData\Local\Programs\Python\Python311\Scripts\;E:\Users\toniw\AppData\Local\Programs\Python\Python311\;E:\Users\toniw\AppData\Local\Microsoft\WindowsApps;E:\Program Files\JetBrains\IntelliJ IDEA Community Edition 2023.3.4\bin;;E:\Users\toniw\AppData\Local\Programs\Microsoft VS Code\bin;E:\Users\toniw\.dotnet\tools;E:\Users\toniw\AppData\Local\GitHubDesktop\bin
USERNAME=toniw
OS=Windows_NT
PROCESSOR_IDENTIFIER=AMD64 Family 15 Model 67 Stepping 3, AuthenticAMD
TMP=E:\Users\toniw\AppData\Local\Temp
TEMP=E:\Users\toniw\AppData\Local\Temp



---------------  S Y S T E M  ---------------

OS:
 Windows 11 , 64 bit Build 22621 (10.0.22621.3235)
OS uptime: 0 days 5:11 hours

CPU: total 2 (initial active 2) (2 cores per cpu, 1 threads per core) family 15 model 67 stepping 3 microcode 0x0, cx8, cmov, fxsr, mmx, 3dnowpref, sse, sse2, sse3, tsc, clflush, rdtscp

Memory: 4k page, system-wide physical 6143M (763M free)
TotalPageFile size 16127M (AvailPageFile size 8468M)
current process WorkingSet (physical memory assigned to process): 83M, peak: 103M
current process commit charge ("private bytes"): 211M, peak: 232M

vm_info: OpenJDK 64-Bit Server VM (19.0.2+7-FR) for windows-amd64 JRE (19.0.2+7-FR), built on Jan 13 2023 22:53:32 by "Administrator" with MS VC++ 15.9 (VS2017)

END.
